0 verbose cli /usr/bin/node /usr/bin/npm
1 info using npm@9.2.0
2 info using node@v18.19.1
3 timing npm:load:whichnode Completed in 0ms
4 timing config:load:defaults Completed in 4ms
5 timing config:load:file:/usr/share/nodejs/npm/npmrc Completed in 3ms
6 timing config:load:builtin Completed in 3ms
7 timing config:load:cli Completed in 3ms
8 timing config:load:env Completed in 1ms
9 timing config:load:file:/root/.cache/typescript/5.9/.npmrc Completed in 0ms
10 timing config:load:project Completed in 3ms
11 timing config:load:file:/root/.npmrc Completed in 0ms
12 timing config:load:user Completed in 1ms
13 timing config:load:file:/etc/npmrc Completed in 0ms
14 timing config:load:global Completed in 0ms
15 timing config:load:setEnvs Completed in 2ms
16 timing config:load Completed in 18ms
17 timing npm:load:configload Completed in 18ms
18 timing npm:load:mkdirpcache Completed in 1ms
19 timing npm:load:mkdirplogs Completed in 0ms
20 verbose title npm install types-registry@latest
21 verbose argv "install" "--ignore-scripts" "types-registry@latest"
22 timing npm:load:setTitle Completed in 2ms
23 timing config:load:flatten Completed in 6ms
24 timing npm:load:display Completed in 9ms
25 verbose logfile logs-max:10 dir:/root/.npm/_logs/2026-05-19T02_50_06_095Z-
26 verbose logfile /root/.npm/_logs/2026-05-19T02_50_06_095Z-debug-0.log
27 timing npm:load:logFile Completed in 14ms
28 timing npm:load:timers Completed in 0ms
29 timing npm:load:configScope Completed in 0ms
30 timing npm:load Completed in 48ms
31 silly logfile start cleaning logs, removing 1 files
32 timing config:load:flatten Completed in 2ms
33 timing arborist:ctor Completed in 2ms
34 silly logfile done cleaning log files
35 timing idealTree:init Completed in 45ms
36 timing arborist:ctor Completed in 0ms
37 http fetch GET 200 https://registry.npmjs.org/types-registry 232ms (cache updated)
38 timing idealTree:userRequests Completed in 252ms
39 silly idealTree buildDeps
40 silly fetch manifest types-registry@0.1.770
41 silly placeDep ROOT types-registry@0.1.770 REPLACE for:  want: 0.1.770
42 timing idealTree:#root Completed in 11ms
43 timing idealTree:node_modules/types-registry Completed in 0ms
44 timing idealTree:buildDeps Completed in 14ms
45 timing idealTree:fixDepFlags Completed in 1ms
46 timing idealTree Completed in 314ms
47 timing reify:loadTrees Completed in 315ms
48 timing reify:diffTrees Completed in 3ms
49 silly reify mark retired [ '/root/.cache/typescript/5.9/node_modules/types-registry' ]
50 silly reify moves {
50 silly reify   '/root/.cache/typescript/5.9/node_modules/types-registry': '/root/.cache/typescript/5.9/node_modules/.types-registry-H5mjSGkF'
50 silly reify }
51 timing reify:retireShallow Completed in 5ms
52 timing reify:createSparse Completed in 1ms
53 timing reify:loadBundles Completed in 0ms
54 silly audit bulk request {
54 silly audit   '@types/node': [ '25.8.0' ],
54 silly audit   'undici-types': [ '7.24.6' ],
54 silly audit   'types-registry': [ '0.1.770' ]
54 silly audit }
55 silly tarball no local data for types-registry@https://registry.npmjs.org/types-registry/-/types-registry-0.1.770.tgz. Extracting by manifest.
56 http fetch GET 200 https://registry.npmjs.org/types-registry/-/types-registry-0.1.770.tgz 134ms (cache miss)
57 timing reifyNode:node_modules/types-registry Completed in 149ms
58 timing reify:unpack Completed in 149ms
59 timing reify:unretire Completed in 0ms
60 timing build:queue Completed in 1ms
61 timing build:deps Completed in 1ms
62 timing build Completed in 1ms
63 timing reify:build Completed in 2ms
64 timing reify:trash Completed in 3ms
65 timing reify:save Completed in 18ms
66 http fetch POST 200 https://registry.npmjs.org/-/npm/v1/security/advisories/bulk 202ms
67 timing auditReport:getReport Completed in 204ms
68 silly audit report {}
69 timing auditReport:init Completed in 0ms
70 timing reify:audit Completed in 205ms
71 timing reify Completed in 537ms
72 silly CHANGE node_modules/types-registry
73 timing command:install Completed in 548ms
74 verbose exit 0
75 timing npm Completed in 624ms
76 info ok
