0 verbose cli /root/.cursor-server/cli/servers/Stable-0cf8b06883f54e26bb4f0fb8647c9500ccb43310/server/node /usr/bin/npm
1 info using npm@9.2.0
2 info using node@v20.18.2
3 timing npm:load:whichnode Completed in 1ms
4 timing config:load:defaults Completed in 2ms
5 timing config:load:file:/usr/share/nodejs/npm/npmrc Completed in 6ms
6 timing config:load:builtin Completed in 6ms
7 timing config:load:cli Completed in 2ms
8 timing config:load:env Completed in 1ms
9 timing config:load:file:/root/pemanager/frontend/.npmrc Completed in 0ms
10 timing config:load:project Completed in 6ms
11 timing config:load:file:/root/.npmrc Completed in 0ms
12 timing config:load:user Completed in 1ms
13 timing config:load:file:/etc/npmrc Completed in 0ms
14 timing config:load:global Completed in 0ms
15 timing config:load:setEnvs Completed in 1ms
16 timing config:load Completed in 20ms
17 timing npm:load:configload Completed in 20ms
18 timing npm:load:mkdirpcache Completed in 1ms
19 timing npm:load:mkdirplogs Completed in 0ms
20 verbose title npm install echarts
21 verbose argv "install" "--save" "echarts"
22 timing npm:load:setTitle Completed in 1ms
23 timing config:load:flatten Completed in 3ms
24 timing npm:load:display Completed in 4ms
25 verbose logfile logs-max:10 dir:/root/.npm/_logs/2026-05-19T03_00_44_134Z-
26 verbose logfile /root/.npm/_logs/2026-05-19T03_00_44_134Z-debug-0.log
27 timing npm:load:logFile Completed in 10ms
28 timing npm:load:timers Completed in 0ms
29 timing npm:load:configScope Completed in 0ms
30 timing npm:load Completed in 38ms
31 silly logfile start cleaning logs, removing 1 files
32 timing config:load:flatten Completed in 1ms
33 timing arborist:ctor Completed in 1ms
34 silly logfile done cleaning log files
35 timing idealTree:init Completed in 183ms
36 timing idealTree:userRequests Completed in 4ms
37 silly idealTree buildDeps
38 silly fetch manifest echarts@*
39 verbose shrinkwrap failed to load node_modules/.package-lock.json out of date, updated: node_modules
40 http fetch GET 200 https://registry.npmjs.org/echarts 258ms (cache miss)
41 silly placeDep ROOT echarts@6.0.0 OK for: frontend@0.0.0 want: *
42 silly fetch manifest tslib@2.3.0
43 silly fetch manifest zrender@6.0.0
44 http fetch GET 200 https://registry.npmjs.org/tslib 55ms (cache revalidated)
45 http fetch GET 200 https://registry.npmjs.org/zrender 182ms (cache miss)
46 timing idealTree:#root Completed in 456ms
47 silly placeDep ROOT tslib@2.3.0 OK for: echarts@6.0.0 want: 2.3.0
48 silly placeDep ROOT zrender@6.0.0 OK for: echarts@6.0.0 want: 6.0.0
49 timing idealTree:node_modules/echarts Completed in 4ms
50 timing idealTree:node_modules/tslib Completed in 0ms
51 timing idealTree:node_modules/zrender Completed in 0ms
52 timing idealTree:buildDeps Completed in 461ms
53 timing idealTree:fixDepFlags Completed in 2ms
54 warn EBADENGINE Unsupported engine {
54 warn EBADENGINE   package: '@babel/generator@8.0.0-rc.5',
54 warn EBADENGINE   required: { node: '^22.18.0 || >=24.11.0' },
54 warn EBADENGINE   current: { node: 'v20.18.2', npm: '9.2.0' }
54 warn EBADENGINE }
55 warn EBADENGINE Unsupported engine {
55 warn EBADENGINE   package: '@babel/helper-string-parser@8.0.0-rc.5',
55 warn EBADENGINE   required: { node: '^22.18.0 || >=24.11.0' },
55 warn EBADENGINE   current: { node: 'v20.18.2', npm: '9.2.0' }
55 warn EBADENGINE }
56 warn EBADENGINE Unsupported engine {
56 warn EBADENGINE   package: '@babel/helper-validator-identifier@8.0.0-rc.5',
56 warn EBADENGINE   required: { node: '^22.18.0 || >=24.11.0' },
56 warn EBADENGINE   current: { node: 'v20.18.2', npm: '9.2.0' }
56 warn EBADENGINE }
57 warn EBADENGINE Unsupported engine {
57 warn EBADENGINE   package: '@babel/parser@8.0.0-rc.5',
57 warn EBADENGINE   required: { node: '^22.18.0 || >=24.11.0' },
57 warn EBADENGINE   current: { node: 'v20.18.2', npm: '9.2.0' }
57 warn EBADENGINE }
58 warn EBADENGINE Unsupported engine {
58 warn EBADENGINE   package: '@babel/types@8.0.0-rc.5',
58 warn EBADENGINE   required: { node: '^22.18.0 || >=24.11.0' },
58 warn EBADENGINE   current: { node: 'v20.18.2', npm: '9.2.0' }
58 warn EBADENGINE }
59 warn EBADENGINE Unsupported engine {
59 warn EBADENGINE   package: '@vue-macros/common@3.1.2',
59 warn EBADENGINE   required: { node: '>=20.19.0' },
59 warn EBADENGINE   current: { node: 'v20.18.2', npm: '9.2.0' }
59 warn EBADENGINE }
60 warn EBADENGINE Unsupported engine {
60 warn EBADENGINE   package: 'ast-kit@2.2.0',
60 warn EBADENGINE   required: { node: '>=20.19.0' },
60 warn EBADENGINE   current: { node: 'v20.18.2', npm: '9.2.0' }
60 warn EBADENGINE }
61 warn EBADENGINE Unsupported engine {
61 warn EBADENGINE   package: 'ast-walker-scope@0.8.3',
61 warn EBADENGINE   required: { node: '>=20.19.0' },
61 warn EBADENGINE   current: { node: 'v20.18.2', npm: '9.2.0' }
61 warn EBADENGINE }
62 warn EBADENGINE Unsupported engine {
62 warn EBADENGINE   package: 'chokidar@5.0.0',
62 warn EBADENGINE   required: { node: '>= 20.19.0' },
62 warn EBADENGINE   current: { node: 'v20.18.2', npm: '9.2.0' }
62 warn EBADENGINE }
63 warn EBADENGINE Unsupported engine {
63 warn EBADENGINE   package: 'readdirp@5.0.0',
63 warn EBADENGINE   required: { node: '>= 20.19.0' },
63 warn EBADENGINE   current: { node: 'v20.18.2', npm: '9.2.0' }
63 warn EBADENGINE }
64 warn EBADENGINE Unsupported engine {
64 warn EBADENGINE   package: 'unplugin@3.0.0',
64 warn EBADENGINE   required: { node: '^20.19.0 || >=22.12.0' },
64 warn EBADENGINE   current: { node: 'v20.18.2', npm: '9.2.0' }
64 warn EBADENGINE }
65 warn EBADENGINE Unsupported engine {
65 warn EBADENGINE   package: 'unplugin-utils@0.3.1',
65 warn EBADENGINE   required: { node: '>=20.19.0' },
65 warn EBADENGINE   current: { node: 'v20.18.2', npm: '9.2.0' }
65 warn EBADENGINE }
66 timing idealTree Completed in 673ms
67 timing reify:loadTrees Completed in 674ms
68 timing reify:diffTrees Completed in 8ms
69 silly reify moves {}
70 timing reify:retireShallow Completed in 1ms
71 timing reify:createSparse Completed in 8ms
72 timing reify:loadBundles Completed in 0ms
73 silly audit bulk request {
73 silly audit   '@babel/generator': [ '8.0.0-rc.5' ],
73 silly audit   '@babel/helper-string-parser': [ '8.0.0-rc.5', '7.27.1' ],
73 silly audit   '@babel/helper-validator-identifier': [ '8.0.0-rc.5', '7.28.5' ],
73 silly audit   '@babel/parser': [ '8.0.0-rc.5', '7.29.3' ],
73 silly audit   '@babel/types': [ '8.0.0-rc.5', '7.29.0' ],
73 silly audit   '@ctrl/tinycolor': [ '4.2.0' ],
73 silly audit   '@element-plus/icons-vue': [ '2.3.2' ],
73 silly audit   '@esbuild/aix-ppc64': [ '0.21.5' ],
73 silly audit   '@esbuild/android-arm': [ '0.21.5' ],
73 silly audit   '@esbuild/android-arm64': [ '0.21.5' ],
73 silly audit   '@esbuild/android-x64': [ '0.21.5' ],
73 silly audit   '@esbuild/darwin-arm64': [ '0.21.5' ],
73 silly audit   '@esbuild/darwin-x64': [ '0.21.5' ],
73 silly audit   '@esbuild/freebsd-arm64': [ '0.21.5' ],
73 silly audit   '@esbuild/freebsd-x64': [ '0.21.5' ],
73 silly audit   '@esbuild/linux-arm': [ '0.21.5' ],
73 silly audit   '@esbuild/linux-arm64': [ '0.21.5' ],
73 silly audit   '@esbuild/linux-ia32': [ '0.21.5' ],
73 silly audit   '@esbuild/linux-loong64': [ '0.21.5' ],
73 silly audit   '@esbuild/linux-mips64el': [ '0.21.5' ],
73 silly audit   '@esbuild/linux-ppc64': [ '0.21.5' ],
73 silly audit   '@esbuild/linux-riscv64': [ '0.21.5' ],
73 silly audit   '@esbuild/linux-s390x': [ '0.21.5' ],
73 silly audit   '@esbuild/linux-x64': [ '0.21.5' ],
73 silly audit   '@esbuild/netbsd-x64': [ '0.21.5' ],
73 silly audit   '@esbuild/openbsd-x64': [ '0.21.5' ],
73 silly audit   '@esbuild/sunos-x64': [ '0.21.5' ],
73 silly audit   '@esbuild/win32-arm64': [ '0.21.5' ],
73 silly audit   '@esbuild/win32-ia32': [ '0.21.5' ],
73 silly audit   '@esbuild/win32-x64': [ '0.21.5' ],
73 silly audit   '@floating-ui/core': [ '1.7.5' ],
73 silly audit   '@floating-ui/dom': [ '1.7.6' ],
73 silly audit   '@floating-ui/utils': [ '0.2.11' ],
73 silly audit   '@jridgewell/gen-mapping': [ '0.3.13' ],
73 silly audit   '@jridgewell/remapping': [ '2.3.5' ],
73 silly audit   '@jridgewell/resolve-uri': [ '3.1.2' ],
73 silly audit   '@jridgewell/sourcemap-codec': [ '1.5.5' ],
73 silly audit   '@jridgewell/trace-mapping': [ '0.3.31' ],
73 silly audit   '@sxzz/popperjs-es': [ '2.11.8' ],
73 silly audit   '@rollup/rollup-android-arm-eabi': [ '4.60.4' ],
73 silly audit   '@rollup/rollup-android-arm64': [ '4.60.4' ],
73 silly audit   '@rollup/rollup-darwin-arm64': [ '4.60.4' ],
73 silly audit   '@rollup/rollup-darwin-x64': [ '4.60.4' ],
73 silly audit   '@rollup/rollup-freebsd-arm64': [ '4.60.4' ],
73 silly audit   '@rollup/rollup-freebsd-x64': [ '4.60.4' ],
73 silly audit   '@rollup/rollup-linux-arm-gnueabihf': [ '4.60.4' ],
73 silly audit   '@rollup/rollup-linux-arm-musleabihf': [ '4.60.4' ],
73 silly audit   '@rollup/rollup-linux-arm64-gnu': [ '4.60.4' ],
73 silly audit   '@rollup/rollup-linux-arm64-musl': [ '4.60.4' ],
73 silly audit   '@rollup/rollup-linux-loong64-gnu': [ '4.60.4' ],
73 silly audit   '@rollup/rollup-linux-loong64-musl': [ '4.60.4' ],
73 silly audit   '@rollup/rollup-linux-ppc64-gnu': [ '4.60.4' ],
73 silly audit   '@rollup/rollup-linux-ppc64-musl': [ '4.60.4' ],
73 silly audit   '@rollup/rollup-linux-riscv64-gnu': [ '4.60.4' ],
73 silly audit   '@rollup/rollup-linux-riscv64-musl': [ '4.60.4' ],
73 silly audit   '@rollup/rollup-linux-s390x-gnu': [ '4.60.4' ],
73 silly audit   '@rollup/rollup-linux-x64-gnu': [ '4.60.4' ],
73 silly audit   '@rollup/rollup-linux-x64-musl': [ '4.60.4' ],
73 silly audit   '@rollup/rollup-openbsd-x64': [ '4.60.4' ],
73 silly audit   '@rollup/rollup-openharmony-arm64': [ '4.60.4' ],
73 silly audit   '@rollup/rollup-win32-arm64-msvc': [ '4.60.4' ],
73 silly audit   '@rollup/rollup-win32-ia32-msvc': [ '4.60.4' ],
73 silly audit   '@rollup/rollup-win32-x64-gnu': [ '4.60.4' ],
73 silly audit   '@rollup/rollup-win32-x64-msvc': [ '4.60.4' ],
73 silly audit   '@types/estree': [ '1.0.8' ],
73 silly audit   '@types/jsesc': [ '2.5.1' ],
73 silly audit   '@types/lodash': [ '4.17.24' ],
73 silly audit   '@types/lodash-es': [ '4.17.12' ],
73 silly audit   '@types/web-bluetooth': [ '0.0.21' ],
73 silly audit   '@vitejs/plugin-vue': [ '5.2.4' ],
73 silly audit   '@vue-macros/common': [ '3.1.2' ],
73 silly audit   '@vue/compiler-core': [ '3.5.34' ],
73 silly audit   '@vue/compiler-dom': [ '3.5.34' ],
73 silly audit   '@vue/compiler-sfc': [ '3.5.34' ],
73 silly audit   '@vue/compiler-ssr': [ '3.5.34' ],
73 silly audit   '@vue/devtools-api': [ '7.7.9', '8.1.2' ],
73 silly audit   '@vue/devtools-kit': [ '7.7.9', '8.1.2' ],
73 silly audit   '@vue/devtools-shared': [ '7.7.9', '8.1.2' ],
73 silly audit   '@vue/reactivity': [ '3.5.34' ],
73 silly audit   '@vue/runtime-core': [ '3.5.34' ],
73 silly audit   '@vue/runtime-dom': [ '3.5.34' ],
73 silly audit   '@vue/server-renderer': [ '3.5.34' ],
73 silly audit   '@vue/shared': [ '3.5.34' ],
73 silly audit   '@vueuse/core': [ '14.3.0' ],
73 silly audit   '@vueuse/metadata': [ '14.3.0' ],
73 silly audit   '@vueuse/shared': [ '14.3.0' ],
73 silly audit   acorn: [ '8.16.0' ],
73 silly audit   'agent-base': [ '6.0.2' ],
73 silly audit   'ast-kit': [ '2.2.0' ],
73 silly audit   'ast-walker-scope': [ '0.8.3' ],
73 silly audit   'async-validator': [ '4.2.5' ],
73 silly audit   asynckit: [ '0.4.0' ],
73 silly audit   axios: [ '1.16.1' ],
73 silly audit   birpc: [ '2.9.0' ],
73 silly audit   'call-bind-apply-helpers': [ '1.0.2' ],
73 silly audit   chokidar: [ '5.0.0' ],
73 silly audit   'combined-stream': [ '1.0.8' ],
73 silly audit   confbox: [ '0.2.4', '0.1.8' ],
73 silly audit   'copy-anything': [ '4.0.5' ],
73 silly audit   csstype: [ '3.2.3' ],
73 silly audit   dayjs: [ '1.11.20' ],
73 silly audit   debug: [ '4.4.3' ],
73 silly audit   'delayed-stream': [ '1.0.0' ],
73 silly audit   'dunder-proto': [ '1.0.1' ],
73 silly audit   'element-plus': [ '2.14.0' ],
73 silly audit   entities: [ '7.0.1' ],
73 silly audit   'es-define-property': [ '1.0.1' ],
73 silly audit   'es-errors': [ '1.3.0' ],
73 silly audit   'es-object-atoms': [ '1.1.1' ],
73 silly audit   'es-set-tostringtag': [ '2.1.0' ],
73 silly audit   esbuild: [ '0.21.5' ],
73 silly audit   'estree-walker': [ '2.0.2' ],
73 silly audit   exsolve: [ '1.0.8' ],
73 silly audit   fdir: [ '6.5.0' ],
73 silly audit   'follow-redirects': [ '1.16.0' ],
73 silly audit   'form-data': [ '4.0.5' ],
73 silly audit   fsevents: [ '2.3.3' ],
73 silly audit   'function-bind': [ '1.1.2' ],
73 silly audit   'get-intrinsic': [ '1.3.0' ],
73 silly audit   'get-proto': [ '1.0.1' ],
73 silly audit   gopd: [ '1.2.0' ],
73 silly audit   'has-symbols': [ '1.1.0' ],
73 silly audit   'has-tostringtag': [ '1.0.2' ],
73 silly audit   hasown: [ '2.0.3' ],
73 silly audit   hookable: [ '5.5.3' ],
73 silly audit   'https-proxy-agent': [ '5.0.1' ],
73 silly audit   'is-what': [ '5.5.0' ],
73 silly audit   jsesc: [ '3.1.0' ],
73 silly audit   json5: [ '2.2.3' ],
73 silly audit   'local-pkg': [ '1.1.2' ],
73 silly audit   lodash: [ '4.18.1' ],
73 silly audit   'lodash-es': [ '4.18.1' ],
73 silly audit   'lodash-unified': [ '1.0.3' ],
73 silly audit   'magic-string': [ '0.30.21' ],
73 silly audit   'magic-string-ast': [ '1.0.2' ],
73 silly audit   'math-intrinsics': [ '1.1.0' ],
73 silly audit   'memoize-one': [ '6.0.0' ],
73 silly audit   'mime-db': [ '1.52.0' ],
73 silly audit   'mime-types': [ '2.1.35' ],
73 silly audit   mitt: [ '3.0.1' ],
73 silly audit   mlly: [ '1.8.2' ],
73 silly audit   'pkg-types': [ '1.3.1', '2.3.1' ],
73 silly audit   ms: [ '2.1.3' ],
73 silly audit   'muggle-string': [ '0.4.1' ],
73 silly audit   nanoid: [ '3.3.12' ],
73 silly audit   'normalize-wheel-es': [ '1.2.0' ],
73 silly audit   pathe: [ '2.0.3' ],
73 silly audit   'perfect-debounce': [ '1.0.0', '2.1.0' ],
73 silly audit   picocolors: [ '1.1.1' ],
73 silly audit   picomatch: [ '4.0.4' ],
73 silly audit   pinia: [ '3.0.4' ],
73 silly audit   postcss: [ '8.5.14' ],
73 silly audit   'proxy-from-env': [ '2.1.0' ],
73 silly audit   quansync: [ '0.2.11' ],
73 silly audit   readdirp: [ '5.0.0' ],
73 silly audit   rfdc: [ '1.4.1' ],
73 silly audit   rollup: [ '4.60.4' ],
73 silly audit   scule: [ '1.3.0' ],
73 silly audit   'source-map-js': [ '1.2.1' ],
73 silly audit   speakingurl: [ '14.0.1' ],
73 silly audit   superjson: [ '2.2.6' ],
73 silly audit   tinyglobby: [ '0.2.16' ],
73 silly audit   ufo: [ '1.6.4' ],
73 silly audit   unplugin: [ '3.0.0' ],
73 silly audit   'unplugin-utils': [ '0.3.1' ],
73 silly audit   vite: [ '5.4.21' ],
73 silly audit   vue: [ '3.5.34' ],
73 silly audit   'vue-component-type-helpers': [ '3.2.9' ],
73 silly audit   'vue-router': [ '5.0.7' ],
73 silly audit   'webpack-virtual-modules': [ '0.6.2' ],
73 silly audit   yaml: [ '2.9.0' ],
73 silly audit   echarts: [ '6.0.0' ],
73 silly audit   tslib: [ '2.3.0' ],
73 silly audit   zrender: [ '6.0.0' ]
73 silly audit }
74 verbose reify failed optional dependency /root/pemanager/frontend/node_modules/fsevents
75 silly reify mark deleted [ '/root/pemanager/frontend/node_modules/fsevents' ]
76 verbose reify failed optional dependency /root/pemanager/frontend/node_modules/@rollup/rollup-win32-x64-msvc
77 silly reify mark deleted [
77 silly reify   '/root/pemanager/frontend/node_modules/@rollup/rollup-win32-x64-msvc'
77 silly reify ]
78 verbose reify failed optional dependency /root/pemanager/frontend/node_modules/@rollup/rollup-win32-x64-gnu
79 silly reify mark deleted [
79 silly reify   '/root/pemanager/frontend/node_modules/@rollup/rollup-win32-x64-gnu'
79 silly reify ]
80 verbose reify failed optional dependency /root/pemanager/frontend/node_modules/@rollup/rollup-win32-ia32-msvc
81 silly reify mark deleted [
81 silly reify   '/root/pemanager/frontend/node_modules/@rollup/rollup-win32-ia32-msvc'
81 silly reify ]
82 verbose reify failed optional dependency /root/pemanager/frontend/node_modules/@rollup/rollup-win32-arm64-msvc
83 silly reify mark deleted [
83 silly reify   '/root/pemanager/frontend/node_modules/@rollup/rollup-win32-arm64-msvc'
83 silly reify ]
84 verbose reify failed optional dependency /root/pemanager/frontend/node_modules/@rollup/rollup-openharmony-arm64
85 silly reify mark deleted [
85 silly reify   '/root/pemanager/frontend/node_modules/@rollup/rollup-openharmony-arm64'
85 silly reify ]
86 verbose reify failed optional dependency /root/pemanager/frontend/node_modules/@rollup/rollup-openbsd-x64
87 silly reify mark deleted [ '/root/pemanager/frontend/node_modules/@rollup/rollup-openbsd-x64' ]
88 verbose reify failed optional dependency /root/pemanager/frontend/node_modules/@rollup/rollup-linux-s390x-gnu
89 silly reify mark deleted [
89 silly reify   '/root/pemanager/frontend/node_modules/@rollup/rollup-linux-s390x-gnu'
89 silly reify ]
90 verbose reify failed optional dependency /root/pemanager/frontend/node_modules/@rollup/rollup-linux-riscv64-musl
91 silly reify mark deleted [
91 silly reify   '/root/pemanager/frontend/node_modules/@rollup/rollup-linux-riscv64-musl'
91 silly reify ]
92 verbose reify failed optional dependency /root/pemanager/frontend/node_modules/@rollup/rollup-linux-riscv64-gnu
93 silly reify mark deleted [
93 silly reify   '/root/pemanager/frontend/node_modules/@rollup/rollup-linux-riscv64-gnu'
93 silly reify ]
94 verbose reify failed optional dependency /root/pemanager/frontend/node_modules/@rollup/rollup-linux-ppc64-musl
95 silly reify mark deleted [
95 silly reify   '/root/pemanager/frontend/node_modules/@rollup/rollup-linux-ppc64-musl'
95 silly reify ]
96 verbose reify failed optional dependency /root/pemanager/frontend/node_modules/@rollup/rollup-linux-ppc64-gnu
97 silly reify mark deleted [
97 silly reify   '/root/pemanager/frontend/node_modules/@rollup/rollup-linux-ppc64-gnu'
97 silly reify ]
98 verbose reify failed optional dependency /root/pemanager/frontend/node_modules/@rollup/rollup-linux-loong64-musl
99 silly reify mark deleted [
99 silly reify   '/root/pemanager/frontend/node_modules/@rollup/rollup-linux-loong64-musl'
99 silly reify ]
100 verbose reify failed optional dependency /root/pemanager/frontend/node_modules/@rollup/rollup-linux-loong64-gnu
101 silly reify mark deleted [
101 silly reify   '/root/pemanager/frontend/node_modules/@rollup/rollup-linux-loong64-gnu'
101 silly reify ]
102 verbose reify failed optional dependency /root/pemanager/frontend/node_modules/@rollup/rollup-linux-arm64-musl
103 silly reify mark deleted [
103 silly reify   '/root/pemanager/frontend/node_modules/@rollup/rollup-linux-arm64-musl'
103 silly reify ]
104 verbose reify failed optional dependency /root/pemanager/frontend/node_modules/@rollup/rollup-linux-arm64-gnu
105 silly reify mark deleted [
105 silly reify   '/root/pemanager/frontend/node_modules/@rollup/rollup-linux-arm64-gnu'
105 silly reify ]
106 verbose reify failed optional dependency /root/pemanager/frontend/node_modules/@rollup/rollup-linux-arm-musleabihf
107 silly reify mark deleted [
107 silly reify   '/root/pemanager/frontend/node_modules/@rollup/rollup-linux-arm-musleabihf'
107 silly reify ]
108 verbose reify failed optional dependency /root/pemanager/frontend/node_modules/@rollup/rollup-linux-arm-gnueabihf
109 silly reify mark deleted [
109 silly reify   '/root/pemanager/frontend/node_modules/@rollup/rollup-linux-arm-gnueabihf'
109 silly reify ]
110 verbose reify failed optional dependency /root/pemanager/frontend/node_modules/@rollup/rollup-freebsd-x64
111 silly reify mark deleted [ '/root/pemanager/frontend/node_modules/@rollup/rollup-freebsd-x64' ]
112 verbose reify failed optional dependency /root/pemanager/frontend/node_modules/@rollup/rollup-freebsd-arm64
113 silly reify mark deleted [
113 silly reify   '/root/pemanager/frontend/node_modules/@rollup/rollup-freebsd-arm64'
113 silly reify ]
114 verbose reify failed optional dependency /root/pemanager/frontend/node_modules/@rollup/rollup-darwin-x64
115 silly reify mark deleted [ '/root/pemanager/frontend/node_modules/@rollup/rollup-darwin-x64' ]
116 verbose reify failed optional dependency /root/pemanager/frontend/node_modules/@rollup/rollup-darwin-arm64
117 silly reify mark deleted [ '/root/pemanager/frontend/node_modules/@rollup/rollup-darwin-arm64' ]
118 verbose reify failed optional dependency /root/pemanager/frontend/node_modules/@rollup/rollup-android-arm64
119 silly reify mark deleted [
119 silly reify   '/root/pemanager/frontend/node_modules/@rollup/rollup-android-arm64'
119 silly reify ]
120 verbose reify failed optional dependency /root/pemanager/frontend/node_modules/@rollup/rollup-android-arm-eabi
121 silly reify mark deleted [
121 silly reify   '/root/pemanager/frontend/node_modules/@rollup/rollup-android-arm-eabi'
121 silly reify ]
122 verbose reify failed optional dependency /root/pemanager/frontend/node_modules/@esbuild/win32-x64
123 silly reify mark deleted [ '/root/pemanager/frontend/node_modules/@esbuild/win32-x64' ]
124 verbose reify failed optional dependency /root/pemanager/frontend/node_modules/@esbuild/win32-ia32
125 silly reify mark deleted [ '/root/pemanager/frontend/node_modules/@esbuild/win32-ia32' ]
126 verbose reify failed optional dependency /root/pemanager/frontend/node_modules/@esbuild/win32-arm64
127 silly reify mark deleted [ '/root/pemanager/frontend/node_modules/@esbuild/win32-arm64' ]
128 verbose reify failed optional dependency /root/pemanager/frontend/node_modules/@esbuild/sunos-x64
129 silly reify mark deleted [ '/root/pemanager/frontend/node_modules/@esbuild/sunos-x64' ]
130 verbose reify failed optional dependency /root/pemanager/frontend/node_modules/@esbuild/openbsd-x64
131 silly reify mark deleted [ '/root/pemanager/frontend/node_modules/@esbuild/openbsd-x64' ]
132 verbose reify failed optional dependency /root/pemanager/frontend/node_modules/@esbuild/netbsd-x64
133 silly reify mark deleted [ '/root/pemanager/frontend/node_modules/@esbuild/netbsd-x64' ]
134 verbose reify failed optional dependency /root/pemanager/frontend/node_modules/@esbuild/linux-s390x
135 silly reify mark deleted [ '/root/pemanager/frontend/node_modules/@esbuild/linux-s390x' ]
136 verbose reify failed optional dependency /root/pemanager/frontend/node_modules/@esbuild/linux-riscv64
137 silly reify mark deleted [ '/root/pemanager/frontend/node_modules/@esbuild/linux-riscv64' ]
138 verbose reify failed optional dependency /root/pemanager/frontend/node_modules/@esbuild/linux-ppc64
139 silly reify mark deleted [ '/root/pemanager/frontend/node_modules/@esbuild/linux-ppc64' ]
140 verbose reify failed optional dependency /root/pemanager/frontend/node_modules/@esbuild/linux-mips64el
141 silly reify mark deleted [ '/root/pemanager/frontend/node_modules/@esbuild/linux-mips64el' ]
142 verbose reify failed optional dependency /root/pemanager/frontend/node_modules/@esbuild/linux-loong64
143 silly reify mark deleted [ '/root/pemanager/frontend/node_modules/@esbuild/linux-loong64' ]
144 verbose reify failed optional dependency /root/pemanager/frontend/node_modules/@esbuild/linux-ia32
145 silly reify mark deleted [ '/root/pemanager/frontend/node_modules/@esbuild/linux-ia32' ]
146 verbose reify failed optional dependency /root/pemanager/frontend/node_modules/@esbuild/linux-arm64
147 silly reify mark deleted [ '/root/pemanager/frontend/node_modules/@esbuild/linux-arm64' ]
148 verbose reify failed optional dependency /root/pemanager/frontend/node_modules/@esbuild/linux-arm
149 silly reify mark deleted [ '/root/pemanager/frontend/node_modules/@esbuild/linux-arm' ]
150 verbose reify failed optional dependency /root/pemanager/frontend/node_modules/@esbuild/freebsd-x64
151 silly reify mark deleted [ '/root/pemanager/frontend/node_modules/@esbuild/freebsd-x64' ]
152 verbose reify failed optional dependency /root/pemanager/frontend/node_modules/@esbuild/freebsd-arm64
153 silly reify mark deleted [ '/root/pemanager/frontend/node_modules/@esbuild/freebsd-arm64' ]
154 verbose reify failed optional dependency /root/pemanager/frontend/node_modules/@esbuild/darwin-x64
155 silly reify mark deleted [ '/root/pemanager/frontend/node_modules/@esbuild/darwin-x64' ]
156 verbose reify failed optional dependency /root/pemanager/frontend/node_modules/@esbuild/darwin-arm64
157 silly reify mark deleted [ '/root/pemanager/frontend/node_modules/@esbuild/darwin-arm64' ]
158 verbose reify failed optional dependency /root/pemanager/frontend/node_modules/@esbuild/android-x64
159 silly reify mark deleted [ '/root/pemanager/frontend/node_modules/@esbuild/android-x64' ]
160 verbose reify failed optional dependency /root/pemanager/frontend/node_modules/@esbuild/android-arm64
161 silly reify mark deleted [ '/root/pemanager/frontend/node_modules/@esbuild/android-arm64' ]
162 verbose reify failed optional dependency /root/pemanager/frontend/node_modules/@esbuild/android-arm
163 silly reify mark deleted [ '/root/pemanager/frontend/node_modules/@esbuild/android-arm' ]
164 verbose reify failed optional dependency /root/pemanager/frontend/node_modules/@esbuild/aix-ppc64
165 silly reify mark deleted [ '/root/pemanager/frontend/node_modules/@esbuild/aix-ppc64' ]
166 timing reifyNode:node_modules/fsevents Completed in 19ms
167 timing reifyNode:node_modules/@rollup/rollup-win32-x64-msvc Completed in 20ms
168 timing reifyNode:node_modules/@rollup/rollup-win32-x64-gnu Completed in 20ms
169 timing reifyNode:node_modules/@rollup/rollup-win32-ia32-msvc Completed in 20ms
170 timing reifyNode:node_modules/@rollup/rollup-win32-arm64-msvc Completed in 20ms
171 timing reifyNode:node_modules/@rollup/rollup-openharmony-arm64 Completed in 20ms
172 timing reifyNode:node_modules/@rollup/rollup-openbsd-x64 Completed in 20ms
173 timing reifyNode:node_modules/@rollup/rollup-linux-s390x-gnu Completed in 19ms
174 timing reifyNode:node_modules/@rollup/rollup-linux-riscv64-musl Completed in 19ms
175 timing reifyNode:node_modules/@rollup/rollup-linux-riscv64-gnu Completed in 20ms
176 timing reifyNode:node_modules/@rollup/rollup-linux-ppc64-musl Completed in 20ms
177 timing reifyNode:node_modules/@rollup/rollup-linux-ppc64-gnu Completed in 20ms
178 timing reifyNode:node_modules/@rollup/rollup-linux-loong64-musl Completed in 20ms
179 timing reifyNode:node_modules/@rollup/rollup-linux-loong64-gnu Completed in 20ms
180 timing reifyNode:node_modules/@rollup/rollup-linux-arm64-musl Completed in 20ms
181 timing reifyNode:node_modules/@rollup/rollup-linux-arm64-gnu Completed in 20ms
182 timing reifyNode:node_modules/@rollup/rollup-linux-arm-musleabihf Completed in 20ms
183 timing reifyNode:node_modules/@rollup/rollup-linux-arm-gnueabihf Completed in 20ms
184 timing reifyNode:node_modules/@rollup/rollup-freebsd-x64 Completed in 21ms
185 timing reifyNode:node_modules/@rollup/rollup-freebsd-arm64 Completed in 21ms
186 timing reifyNode:node_modules/@rollup/rollup-darwin-x64 Completed in 21ms
187 timing reifyNode:node_modules/@rollup/rollup-darwin-arm64 Completed in 20ms
188 timing reifyNode:node_modules/@rollup/rollup-android-arm64 Completed in 20ms
189 timing reifyNode:node_modules/@rollup/rollup-android-arm-eabi Completed in 20ms
190 timing reifyNode:node_modules/@esbuild/win32-x64 Completed in 20ms
191 timing reifyNode:node_modules/@esbuild/win32-ia32 Completed in 20ms
192 timing reifyNode:node_modules/@esbuild/win32-arm64 Completed in 20ms
193 timing reifyNode:node_modules/@esbuild/sunos-x64 Completed in 21ms
194 timing reifyNode:node_modules/@esbuild/openbsd-x64 Completed in 21ms
195 timing reifyNode:node_modules/@esbuild/netbsd-x64 Completed in 21ms
196 timing reifyNode:node_modules/@esbuild/linux-s390x Completed in 21ms
197 timing reifyNode:node_modules/@esbuild/linux-riscv64 Completed in 21ms
198 timing reifyNode:node_modules/@esbuild/linux-ppc64 Completed in 21ms
199 timing reifyNode:node_modules/@esbuild/linux-mips64el Completed in 21ms
200 timing reifyNode:node_modules/@esbuild/linux-loong64 Completed in 21ms
201 timing reifyNode:node_modules/@esbuild/linux-ia32 Completed in 21ms
202 timing reifyNode:node_modules/@esbuild/linux-arm64 Completed in 20ms
203 timing reifyNode:node_modules/@esbuild/linux-arm Completed in 21ms
204 timing reifyNode:node_modules/@esbuild/freebsd-x64 Completed in 21ms
205 timing reifyNode:node_modules/@esbuild/freebsd-arm64 Completed in 21ms
206 timing reifyNode:node_modules/@esbuild/darwin-x64 Completed in 21ms
207 timing reifyNode:node_modules/@esbuild/darwin-arm64 Completed in 21ms
208 timing reifyNode:node_modules/@esbuild/android-x64 Completed in 21ms
209 timing reifyNode:node_modules/@esbuild/android-arm64 Completed in 21ms
210 timing reifyNode:node_modules/@esbuild/android-arm Completed in 21ms
211 timing reifyNode:node_modules/@esbuild/aix-ppc64 Completed in 21ms
212 silly tarball no local data for tslib@https://registry.npmjs.org/tslib/-/tslib-2.3.0.tgz. Extracting by manifest.
213 silly tarball no local data for zrender@https://registry.npmjs.org/zrender/-/zrender-6.0.0.tgz. Extracting by manifest.
214 silly tarball no local data for echarts@https://registry.npmjs.org/echarts/-/echarts-6.0.0.tgz. Extracting by manifest.
215 http fetch GET 200 https://registry.npmjs.org/tslib/-/tslib-2.3.0.tgz 190ms (cache miss)
216 timing reifyNode:node_modules/tslib Completed in 221ms
217 http fetch POST 200 https://registry.npmjs.org/-/npm/v1/security/advisories/bulk 231ms
218 timing auditReport:getReport Completed in 235ms
219 silly audit report {
219 silly audit report   esbuild: [
219 silly audit report     {
219 silly audit report       id: 1102341,
219 silly audit report       url: 'https://github.com/advisories/GHSA-67mh-4wv8-2f99',
219 silly audit report       title: 'esbuild enables any website to send any requests to the development server and read the response',
219 silly audit report       severity: 'moderate',
219 silly audit report       vulnerable_versions: '<=0.24.2',
219 silly audit report       cwe: [Array],
219 silly audit report       cvss: [Object]
219 silly audit report     }
219 silly audit report   ],
219 silly audit report   vite: [
219 silly audit report     {
219 silly audit report       id: 1116229,
219 silly audit report       url: 'https://github.com/advisories/GHSA-4w7w-66w2-5vf9',
219 silly audit report       title: 'Vite Vulnerable to Path Traversal in Optimized Deps `.map` Handling',
219 silly audit report       severity: 'moderate',
219 silly audit report       vulnerable_versions: '<=6.4.1',
219 silly audit report       cwe: [Array],
219 silly audit report       cvss: [Object]
219 silly audit report     }
219 silly audit report   ]
219 silly audit report }
220 timing metavuln:cache:get:security-advisory:esbuild:jKdCIzePj7J1488qgRXvF8Srh9wutSuR1exB8YooNX62hT+qhtrUXYbArLNoIhgwbaCqKpmduh18syZU7BR9SA== Completed in 20ms
221 timing metavuln:cache:get:security-advisory:vite:I1BdsVrQ8+F0Nz5pjiEY7gYSFBzvKNwOR8nQyg9euOprN34SC4VipJH1GMc8WCRl+e0xZWGr2QiYwiNwqO4gag== Completed in 19ms
222 http fetch GET 200 https://registry.npmjs.org/vite 71ms (cache revalidated)
223 timing metavuln:packument:vite Completed in 111ms
224 timing metavuln:load:security-advisory:vite:1116229 Completed in 12ms
225 timing metavuln:calculate:security-advisory:vite:1116229 Completed in 123ms
226 http fetch GET 200 https://registry.npmjs.org/esbuild 126ms (cache revalidated)
227 timing metavuln:packument:esbuild Completed in 135ms
228 timing metavuln:load:security-advisory:esbuild:1102341 Completed in 2ms
229 timing metavuln:calculate:security-advisory:esbuild:1102341 Completed in 138ms
230 timing metavuln:cache:get:security-advisory:vite:tMBsdAS7JBTyRORp0YaJR984WAAsOxgmReSLBN0Nd41GhzEakjROICqAJ31iOdYG5Ijo/MlJ01p3ig1iN88+Tw== Completed in 8ms
231 timing metavuln:load:security-advisory:vite:jKdCIzePj7J1488qgRXvF8Srh9wutSuR1exB8YooNX62hT+qhtrUXYbArLNoIhgwbaCqKpmduh18syZU7BR9SA== Completed in 13ms
232 timing metavuln:calculate:security-advisory:vite:jKdCIzePj7J1488qgRXvF8Srh9wutSuR1exB8YooNX62hT+qhtrUXYbArLNoIhgwbaCqKpmduh18syZU7BR9SA== Completed in 23ms
233 timing metavuln:cache:get:security-advisory:@vitejs/plugin-vue:Ut2txRY9FIsxFclwudk4bCjF7c9lL0rO8dv8NnjA9bki7cFLrGb6BpZumwDyLDMHhyX1VLMsKeunUVOdCOaz7w== Completed in 51ms
234 http fetch GET 200 https://registry.npmjs.org/@vitejs%2fplugin-vue 105ms (cache revalidated)
235 timing metavuln:packument:@vitejs/plugin-vue Completed in 109ms
236 timing metavuln:load:security-advisory:@vitejs/plugin-vue:I1BdsVrQ8+F0Nz5pjiEY7gYSFBzvKNwOR8nQyg9euOprN34SC4VipJH1GMc8WCRl+e0xZWGr2QiYwiNwqO4gag== Completed in 1ms
237 timing metavuln:calculate:security-advisory:@vitejs/plugin-vue:I1BdsVrQ8+F0Nz5pjiEY7gYSFBzvKNwOR8nQyg9euOprN34SC4VipJH1GMc8WCRl+e0xZWGr2QiYwiNwqO4gag== Completed in 110ms
238 timing auditReport:init Completed in 296ms
239 timing reify:audit Completed in 532ms
240 http fetch GET 200 https://registry.npmjs.org/zrender/-/zrender-6.0.0.tgz 800ms (cache miss)
241 timing reifyNode:node_modules/zrender Completed in 835ms
242 http fetch GET 200 https://registry.npmjs.org/echarts/-/echarts-6.0.0.tgz 2122ms (cache miss)
243 timing reifyNode:node_modules/echarts Completed in 2158ms
244 timing reify:unpack Completed in 2158ms
245 timing reify:unretire Completed in 0ms
246 timing build:queue Completed in 5ms
247 timing build:deps Completed in 6ms
248 timing build Completed in 6ms
249 timing reify:build Completed in 7ms
250 timing reify:trash Completed in 6ms
251 timing reify:save Completed in 78ms
252 timing reify Completed in 2984ms
253 silly ADD node_modules/zrender
254 silly ADD node_modules/tslib
255 silly ADD node_modules/echarts
256 silly ADD
257 silly ADD
258 silly ADD
259 silly ADD
260 silly ADD
261 silly ADD
262 silly ADD
263 silly ADD
264 silly ADD
265 silly ADD
266 silly ADD
267 silly ADD
268 silly ADD
269 silly ADD
270 silly ADD
271 silly ADD
272 silly ADD
273 silly ADD
274 silly ADD
275 silly ADD
276 silly ADD
277 silly ADD
278 silly ADD
279 silly ADD
280 silly ADD
281 silly ADD
282 silly ADD
283 silly ADD
284 silly ADD
285 silly ADD
286 silly ADD
287 silly ADD
288 silly ADD
289 silly ADD
290 silly ADD
291 silly ADD
292 silly ADD
293 silly ADD
294 silly ADD
295 silly ADD
296 silly ADD
297 silly ADD
298 silly ADD
299 silly ADD
300 silly ADD
301 silly ADD
302 timing command:install Completed in 3016ms
303 verbose exit 0
304 timing npm Completed in 3072ms
305 info ok
