0 verbose cli /root/.cursor-server/cli/servers/Stable-f736016b0aa20ba1f99b7eec1dda48579fa4c290/server/node /usr/bin/npm
1 info using npm@9.2.0
2 info using node@v20.18.2
3 timing npm:load:whichnode Completed in 1ms
4 timing config:load:defaults Completed in 2ms
5 timing config:load:file:/usr/share/nodejs/npm/npmrc Completed in 4ms
6 timing config:load:builtin Completed in 4ms
7 timing config:load:cli Completed in 2ms
8 timing config:load:env Completed in 1ms
9 timing config:load:file:/root/pemanager/frontend/.npmrc Completed in 0ms
10 timing config:load:project Completed in 6ms
11 timing config:load:file:/root/.npmrc Completed in 0ms
12 timing config:load:user Completed in 0ms
13 timing config:load:file:/etc/npmrc Completed in 0ms
14 timing config:load:global Completed in 0ms
15 timing config:load:setEnvs Completed in 1ms
16 timing config:load Completed in 17ms
17 timing npm:load:configload Completed in 17ms
18 timing npm:load:mkdirpcache Completed in 1ms
19 timing npm:load:mkdirplogs Completed in 0ms
20 verbose title npm install element-plus @element-plus/icons-vue vue-router pinia axios
21 verbose argv "install" "element-plus" "@element-plus/icons-vue" "vue-router" "pinia" "axios"
22 timing npm:load:setTitle Completed in 1ms
23 timing config:load:flatten Completed in 3ms
24 timing npm:load:display Completed in 5ms
25 verbose logfile logs-max:10 dir:/root/.npm/_logs/2026-05-16T07_17_42_127Z-
26 verbose logfile /root/.npm/_logs/2026-05-16T07_17_42_127Z-debug-0.log
27 timing npm:load:logFile Completed in 10ms
28 timing npm:load:timers Completed in 0ms
29 timing npm:load:configScope Completed in 0ms
30 timing npm:load Completed in 36ms
31 silly logfile done cleaning log files
32 timing config:load:flatten Completed in 0ms
33 timing arborist:ctor Completed in 0ms
34 timing idealTree:init Completed in 79ms
35 timing idealTree:userRequests Completed in 3ms
36 silly idealTree buildDeps
37 silly fetch manifest element-plus@*
38 timing arborist:ctor Completed in 0ms
39 http fetch GET 200 https://registry.npmjs.org/element-plus 332ms (cache miss)
40 silly fetch manifest vue@^3.5.34
41 http fetch GET 200 https://registry.npmjs.org/vue 14ms (cache hit)
42 silly fetch manifest typescript@*
43 http fetch GET 200 https://registry.npmjs.org/typescript 31ms (cache hit)
44 silly fetch manifest @element-plus/icons-vue@*
45 http fetch GET 200 https://registry.npmjs.org/@element-plus%2ficons-vue 58ms (cache miss)
46 silly fetch manifest vue-router@*
47 http fetch GET 200 https://registry.npmjs.org/vue-router 40ms (cache miss)
48 silly fetch manifest @pinia/colada@>=0.21.2
49 http fetch GET 200 https://registry.npmjs.org/@pinia%2fcolada 353ms (cache miss)
50 silly fetch manifest pinia@*
51 http fetch GET 200 https://registry.npmjs.org/pinia 33ms (cache miss)
52 silly fetch manifest typescript@>=4.5.0
53 silly fetch manifest @vue/compiler-sfc@^3.5.34
54 http fetch GET 200 https://registry.npmjs.org/@vue%2fcompiler-sfc 9ms (cache hit)
55 silly fetch manifest axios@*
56 http fetch GET 200 https://registry.npmjs.org/axios 34ms (cache miss)
57 silly placeDep ROOT @element-plus/icons-vue@2.3.2 OK for: frontend@0.0.0 want: *
58 silly placeDep ROOT axios@1.16.1 OK for: frontend@0.0.0 want: *
59 silly placeDep ROOT element-plus@2.14.0 OK for: frontend@0.0.0 want: *
60 silly placeDep ROOT pinia@3.0.4 OK for: frontend@0.0.0 want: *
61 silly placeDep ROOT vue-router@5.0.7 OK for: frontend@0.0.0 want: *
62 silly fetch manifest follow-redirects@^1.16.0
63 silly fetch manifest form-data@^4.0.5
64 silly fetch manifest https-proxy-agent@^5.0.1
65 silly fetch manifest proxy-from-env@^2.1.0
66 silly fetch manifest @ctrl/tinycolor@^4.2.0
67 silly fetch manifest @floating-ui/dom@^1.0.1
68 silly fetch manifest @popperjs/core@npm:@sxzz/popperjs-es@^2.11.8
69 silly fetch manifest @types/lodash@^4.17.24
70 silly fetch manifest @types/lodash-es@^4.17.12
71 silly fetch manifest @vueuse/core@14.3.0
72 silly fetch manifest async-validator@^4.2.5
73 silly fetch manifest dayjs@^1.11.20
74 silly fetch manifest lodash@^4.18.1
75 silly fetch manifest lodash-es@^4.18.1
76 silly fetch manifest lodash-unified@^1.0.3
77 silly fetch manifest memoize-one@^6.0.0
78 silly fetch manifest normalize-wheel-es@^1.2.0
79 silly fetch manifest vue-component-type-helpers@^3.2.8
80 silly fetch manifest @vue/devtools-api@^7.7.7
81 silly fetch manifest @babel/generator@^8.0.0-rc.4
82 silly fetch manifest @vue-macros/common@^3.1.1
83 silly fetch manifest @vue/devtools-api@^8.1.1
84 silly fetch manifest ast-walker-scope@^0.8.3
85 silly fetch manifest chokidar@^5.0.0
86 silly fetch manifest json5@^2.2.3
87 silly fetch manifest local-pkg@^1.1.2
88 silly fetch manifest mlly@^1.8.0
89 silly fetch manifest muggle-string@^0.4.1
90 silly fetch manifest pathe@^2.0.3
91 silly fetch manifest scule@^1.3.0
92 silly fetch manifest unplugin@^3.0.0
93 silly fetch manifest unplugin-utils@^0.3.1
94 silly fetch manifest yaml@^2.8.2
95 http fetch GET 200 https://registry.npmjs.org/yaml 82ms (cache hit)
96 http fetch GET 200 https://registry.npmjs.org/follow-redirects 124ms (cache miss)
97 http fetch GET 200 https://registry.npmjs.org/proxy-from-env 262ms (cache miss)
98 http fetch GET 200 https://registry.npmjs.org/lodash-unified 267ms (cache miss)
99 http fetch GET 200 https://registry.npmjs.org/muggle-string 263ms (cache miss)
100 http fetch GET 200 https://registry.npmjs.org/json5 278ms (cache miss)
101 http fetch GET 200 https://registry.npmjs.org/@types%2flodash-es 301ms (cache miss)
102 http fetch GET 200 https://registry.npmjs.org/normalize-wheel-es 293ms (cache miss)
103 http fetch GET 200 https://registry.npmjs.org/https-proxy-agent 308ms (cache miss)
104 http fetch GET 200 https://registry.npmjs.org/ast-walker-scope 293ms (cache miss)
105 http fetch GET 200 https://registry.npmjs.org/form-data 321ms (cache miss)
106 http fetch GET 200 https://registry.npmjs.org/chokidar 298ms (cache miss)
107 http fetch GET 200 https://registry.npmjs.org/lodash-es 316ms (cache miss)
108 http fetch GET 200 https://registry.npmjs.org/pathe 300ms (cache miss)
109 http fetch GET 200 https://registry.npmjs.org/mlly 312ms (cache miss)
110 http fetch GET 200 https://registry.npmjs.org/memoize-one 337ms (cache miss)
111 http fetch GET 200 https://registry.npmjs.org/unplugin 323ms (cache miss)
112 http fetch GET 200 https://registry.npmjs.org/lodash 357ms (cache miss)
113 http fetch GET 200 https://registry.npmjs.org/@vue-macros%2fcommon 352ms (cache miss)
114 http fetch GET 200 https://registry.npmjs.org/@ctrl%2ftinycolor 376ms (cache miss)
115 http fetch GET 200 https://registry.npmjs.org/@vue%2fdevtools-api 360ms (cache miss)
116 http fetch GET 200 https://registry.npmjs.org/async-validator 378ms (cache miss)
117 http fetch GET 200 https://registry.npmjs.org/@vue%2fdevtools-api 370ms (cache miss)
118 http fetch GET 200 https://registry.npmjs.org/@floating-ui%2fdom 389ms (cache miss)
119 http fetch GET 200 https://registry.npmjs.org/vue-component-type-helpers 380ms (cache miss)
120 http fetch GET 200 https://registry.npmjs.org/local-pkg 370ms (cache miss)
121 http fetch GET 200 https://registry.npmjs.org/scule 368ms (cache miss)
122 http fetch GET 200 https://registry.npmjs.org/unplugin-utils 367ms (cache miss)
123 http fetch GET 200 https://registry.npmjs.org/dayjs 397ms (cache miss)
124 http fetch GET 200 https://registry.npmjs.org/@types%2flodash 403ms (cache miss)
125 http fetch GET 200 https://registry.npmjs.org/@babel%2fgenerator 391ms (cache miss)
126 http fetch GET 200 https://registry.npmjs.org/@vueuse%2fcore 423ms (cache miss)
127 http fetch GET 200 https://registry.npmjs.org/@sxzz%2fpopperjs-es 439ms (cache miss)
128 timing idealTree:#root Completed in 1488ms
129 timing idealTree:node_modules/@element-plus/icons-vue Completed in 0ms
130 silly placeDep ROOT follow-redirects@1.16.0 OK for: axios@1.16.1 want: ^1.16.0
131 silly placeDep ROOT form-data@4.0.5 OK for: axios@1.16.1 want: ^4.0.5
132 silly placeDep ROOT https-proxy-agent@5.0.1 OK for: axios@1.16.1 want: ^5.0.1
133 silly placeDep ROOT proxy-from-env@2.1.0 OK for: axios@1.16.1 want: ^2.1.0
134 silly fetch manifest asynckit@^0.4.0
135 silly fetch manifest combined-stream@^1.0.8
136 silly fetch manifest es-set-tostringtag@^2.1.0
137 silly fetch manifest hasown@^2.0.2
138 silly fetch manifest mime-types@^2.1.12
139 silly fetch manifest debug@4
140 silly fetch manifest agent-base@6
141 http fetch GET 200 https://registry.npmjs.org/asynckit 48ms (cache miss)
142 http fetch GET 200 https://registry.npmjs.org/es-set-tostringtag 48ms (cache miss)
143 http fetch GET 200 https://registry.npmjs.org/hasown 48ms (cache miss)
144 http fetch GET 200 https://registry.npmjs.org/combined-stream 51ms (cache miss)
145 http fetch GET 200 https://registry.npmjs.org/agent-base 48ms (cache miss)
146 http fetch GET 200 https://registry.npmjs.org/debug 50ms (cache miss)
147 http fetch GET 200 https://registry.npmjs.org/mime-types 53ms (cache miss)
148 timing idealTree:node_modules/axios Completed in 67ms
149 silly fetch manifest vue@^3.3.7
150 silly placeDep ROOT @ctrl/tinycolor@4.2.0 OK for: element-plus@2.14.0 want: ^4.2.0
151 silly placeDep ROOT @floating-ui/dom@1.7.6 OK for: element-plus@2.14.0 want: ^1.0.1
152 silly placeDep ROOT @popperjs/core@2.11.8 OK for: element-plus@2.14.0 want: npm:@sxzz/popperjs-es@^2.11.8
153 silly placeDep ROOT @types/lodash@4.17.24 OK for: element-plus@2.14.0 want: ^4.17.24
154 silly placeDep ROOT @types/lodash-es@4.17.12 OK for: element-plus@2.14.0 want: ^4.17.12
155 silly placeDep ROOT @vueuse/core@14.3.0 OK for: element-plus@2.14.0 want: 14.3.0
156 silly placeDep ROOT async-validator@4.2.5 OK for: element-plus@2.14.0 want: ^4.2.5
157 silly placeDep ROOT dayjs@1.11.20 OK for: element-plus@2.14.0 want: ^1.11.20
158 silly placeDep ROOT lodash@4.18.1 OK for: element-plus@2.14.0 want: ^4.18.1
159 silly placeDep ROOT lodash-es@4.18.1 OK for: element-plus@2.14.0 want: ^4.18.1
160 silly placeDep ROOT lodash-unified@1.0.3 OK for: element-plus@2.14.0 want: ^1.0.3
161 silly placeDep ROOT memoize-one@6.0.0 OK for: element-plus@2.14.0 want: ^6.0.0
162 silly placeDep ROOT normalize-wheel-es@1.2.0 OK for: element-plus@2.14.0 want: ^1.2.0
163 silly placeDep ROOT vue-component-type-helpers@3.2.9 OK for: element-plus@2.14.0 want: ^3.2.8
164 silly fetch manifest @floating-ui/core@^1.7.5
165 silly fetch manifest @floating-ui/utils@^0.2.11
166 silly fetch manifest @types/web-bluetooth@^0.0.21
167 silly fetch manifest @vueuse/metadata@14.3.0
168 silly fetch manifest @vueuse/shared@14.3.0
169 http fetch GET 200 https://registry.npmjs.org/@floating-ui%2futils 63ms (cache miss)
170 http fetch GET 200 https://registry.npmjs.org/@floating-ui%2fcore 66ms (cache miss)
171 http fetch GET 200 https://registry.npmjs.org/@vueuse%2fshared 68ms (cache miss)
172 http fetch GET 200 https://registry.npmjs.org/@vueuse%2fmetadata 197ms (cache miss)
173 http fetch GET 200 https://registry.npmjs.org/@types%2fweb-bluetooth 338ms (cache miss)
174 timing idealTree:node_modules/element-plus Completed in 371ms
175 timing idealTree:node_modules/@ctrl/tinycolor Completed in 0ms
176 silly placeDep ROOT @floating-ui/core@1.7.5 OK for: @floating-ui/dom@1.7.6 want: ^1.7.5
177 silly placeDep ROOT @floating-ui/utils@0.2.11 OK for: @floating-ui/dom@1.7.6 want: ^0.2.11
178 timing idealTree:node_modules/@floating-ui/dom Completed in 4ms
179 timing idealTree:node_modules/@floating-ui/core Completed in 0ms
180 timing idealTree:node_modules/@floating-ui/utils Completed in 0ms
181 timing idealTree:node_modules/@popperjs/core Completed in 0ms
182 timing idealTree:node_modules/@types/lodash Completed in 0ms
183 timing idealTree:node_modules/@types/lodash-es Completed in 0ms
184 silly fetch manifest vue@^3.5.0
185 silly placeDep ROOT @types/web-bluetooth@0.0.21 OK for: @vueuse/core@14.3.0 want: ^0.0.21
186 silly placeDep ROOT @vueuse/metadata@14.3.0 OK for: @vueuse/core@14.3.0 want: 14.3.0
187 silly placeDep ROOT @vueuse/shared@14.3.0 OK for: @vueuse/core@14.3.0 want: 14.3.0
188 timing idealTree:node_modules/@vueuse/core Completed in 6ms
189 timing idealTree:node_modules/@types/web-bluetooth Completed in 0ms
190 timing idealTree:node_modules/@vueuse/metadata Completed in 0ms
191 timing idealTree:node_modules/@vueuse/shared Completed in 0ms
192 timing idealTree:node_modules/async-validator Completed in 0ms
193 timing idealTree:node_modules/dayjs Completed in 0ms
194 timing idealTree:node_modules/follow-redirects Completed in 0ms
195 silly placeDep ROOT asynckit@0.4.0 OK for: form-data@4.0.5 want: ^0.4.0
196 silly placeDep ROOT combined-stream@1.0.8 OK for: form-data@4.0.5 want: ^1.0.8
197 silly placeDep ROOT es-set-tostringtag@2.1.0 OK for: form-data@4.0.5 want: ^2.1.0
198 silly placeDep ROOT hasown@2.0.3 OK for: form-data@4.0.5 want: ^2.0.2
199 silly placeDep ROOT mime-types@2.1.35 OK for: form-data@4.0.5 want: ^2.1.12
200 silly fetch manifest delayed-stream@~1.0.0
201 silly fetch manifest es-errors@^1.3.0
202 silly fetch manifest get-intrinsic@^1.2.6
203 silly fetch manifest has-tostringtag@^1.0.2
204 silly fetch manifest function-bind@^1.1.2
205 silly fetch manifest mime-db@1.52.0
206 http fetch GET 200 https://registry.npmjs.org/delayed-stream 45ms (cache miss)
207 http fetch GET 200 https://registry.npmjs.org/function-bind 42ms (cache miss)
208 http fetch GET 200 https://registry.npmjs.org/es-errors 46ms (cache miss)
209 http fetch GET 200 https://registry.npmjs.org/get-intrinsic 45ms (cache miss)
210 http fetch GET 200 https://registry.npmjs.org/has-tostringtag 45ms (cache miss)
211 http fetch GET 200 https://registry.npmjs.org/mime-db 48ms (cache miss)
212 timing idealTree:node_modules/form-data Completed in 61ms
213 timing idealTree:node_modules/asynckit Completed in 0ms
214 silly placeDep ROOT delayed-stream@1.0.0 OK for: combined-stream@1.0.8 want: ~1.0.0
215 timing idealTree:node_modules/combined-stream Completed in 2ms
216 timing idealTree:node_modules/delayed-stream Completed in 0ms
217 silly placeDep ROOT es-errors@1.3.0 OK for: es-set-tostringtag@2.1.0 want: ^1.3.0
218 silly placeDep ROOT get-intrinsic@1.3.0 OK for: es-set-tostringtag@2.1.0 want: ^1.2.6
219 silly placeDep ROOT has-tostringtag@1.0.2 OK for: es-set-tostringtag@2.1.0 want: ^1.0.2
220 silly fetch manifest gopd@^1.2.0
221 silly fetch manifest get-proto@^1.0.1
222 silly fetch manifest has-symbols@^1.1.0
223 silly fetch manifest es-object-atoms@^1.1.1
224 silly fetch manifest math-intrinsics@^1.1.0
225 silly fetch manifest es-define-property@^1.0.1
226 silly fetch manifest call-bind-apply-helpers@^1.0.2
227 silly fetch manifest has-symbols@^1.0.3
228 http fetch GET 200 https://registry.npmjs.org/es-object-atoms 41ms (cache miss)
229 http fetch GET 200 https://registry.npmjs.org/get-proto 44ms (cache miss)
230 http fetch GET 200 https://registry.npmjs.org/math-intrinsics 42ms (cache miss)
231 http fetch GET 200 https://registry.npmjs.org/gopd 45ms (cache miss)
232 http fetch GET 200 https://registry.npmjs.org/has-symbols 45ms (cache miss)
233 http fetch GET 200 https://registry.npmjs.org/call-bind-apply-helpers 41ms (cache miss)
234 http fetch GET 200 https://registry.npmjs.org/has-symbols 42ms (cache miss)
235 http fetch GET 200 https://registry.npmjs.org/es-define-property 173ms (cache miss)
236 timing idealTree:node_modules/es-set-tostringtag Completed in 184ms
237 timing idealTree:node_modules/es-errors Completed in 0ms
238 silly placeDep ROOT call-bind-apply-helpers@1.0.2 OK for: get-intrinsic@1.3.0 want: ^1.0.2
239 silly placeDep ROOT es-define-property@1.0.1 OK for: get-intrinsic@1.3.0 want: ^1.0.1
240 silly placeDep ROOT es-object-atoms@1.1.1 OK for: get-intrinsic@1.3.0 want: ^1.1.1
241 silly placeDep ROOT function-bind@1.1.2 OK for: get-intrinsic@1.3.0 want: ^1.1.2
242 silly placeDep ROOT get-proto@1.0.1 OK for: get-intrinsic@1.3.0 want: ^1.0.1
243 silly placeDep ROOT gopd@1.2.0 OK for: get-intrinsic@1.3.0 want: ^1.2.0
244 silly placeDep ROOT has-symbols@1.1.0 OK for: get-intrinsic@1.3.0 want: ^1.1.0
245 silly placeDep ROOT math-intrinsics@1.1.0 OK for: get-intrinsic@1.3.0 want: ^1.1.0
246 silly fetch manifest dunder-proto@^1.0.1
247 http fetch GET 200 https://registry.npmjs.org/dunder-proto 27ms (cache miss)
248 timing idealTree:node_modules/get-intrinsic Completed in 42ms
249 timing idealTree:node_modules/call-bind-apply-helpers Completed in 0ms
250 timing idealTree:node_modules/es-define-property Completed in 0ms
251 timing idealTree:node_modules/es-object-atoms Completed in 0ms
252 timing idealTree:node_modules/function-bind Completed in 0ms
253 silly placeDep ROOT dunder-proto@1.0.1 OK for: get-proto@1.0.1 want: ^1.0.1
254 timing idealTree:node_modules/get-proto Completed in 2ms
255 timing idealTree:node_modules/dunder-proto Completed in 0ms
256 timing idealTree:node_modules/gopd Completed in 0ms
257 timing idealTree:node_modules/has-symbols Completed in 0ms
258 timing idealTree:node_modules/has-tostringtag Completed in 0ms
259 timing idealTree:node_modules/hasown Completed in 0ms
260 silly placeDep ROOT agent-base@6.0.2 OK for: https-proxy-agent@5.0.1 want: 6
261 silly placeDep ROOT debug@4.4.3 OK for: https-proxy-agent@5.0.1 want: 4
262 silly fetch manifest ms@^2.1.3
263 http fetch GET 200 https://registry.npmjs.org/ms 20ms (cache miss)
264 timing idealTree:node_modules/https-proxy-agent Completed in 24ms
265 timing idealTree:node_modules/agent-base Completed in 0ms
266 silly placeDep ROOT ms@2.1.3 OK for: debug@4.4.3 want: ^2.1.3
267 timing idealTree:node_modules/debug Completed in 1ms
268 timing idealTree:node_modules/lodash Completed in 0ms
269 timing idealTree:node_modules/lodash-es Completed in 0ms
270 timing idealTree:node_modules/lodash-unified Completed in 0ms
271 timing idealTree:node_modules/math-intrinsics Completed in 0ms
272 timing idealTree:node_modules/memoize-one Completed in 0ms
273 silly placeDep ROOT mime-db@1.52.0 OK for: mime-types@2.1.35 want: 1.52.0
274 timing idealTree:node_modules/mime-types Completed in 1ms
275 timing idealTree:node_modules/mime-db Completed in 0ms
276 timing idealTree:node_modules/ms Completed in 0ms
277 timing idealTree:node_modules/normalize-wheel-es Completed in 0ms
278 silly placeDep ROOT @vue/devtools-api@7.7.9 OK for: pinia@3.0.4 want: ^7.7.7
279 silly fetch manifest @vue/devtools-kit@^7.7.9
280 http fetch GET 200 https://registry.npmjs.org/@vue%2fdevtools-kit 43ms (cache miss)
281 timing idealTree:node_modules/pinia Completed in 47ms
282 silly placeDep ROOT @vue/devtools-kit@7.7.9 OK for: @vue/devtools-api@7.7.9 want: ^7.7.9
283 silly fetch manifest mitt@^3.0.1
284 silly fetch manifest birpc@^2.3.0
285 silly fetch manifest hookable@^5.5.3
286 silly fetch manifest superjson@^2.2.2
287 silly fetch manifest speakingurl@^14.0.1
288 silly fetch manifest perfect-debounce@^1.0.0
289 silly fetch manifest @vue/devtools-shared@^7.7.9
290 http fetch GET 200 https://registry.npmjs.org/mitt 42ms (cache miss)
291 http fetch GET 200 https://registry.npmjs.org/perfect-debounce 46ms (cache miss)
292 http fetch GET 200 https://registry.npmjs.org/hookable 51ms (cache miss)
293 http fetch GET 200 https://registry.npmjs.org/superjson 52ms (cache miss)
294 http fetch GET 200 https://registry.npmjs.org/speakingurl 55ms (cache miss)
295 http fetch GET 200 https://registry.npmjs.org/@vue%2fdevtools-shared 57ms (cache miss)
296 http fetch GET 200 https://registry.npmjs.org/birpc 63ms (cache miss)
297 timing idealTree:node_modules/@vue/devtools-api Completed in 68ms
298 silly placeDep ROOT @vue/devtools-shared@7.7.9 OK for: @vue/devtools-kit@7.7.9 want: ^7.7.9
299 silly placeDep ROOT birpc@2.9.0 OK for: @vue/devtools-kit@7.7.9 want: ^2.3.0
300 silly placeDep ROOT hookable@5.5.3 OK for: @vue/devtools-kit@7.7.9 want: ^5.5.3
301 silly placeDep ROOT mitt@3.0.1 OK for: @vue/devtools-kit@7.7.9 want: ^3.0.1
302 silly placeDep ROOT perfect-debounce@1.0.0 OK for: @vue/devtools-kit@7.7.9 want: ^1.0.0
303 silly placeDep ROOT speakingurl@14.0.1 OK for: @vue/devtools-kit@7.7.9 want: ^14.0.1
304 silly placeDep ROOT superjson@2.2.6 OK for: @vue/devtools-kit@7.7.9 want: ^2.2.2
305 silly fetch manifest rfdc@^1.4.1
306 silly fetch manifest copy-anything@^4
307 http fetch GET 200 https://registry.npmjs.org/rfdc 24ms (cache miss)
308 http fetch GET 200 https://registry.npmjs.org/copy-anything 36ms (cache miss)
309 timing idealTree:node_modules/@vue/devtools-kit Completed in 52ms
310 silly placeDep ROOT rfdc@1.4.1 OK for: @vue/devtools-shared@7.7.9 want: ^1.4.1
311 timing idealTree:node_modules/@vue/devtools-shared Completed in 1ms
312 timing idealTree:node_modules/birpc Completed in 0ms
313 timing idealTree:node_modules/hookable Completed in 0ms
314 timing idealTree:node_modules/mitt Completed in 0ms
315 timing idealTree:node_modules/perfect-debounce Completed in 0ms
316 timing idealTree:node_modules/proxy-from-env Completed in 0ms
317 timing idealTree:node_modules/rfdc Completed in 0ms
318 timing idealTree:node_modules/speakingurl Completed in 0ms
319 silly placeDep ROOT copy-anything@4.0.5 OK for: superjson@2.2.6 want: ^4
320 silly fetch manifest is-what@^5.2.0
321 http fetch GET 200 https://registry.npmjs.org/is-what 40ms (cache miss)
322 timing idealTree:node_modules/superjson Completed in 43ms
323 silly placeDep ROOT is-what@5.5.0 OK for: copy-anything@4.0.5 want: ^5.2.0
324 timing idealTree:node_modules/copy-anything Completed in 2ms
325 timing idealTree:node_modules/is-what Completed in 0ms
326 timing idealTree:node_modules/vue-component-type-helpers Completed in 0ms
327 silly placeDep ROOT @babel/generator@8.0.0-rc.5 OK for: vue-router@5.0.7 want: ^8.0.0-rc.4
328 silly placeDep ROOT @vue-macros/common@3.1.2 OK for: vue-router@5.0.7 want: ^3.1.1
329 silly placeDep node_modules/vue-router @vue/devtools-api@8.1.2 OK for: vue-router@5.0.7 want: ^8.1.1
330 silly placeDep ROOT ast-walker-scope@0.8.3 OK for: vue-router@5.0.7 want: ^0.8.3
331 silly placeDep ROOT chokidar@5.0.0 OK for: vue-router@5.0.7 want: ^5.0.0
332 silly placeDep ROOT json5@2.2.3 OK for: vue-router@5.0.7 want: ^2.2.3
333 silly placeDep ROOT local-pkg@1.1.2 OK for: vue-router@5.0.7 want: ^1.1.2
334 silly placeDep ROOT mlly@1.8.2 OK for: vue-router@5.0.7 want: ^1.8.0
335 silly placeDep ROOT muggle-string@0.4.1 OK for: vue-router@5.0.7 want: ^0.4.1
336 silly placeDep ROOT pathe@2.0.3 OK for: vue-router@5.0.7 want: ^2.0.3
337 silly placeDep ROOT scule@1.3.0 OK for: vue-router@5.0.7 want: ^1.3.0
338 silly placeDep ROOT unplugin@3.0.0 OK for: vue-router@5.0.7 want: ^3.0.0
339 silly placeDep ROOT unplugin-utils@0.3.1 OK for: vue-router@5.0.7 want: ^0.3.1
340 silly placeDep ROOT yaml@2.9.0 OK for: vue-router@5.0.7 want: ^2.8.2
341 silly fetch manifest @babel/parser@^8.0.0-rc.5
342 silly fetch manifest @babel/types@^8.0.0-rc.5
343 silly fetch manifest @jridgewell/gen-mapping@^0.3.12
344 silly fetch manifest @jridgewell/trace-mapping@^0.3.28
345 silly fetch manifest @types/jsesc@^2.5.0
346 silly fetch manifest jsesc@^3.0.2
347 silly fetch manifest ast-kit@^2.1.2
348 silly fetch manifest magic-string-ast@^1.0.2
349 silly fetch manifest @vue/devtools-kit@^8.1.2
350 silly fetch manifest ast-kit@^2.1.3
351 silly fetch manifest readdirp@^5.0.0
352 silly fetch manifest pkg-types@^2.3.0
353 silly fetch manifest quansync@^0.2.11
354 silly fetch manifest acorn@^8.16.0
355 silly fetch manifest pkg-types@^1.3.1
356 silly fetch manifest ufo@^1.6.3
357 silly fetch manifest @jridgewell/remapping@^2.3.5
358 silly fetch manifest webpack-virtual-modules@^0.6.2
359 http fetch GET 200 https://registry.npmjs.org/@babel%2fparser 47ms (cache hit)
360 http fetch GET 200 https://registry.npmjs.org/@babel%2ftypes 53ms (cache hit)
361 http fetch GET 200 https://registry.npmjs.org/@types%2fjsesc 107ms (cache miss)
362 http fetch GET 200 https://registry.npmjs.org/magic-string-ast 104ms (cache miss)
363 http fetch GET 200 https://registry.npmjs.org/jsesc 108ms (cache miss)
364 http fetch GET 200 https://registry.npmjs.org/ast-kit 106ms (cache miss)
365 http fetch GET 200 https://registry.npmjs.org/pkg-types 103ms (cache miss)
366 http fetch GET 200 https://registry.npmjs.org/webpack-virtual-modules 98ms (cache miss)
367 http fetch GET 200 https://registry.npmjs.org/@jridgewell%2fgen-mapping 119ms (cache miss)
368 http fetch GET 200 https://registry.npmjs.org/quansync 105ms (cache miss)
369 http fetch GET 200 https://registry.npmjs.org/ast-kit 117ms (cache miss)
370 http fetch GET 200 https://registry.npmjs.org/@jridgewell%2ftrace-mapping 122ms (cache miss)
371 http fetch GET 200 https://registry.npmjs.org/readdirp 112ms (cache miss)
372 http fetch GET 200 https://registry.npmjs.org/pkg-types 109ms (cache miss)
373 http fetch GET 200 https://registry.npmjs.org/acorn 112ms (cache miss)
374 http fetch GET 200 https://registry.npmjs.org/ufo 113ms (cache miss)
375 http fetch GET 200 https://registry.npmjs.org/@jridgewell%2fremapping 190ms (cache miss)
376 timing idealTree:node_modules/vue-router Completed in 239ms
377 silly placeDep node_modules/@babel/generator @babel/parser@8.0.0-rc.5 OK for: @babel/generator@8.0.0-rc.5 want: ^8.0.0-rc.5
378 silly placeDep node_modules/@babel/generator @babel/types@8.0.0-rc.5 OK for: @babel/generator@8.0.0-rc.5 want: ^8.0.0-rc.5
379 silly placeDep ROOT @jridgewell/gen-mapping@0.3.13 OK for: @babel/generator@8.0.0-rc.5 want: ^0.3.12
380 silly placeDep ROOT @jridgewell/trace-mapping@0.3.31 OK for: @babel/generator@8.0.0-rc.5 want: ^0.3.28
381 silly placeDep ROOT @types/jsesc@2.5.1 OK for: @babel/generator@8.0.0-rc.5 want: ^2.5.0
382 silly placeDep ROOT jsesc@3.1.0 OK for: @babel/generator@8.0.0-rc.5 want: ^3.0.2
383 silly fetch manifest @babel/helper-string-parser@^8.0.0-rc.5
384 silly fetch manifest @babel/helper-validator-identifier@^8.0.0-rc.5
385 silly fetch manifest @jridgewell/resolve-uri@^3.1.0
386 http fetch GET 200 https://registry.npmjs.org/@babel%2fhelper-string-parser 9ms (cache hit)
387 http fetch GET 200 https://registry.npmjs.org/@babel%2fhelper-validator-identifier 10ms (cache hit)
388 http fetch GET 200 https://registry.npmjs.org/@jridgewell%2fresolve-uri 36ms (cache miss)
389 timing idealTree:node_modules/@babel/generator Completed in 51ms
390 timing idealTree:node_modules/@jridgewell/gen-mapping Completed in 0ms
391 silly placeDep ROOT @jridgewell/resolve-uri@3.1.2 OK for: @jridgewell/trace-mapping@0.3.31 want: ^3.1.0
392 timing idealTree:node_modules/@jridgewell/trace-mapping Completed in 2ms
393 timing idealTree:node_modules/@jridgewell/resolve-uri Completed in 0ms
394 timing idealTree:node_modules/@types/jsesc Completed in 0ms
395 silly placeDep ROOT ast-kit@2.2.0 OK for: @vue-macros/common@3.1.2 want: ^2.1.2
396 silly placeDep ROOT magic-string-ast@1.0.2 OK for: @vue-macros/common@3.1.2 want: ^1.0.2
397 timing idealTree:node_modules/@vue-macros/common Completed in 4ms
398 timing idealTree:node_modules/ast-kit Completed in 0ms
399 timing idealTree:node_modules/ast-walker-scope Completed in 0ms
400 silly placeDep ROOT readdirp@5.0.0 OK for: chokidar@5.0.0 want: ^5.0.0
401 timing idealTree:node_modules/chokidar Completed in 1ms
402 timing idealTree:node_modules/jsesc Completed in 0ms
403 timing idealTree:node_modules/json5 Completed in 0ms
404 silly placeDep ROOT pkg-types@2.3.1 OK for: local-pkg@1.1.2 want: ^2.3.0
405 silly placeDep ROOT quansync@0.2.11 OK for: local-pkg@1.1.2 want: ^0.2.11
406 silly fetch manifest confbox@^0.2.4
407 silly fetch manifest exsolve@^1.0.8
408 http fetch GET 200 https://registry.npmjs.org/confbox 27ms (cache miss)
409 http fetch GET 200 https://registry.npmjs.org/exsolve 31ms (cache miss)
410 timing idealTree:node_modules/local-pkg Completed in 37ms
411 timing idealTree:node_modules/magic-string-ast Completed in 0ms
412 silly placeDep ROOT acorn@8.16.0 OK for: mlly@1.8.2 want: ^8.16.0
413 silly placeDep node_modules/mlly pkg-types@1.3.1 OK for: mlly@1.8.2 want: ^1.3.1
414 silly placeDep ROOT ufo@1.6.4 OK for: mlly@1.8.2 want: ^1.6.3
415 silly fetch manifest confbox@^0.1.8
416 timing idealTree:node_modules/mlly Completed in 5ms
417 timing idealTree:node_modules/acorn Completed in 0ms
418 timing idealTree:node_modules/muggle-string Completed in 0ms
419 timing idealTree:node_modules/pathe Completed in 0ms
420 silly placeDep ROOT confbox@0.2.4 OK for: pkg-types@2.3.1 want: ^0.2.4
421 silly placeDep ROOT exsolve@1.0.8 OK for: pkg-types@2.3.1 want: ^1.0.8
422 timing idealTree:node_modules/pkg-types Completed in 3ms
423 timing idealTree:node_modules/confbox Completed in 0ms
424 timing idealTree:node_modules/exsolve Completed in 0ms
425 timing idealTree:node_modules/quansync Completed in 0ms
426 timing idealTree:node_modules/readdirp Completed in 0ms
427 timing idealTree:node_modules/scule Completed in 0ms
428 timing idealTree:node_modules/ufo Completed in 1ms
429 silly placeDep ROOT @jridgewell/remapping@2.3.5 OK for: unplugin@3.0.0 want: ^2.3.5
430 silly placeDep ROOT webpack-virtual-modules@0.6.2 OK for: unplugin@3.0.0 want: ^0.6.2
431 timing idealTree:node_modules/unplugin Completed in 3ms
432 timing idealTree:node_modules/@jridgewell/remapping Completed in 0ms
433 timing idealTree:node_modules/unplugin-utils Completed in 0ms
434 timing idealTree:node_modules/webpack-virtual-modules Completed in 0ms
435 timing idealTree:node_modules/yaml Completed in 0ms
436 timing idealTree:node_modules/@babel/generator/node_modules/@babel/parser Completed in 0ms
437 silly placeDep node_modules/@babel/generator @babel/helper-string-parser@8.0.0-rc.5 OK for: @babel/types@8.0.0-rc.5 want: ^8.0.0-rc.5
438 silly placeDep node_modules/@babel/generator @babel/helper-validator-identifier@8.0.0-rc.5 OK for: @babel/types@8.0.0-rc.5 want: ^8.0.0-rc.5
439 timing idealTree:node_modules/@babel/generator/node_modules/@babel/types Completed in 4ms
440 timing idealTree:node_modules/@babel/generator/node_modules/@babel/helper-string-parser Completed in 0ms
441 timing idealTree:node_modules/@babel/generator/node_modules/@babel/helper-validator-identifier Completed in 0ms
442 silly placeDep node_modules/mlly confbox@0.1.8 OK for: pkg-types@1.3.1 want: ^0.1.8
443 timing idealTree:node_modules/mlly/node_modules/pkg-types Completed in 2ms
444 timing idealTree:node_modules/mlly/node_modules/confbox Completed in 0ms
445 silly placeDep node_modules/vue-router @vue/devtools-kit@8.1.2 OK for: @vue/devtools-api@8.1.2 want: ^8.1.2
446 silly fetch manifest perfect-debounce@^2.0.0
447 silly fetch manifest @vue/devtools-shared@^8.1.2
448 timing idealTree:node_modules/vue-router/node_modules/@vue/devtools-api Completed in 4ms
449 silly placeDep node_modules/vue-router @vue/devtools-shared@8.1.2 OK for: @vue/devtools-kit@8.1.2 want: ^8.1.2
450 silly placeDep node_modules/vue-router perfect-debounce@2.1.0 OK for: @vue/devtools-kit@8.1.2 want: ^2.0.0
451 timing idealTree:node_modules/vue-router/node_modules/@vue/devtools-kit Completed in 3ms
452 timing idealTree:node_modules/vue-router/node_modules/@vue/devtools-shared Completed in 0ms
453 timing idealTree:node_modules/vue-router/node_modules/perfect-debounce Completed in 0ms
454 timing idealTree:buildDeps Completed in 2842ms
455 timing idealTree:fixDepFlags Completed in 3ms
456 warn EBADENGINE Unsupported engine {
456 warn EBADENGINE   package: '@vitejs/plugin-vue@6.0.7',
456 warn EBADENGINE   required: { node: '^20.19.0 || >=22.12.0' },
456 warn EBADENGINE   current: { node: 'v20.18.2', npm: '9.2.0' }
456 warn EBADENGINE }
457 warn EBADENGINE Unsupported engine {
457 warn EBADENGINE   package: 'rolldown@1.0.1',
457 warn EBADENGINE   required: { node: '^20.19.0 || >=22.12.0' },
457 warn EBADENGINE   current: { node: 'v20.18.2', npm: '9.2.0' }
457 warn EBADENGINE }
458 warn EBADENGINE Unsupported engine {
458 warn EBADENGINE   package: 'vite@8.0.13',
458 warn EBADENGINE   required: { node: '^20.19.0 || >=22.12.0' },
458 warn EBADENGINE   current: { node: 'v20.18.2', npm: '9.2.0' }
458 warn EBADENGINE }
459 warn EBADENGINE Unsupported engine {
459 warn EBADENGINE   package: '@babel/generator@8.0.0-rc.5',
459 warn EBADENGINE   required: { node: '^22.18.0 || >=24.11.0' },
459 warn EBADENGINE   current: { node: 'v20.18.2', npm: '9.2.0' }
459 warn EBADENGINE }
460 warn EBADENGINE Unsupported engine {
460 warn EBADENGINE   package: '@vue-macros/common@3.1.2',
460 warn EBADENGINE   required: { node: '>=20.19.0' },
460 warn EBADENGINE   current: { node: 'v20.18.2', npm: '9.2.0' }
460 warn EBADENGINE }
461 warn EBADENGINE Unsupported engine {
461 warn EBADENGINE   package: 'ast-walker-scope@0.8.3',
461 warn EBADENGINE   required: { node: '>=20.19.0' },
461 warn EBADENGINE   current: { node: 'v20.18.2', npm: '9.2.0' }
461 warn EBADENGINE }
462 warn EBADENGINE Unsupported engine {
462 warn EBADENGINE   package: 'chokidar@5.0.0',
462 warn EBADENGINE   required: { node: '>= 20.19.0' },
462 warn EBADENGINE   current: { node: 'v20.18.2', npm: '9.2.0' }
462 warn EBADENGINE }
463 warn EBADENGINE Unsupported engine {
463 warn EBADENGINE   package: 'unplugin@3.0.0',
463 warn EBADENGINE   required: { node: '^20.19.0 || >=22.12.0' },
463 warn EBADENGINE   current: { node: 'v20.18.2', npm: '9.2.0' }
463 warn EBADENGINE }
464 warn EBADENGINE Unsupported engine {
464 warn EBADENGINE   package: 'unplugin-utils@0.3.1',
464 warn EBADENGINE   required: { node: '>=20.19.0' },
464 warn EBADENGINE   current: { node: 'v20.18.2', npm: '9.2.0' }
464 warn EBADENGINE }
465 warn EBADENGINE Unsupported engine {
465 warn EBADENGINE   package: '@babel/parser@8.0.0-rc.5',
465 warn EBADENGINE   required: { node: '^22.18.0 || >=24.11.0' },
465 warn EBADENGINE   current: { node: 'v20.18.2', npm: '9.2.0' }
465 warn EBADENGINE }
466 warn EBADENGINE Unsupported engine {
466 warn EBADENGINE   package: '@babel/types@8.0.0-rc.5',
466 warn EBADENGINE   required: { node: '^22.18.0 || >=24.11.0' },
466 warn EBADENGINE   current: { node: 'v20.18.2', npm: '9.2.0' }
466 warn EBADENGINE }
467 warn EBADENGINE Unsupported engine {
467 warn EBADENGINE   package: 'ast-kit@2.2.0',
467 warn EBADENGINE   required: { node: '>=20.19.0' },
467 warn EBADENGINE   current: { node: 'v20.18.2', npm: '9.2.0' }
467 warn EBADENGINE }
468 warn EBADENGINE Unsupported engine {
468 warn EBADENGINE   package: 'readdirp@5.0.0',
468 warn EBADENGINE   required: { node: '>= 20.19.0' },
468 warn EBADENGINE   current: { node: 'v20.18.2', npm: '9.2.0' }
468 warn EBADENGINE }
469 warn EBADENGINE Unsupported engine {
469 warn EBADENGINE   package: '@babel/helper-string-parser@8.0.0-rc.5',
469 warn EBADENGINE   required: { node: '^22.18.0 || >=24.11.0' },
469 warn EBADENGINE   current: { node: 'v20.18.2', npm: '9.2.0' }
469 warn EBADENGINE }
470 warn EBADENGINE Unsupported engine {
470 warn EBADENGINE   package: '@babel/helper-validator-identifier@8.0.0-rc.5',
470 warn EBADENGINE   required: { node: '^22.18.0 || >=24.11.0' },
470 warn EBADENGINE   current: { node: 'v20.18.2', npm: '9.2.0' }
470 warn EBADENGINE }
471 timing idealTree Completed in 2948ms
472 timing reify:loadTrees Completed in 2949ms
473 timing reify:diffTrees Completed in 6ms
474 silly reify moves {}
475 timing reify:retireShallow Completed in 1ms
476 timing reify:createSparse Completed in 21ms
477 timing reify:loadBundles Completed in 0ms
478 silly audit bulk request {
478 silly audit   '@babel/helper-string-parser': [ '7.27.1', '8.0.0-rc.5' ],
478 silly audit   '@babel/helper-validator-identifier': [ '7.28.5', '8.0.0-rc.5' ],
478 silly audit   '@babel/parser': [ '7.29.3', '8.0.0-rc.5' ],
478 silly audit   '@babel/types': [ '7.29.0', '8.0.0-rc.5' ],
478 silly audit   '@emnapi/core': [ '1.10.0' ],
478 silly audit   '@emnapi/runtime': [ '1.10.0' ],
478 silly audit   '@emnapi/wasi-threads': [ '1.2.1' ],
478 silly audit   '@jridgewell/sourcemap-codec': [ '1.5.5' ],
478 silly audit   '@napi-rs/wasm-runtime': [ '1.1.4' ],
478 silly audit   '@oxc-project/types': [ '0.130.0' ],
478 silly audit   '@rolldown/binding-android-arm64': [ '1.0.1' ],
478 silly audit   '@rolldown/binding-darwin-arm64': [ '1.0.1' ],
478 silly audit   '@rolldown/binding-darwin-x64': [ '1.0.1' ],
478 silly audit   '@rolldown/binding-freebsd-x64': [ '1.0.1' ],
478 silly audit   '@rolldown/binding-linux-arm-gnueabihf': [ '1.0.1' ],
478 silly audit   '@rolldown/binding-linux-arm64-gnu': [ '1.0.1' ],
478 silly audit   '@rolldown/binding-linux-arm64-musl': [ '1.0.1' ],
478 silly audit   '@rolldown/binding-linux-ppc64-gnu': [ '1.0.1' ],
478 silly audit   '@rolldown/binding-linux-s390x-gnu': [ '1.0.1' ],
478 silly audit   '@rolldown/binding-linux-x64-gnu': [ '1.0.1' ],
478 silly audit   '@rolldown/binding-linux-x64-musl': [ '1.0.1' ],
478 silly audit   '@rolldown/binding-openharmony-arm64': [ '1.0.1' ],
478 silly audit   '@rolldown/binding-wasm32-wasi': [ '1.0.1' ],
478 silly audit   '@rolldown/binding-win32-arm64-msvc': [ '1.0.1' ],
478 silly audit   '@rolldown/binding-win32-x64-msvc': [ '1.0.1' ],
478 silly audit   '@rolldown/pluginutils': [ '1.0.1' ],
478 silly audit   '@tybys/wasm-util': [ '0.10.2' ],
478 silly audit   '@vitejs/plugin-vue': [ '6.0.7' ],
478 silly audit   '@vue/compiler-core': [ '3.5.34' ],
478 silly audit   '@vue/compiler-dom': [ '3.5.34' ],
478 silly audit   '@vue/compiler-sfc': [ '3.5.34' ],
478 silly audit   '@vue/compiler-ssr': [ '3.5.34' ],
478 silly audit   '@vue/reactivity': [ '3.5.34' ],
478 silly audit   '@vue/runtime-core': [ '3.5.34' ],
478 silly audit   '@vue/runtime-dom': [ '3.5.34' ],
478 silly audit   '@vue/server-renderer': [ '3.5.34' ],
478 silly audit   '@vue/shared': [ '3.5.34' ],
478 silly audit   csstype: [ '3.2.3' ],
478 silly audit   'detect-libc': [ '2.1.2' ],
478 silly audit   entities: [ '7.0.1' ],
478 silly audit   'estree-walker': [ '2.0.2' ],
478 silly audit   fdir: [ '6.5.0' ],
478 silly audit   fsevents: [ '2.3.3' ],
478 silly audit   lightningcss: [ '1.32.0' ],
478 silly audit   'lightningcss-android-arm64': [ '1.32.0' ],
478 silly audit   'lightningcss-darwin-arm64': [ '1.32.0' ],
478 silly audit   'lightningcss-darwin-x64': [ '1.32.0' ],
478 silly audit   'lightningcss-freebsd-x64': [ '1.32.0' ],
478 silly audit   'lightningcss-linux-arm-gnueabihf': [ '1.32.0' ],
478 silly audit   'lightningcss-linux-arm64-gnu': [ '1.32.0' ],
478 silly audit   'lightningcss-linux-arm64-musl': [ '1.32.0' ],
478 silly audit   'lightningcss-linux-x64-gnu': [ '1.32.0' ],
478 silly audit   'lightningcss-linux-x64-musl': [ '1.32.0' ],
478 silly audit   'lightningcss-win32-arm64-msvc': [ '1.32.0' ],
478 silly audit   'lightningcss-win32-x64-msvc': [ '1.32.0' ],
478 silly audit   'magic-string': [ '0.30.21' ],
478 silly audit   nanoid: [ '3.3.12' ],
478 silly audit   picocolors: [ '1.1.1' ],
478 silly audit   picomatch: [ '4.0.4' ],
478 silly audit   postcss: [ '8.5.14' ],
478 silly audit   rolldown: [ '1.0.1' ],
478 silly audit   'source-map-js': [ '1.2.1' ],
478 silly audit   tinyglobby: [ '0.2.16' ],
478 silly audit   tslib: [ '2.8.1' ],
478 silly audit   vite: [ '8.0.13' ],
478 silly audit   vue: [ '3.5.34' ],
478 silly audit   '@element-plus/icons-vue': [ '2.3.2' ],
478 silly audit   axios: [ '1.16.1' ],
478 silly audit   'element-plus': [ '2.14.0' ],
478 silly audit   pinia: [ '3.0.4' ],
478 silly audit   'vue-router': [ '5.0.7' ],
478 silly audit   'follow-redirects': [ '1.16.0' ],
478 silly audit   'form-data': [ '4.0.5' ],
478 silly audit   'https-proxy-agent': [ '5.0.1' ],
478 silly audit   'proxy-from-env': [ '2.1.0' ],
478 silly audit   '@ctrl/tinycolor': [ '4.2.0' ],
478 silly audit   '@floating-ui/dom': [ '1.7.6' ],
478 silly audit   '@sxzz/popperjs-es': [ '2.11.8' ],
478 silly audit   '@types/lodash': [ '4.17.24' ],
478 silly audit   '@types/lodash-es': [ '4.17.12' ],
478 silly audit   '@vueuse/core': [ '14.3.0' ],
478 silly audit   'async-validator': [ '4.2.5' ],
478 silly audit   dayjs: [ '1.11.20' ],
478 silly audit   lodash: [ '4.18.1' ],
478 silly audit   'lodash-es': [ '4.18.1' ],
478 silly audit   'lodash-unified': [ '1.0.3' ],
478 silly audit   'memoize-one': [ '6.0.0' ],
478 silly audit   'normalize-wheel-es': [ '1.2.0' ],
478 silly audit   'vue-component-type-helpers': [ '3.2.9' ],
478 silly audit   '@floating-ui/core': [ '1.7.5' ],
478 silly audit   '@floating-ui/utils': [ '0.2.11' ],
478 silly audit   '@types/web-bluetooth': [ '0.0.21' ],
478 silly audit   '@vueuse/metadata': [ '14.3.0' ],
478 silly audit   '@vueuse/shared': [ '14.3.0' ],
478 silly audit   asynckit: [ '0.4.0' ],
478 silly audit   'combined-stream': [ '1.0.8' ],
478 silly audit   'es-set-tostringtag': [ '2.1.0' ],
478 silly audit   hasown: [ '2.0.3' ],
478 silly audit   'mime-types': [ '2.1.35' ],
478 silly audit   'delayed-stream': [ '1.0.0' ],
478 silly audit   'es-errors': [ '1.3.0' ],
478 silly audit   'get-intrinsic': [ '1.3.0' ],
478 silly audit   'has-tostringtag': [ '1.0.2' ],
478 silly audit   'call-bind-apply-helpers': [ '1.0.2' ],
478 silly audit   'es-define-property': [ '1.0.1' ],
478 silly audit   'es-object-atoms': [ '1.1.1' ],
478 silly audit   'function-bind': [ '1.1.2' ],
478 silly audit   'get-proto': [ '1.0.1' ],
478 silly audit   gopd: [ '1.2.0' ],
478 silly audit   'has-symbols': [ '1.1.0' ],
478 silly audit   'math-intrinsics': [ '1.1.0' ],
478 silly audit   'dunder-proto': [ '1.0.1' ],
478 silly audit   'agent-base': [ '6.0.2' ],
478 silly audit   debug: [ '4.4.3' ],
478 silly audit   ms: [ '2.1.3' ],
478 silly audit   'mime-db': [ '1.52.0' ],
478 silly audit   '@vue/devtools-api': [ '7.7.9', '8.1.2' ],
478 silly audit   '@vue/devtools-kit': [ '7.7.9', '8.1.2' ],
478 silly audit   '@vue/devtools-shared': [ '7.7.9', '8.1.2' ],
478 silly audit   birpc: [ '2.9.0' ],
478 silly audit   hookable: [ '5.5.3' ],
478 silly audit   mitt: [ '3.0.1' ],
478 silly audit   'perfect-debounce': [ '1.0.0', '2.1.0' ],
478 silly audit   speakingurl: [ '14.0.1' ],
478 silly audit   superjson: [ '2.2.6' ],
478 silly audit   rfdc: [ '1.4.1' ],
478 silly audit   'copy-anything': [ '4.0.5' ],
478 silly audit   'is-what': [ '5.5.0' ],
478 silly audit   '@babel/generator': [ '8.0.0-rc.5' ],
478 silly audit   '@vue-macros/common': [ '3.1.2' ],
478 silly audit   'ast-walker-scope': [ '0.8.3' ],
478 silly audit   chokidar: [ '5.0.0' ],
478 silly audit   json5: [ '2.2.3' ],
478 silly audit   'local-pkg': [ '1.1.2' ],
478 silly audit   mlly: [ '1.8.2' ],
478 silly audit   'muggle-string': [ '0.4.1' ],
478 silly audit   pathe: [ '2.0.3' ],
478 silly audit   scule: [ '1.3.0' ],
478 silly audit   unplugin: [ '3.0.0' ],
478 silly audit   'unplugin-utils': [ '0.3.1' ],
478 silly audit   yaml: [ '2.9.0' ],
478 silly audit   '@jridgewell/gen-mapping': [ '0.3.13' ],
478 silly audit   '@jridgewell/trace-mapping': [ '0.3.31' ],
478 silly audit   '@types/jsesc': [ '2.5.1' ],
478 silly audit   jsesc: [ '3.1.0' ],
478 silly audit   '@jridgewell/resolve-uri': [ '3.1.2' ],
478 silly audit   'ast-kit': [ '2.2.0' ],
478 silly audit   'magic-string-ast': [ '1.0.2' ],
478 silly audit   readdirp: [ '5.0.0' ],
478 silly audit   'pkg-types': [ '2.3.1', '1.3.1' ],
478 silly audit   quansync: [ '0.2.11' ],
478 silly audit   acorn: [ '8.16.0' ],
478 silly audit   ufo: [ '1.6.4' ],
478 silly audit   confbox: [ '0.2.4', '0.1.8' ],
478 silly audit   exsolve: [ '1.0.8' ],
478 silly audit   '@jridgewell/remapping': [ '2.3.5' ],
478 silly audit   'webpack-virtual-modules': [ '0.6.2' ]
478 silly audit }
479 verbose reify failed optional dependency /root/pemanager/frontend/node_modules/lightningcss-win32-x64-msvc
480 silly reify mark deleted [ '/root/pemanager/frontend/node_modules/lightningcss-win32-x64-msvc' ]
481 verbose reify failed optional dependency /root/pemanager/frontend/node_modules/lightningcss-win32-arm64-msvc
482 silly reify mark deleted [
482 silly reify   '/root/pemanager/frontend/node_modules/lightningcss-win32-arm64-msvc'
482 silly reify ]
483 verbose reify failed optional dependency /root/pemanager/frontend/node_modules/lightningcss-linux-arm64-musl
484 silly reify mark deleted [
484 silly reify   '/root/pemanager/frontend/node_modules/lightningcss-linux-arm64-musl'
484 silly reify ]
485 verbose reify failed optional dependency /root/pemanager/frontend/node_modules/lightningcss-linux-arm64-gnu
486 silly reify mark deleted [
486 silly reify   '/root/pemanager/frontend/node_modules/lightningcss-linux-arm64-gnu'
486 silly reify ]
487 verbose reify failed optional dependency /root/pemanager/frontend/node_modules/lightningcss-linux-arm-gnueabihf
488 silly reify mark deleted [
488 silly reify   '/root/pemanager/frontend/node_modules/lightningcss-linux-arm-gnueabihf'
488 silly reify ]
489 verbose reify failed optional dependency /root/pemanager/frontend/node_modules/lightningcss-freebsd-x64
490 silly reify mark deleted [ '/root/pemanager/frontend/node_modules/lightningcss-freebsd-x64' ]
491 verbose reify failed optional dependency /root/pemanager/frontend/node_modules/lightningcss-darwin-x64
492 silly reify mark deleted [ '/root/pemanager/frontend/node_modules/lightningcss-darwin-x64' ]
493 verbose reify failed optional dependency /root/pemanager/frontend/node_modules/lightningcss-darwin-arm64
494 silly reify mark deleted [ '/root/pemanager/frontend/node_modules/lightningcss-darwin-arm64' ]
495 verbose reify failed optional dependency /root/pemanager/frontend/node_modules/lightningcss-android-arm64
496 silly reify mark deleted [ '/root/pemanager/frontend/node_modules/lightningcss-android-arm64' ]
497 verbose reify failed optional dependency /root/pemanager/frontend/node_modules/fsevents
498 silly reify mark deleted [ '/root/pemanager/frontend/node_modules/fsevents' ]
499 verbose reify failed optional dependency /root/pemanager/frontend/node_modules/@rolldown/binding-win32-x64-msvc
500 silly reify mark deleted [
500 silly reify   '/root/pemanager/frontend/node_modules/@rolldown/binding-win32-x64-msvc'
500 silly reify ]
501 verbose reify failed optional dependency /root/pemanager/frontend/node_modules/@rolldown/binding-win32-arm64-msvc
502 silly reify mark deleted [
502 silly reify   '/root/pemanager/frontend/node_modules/@rolldown/binding-win32-arm64-msvc'
502 silly reify ]
503 verbose reify failed optional dependency /root/pemanager/frontend/node_modules/@rolldown/binding-wasm32-wasi
504 silly reify mark deleted [
504 silly reify   '/root/pemanager/frontend/node_modules/@rolldown/binding-wasm32-wasi'
504 silly reify ]
505 verbose reify failed optional dependency /root/pemanager/frontend/node_modules/@emnapi/core
506 silly reify mark deleted [ '/root/pemanager/frontend/node_modules/@emnapi/core' ]
507 verbose reify failed optional dependency /root/pemanager/frontend/node_modules/@emnapi/runtime
508 silly reify mark deleted [ '/root/pemanager/frontend/node_modules/@emnapi/runtime' ]
509 verbose reify failed optional dependency /root/pemanager/frontend/node_modules/@napi-rs/wasm-runtime
510 silly reify mark deleted [ '/root/pemanager/frontend/node_modules/@napi-rs/wasm-runtime' ]
511 verbose reify failed optional dependency /root/pemanager/frontend/node_modules/@emnapi/wasi-threads
512 silly reify mark deleted [ '/root/pemanager/frontend/node_modules/@emnapi/wasi-threads' ]
513 verbose reify failed optional dependency /root/pemanager/frontend/node_modules/tslib
514 silly reify mark deleted [ '/root/pemanager/frontend/node_modules/tslib' ]
515 verbose reify failed optional dependency /root/pemanager/frontend/node_modules/@tybys/wasm-util
516 silly reify mark deleted [ '/root/pemanager/frontend/node_modules/@tybys/wasm-util' ]
517 verbose reify failed optional dependency /root/pemanager/frontend/node_modules/@rolldown/binding-openharmony-arm64
518 silly reify mark deleted [
518 silly reify   '/root/pemanager/frontend/node_modules/@rolldown/binding-openharmony-arm64'
518 silly reify ]
519 verbose reify failed optional dependency /root/pemanager/frontend/node_modules/@rolldown/binding-linux-x64-musl
520 silly reify mark deleted [
520 silly reify   '/root/pemanager/frontend/node_modules/@rolldown/binding-linux-x64-musl'
520 silly reify ]
521 verbose reify failed optional dependency /root/pemanager/frontend/node_modules/@rolldown/binding-linux-x64-gnu
522 silly reify mark deleted [
522 silly reify   '/root/pemanager/frontend/node_modules/@rolldown/binding-linux-x64-gnu'
522 silly reify ]
523 verbose reify failed optional dependency /root/pemanager/frontend/node_modules/@rolldown/binding-linux-s390x-gnu
524 silly reify mark deleted [
524 silly reify   '/root/pemanager/frontend/node_modules/@rolldown/binding-linux-s390x-gnu'
524 silly reify ]
525 verbose reify failed optional dependency /root/pemanager/frontend/node_modules/@rolldown/binding-linux-ppc64-gnu
526 silly reify mark deleted [
526 silly reify   '/root/pemanager/frontend/node_modules/@rolldown/binding-linux-ppc64-gnu'
526 silly reify ]
527 verbose reify failed optional dependency /root/pemanager/frontend/node_modules/@rolldown/binding-linux-arm64-musl
528 silly reify mark deleted [
528 silly reify   '/root/pemanager/frontend/node_modules/@rolldown/binding-linux-arm64-musl'
528 silly reify ]
529 verbose reify failed optional dependency /root/pemanager/frontend/node_modules/@rolldown/binding-linux-arm64-gnu
530 silly reify mark deleted [
530 silly reify   '/root/pemanager/frontend/node_modules/@rolldown/binding-linux-arm64-gnu'
530 silly reify ]
531 verbose reify failed optional dependency /root/pemanager/frontend/node_modules/@rolldown/binding-linux-arm-gnueabihf
532 silly reify mark deleted [
532 silly reify   '/root/pemanager/frontend/node_modules/@rolldown/binding-linux-arm-gnueabihf'
532 silly reify ]
533 verbose reify failed optional dependency /root/pemanager/frontend/node_modules/@rolldown/binding-freebsd-x64
534 silly reify mark deleted [
534 silly reify   '/root/pemanager/frontend/node_modules/@rolldown/binding-freebsd-x64'
534 silly reify ]
535 verbose reify failed optional dependency /root/pemanager/frontend/node_modules/@rolldown/binding-darwin-x64
536 silly reify mark deleted [
536 silly reify   '/root/pemanager/frontend/node_modules/@rolldown/binding-darwin-x64'
536 silly reify ]
537 verbose reify failed optional dependency /root/pemanager/frontend/node_modules/@rolldown/binding-darwin-arm64
538 silly reify mark deleted [
538 silly reify   '/root/pemanager/frontend/node_modules/@rolldown/binding-darwin-arm64'
538 silly reify ]
539 verbose reify failed optional dependency /root/pemanager/frontend/node_modules/@rolldown/binding-android-arm64
540 silly reify mark deleted [
540 silly reify   '/root/pemanager/frontend/node_modules/@rolldown/binding-android-arm64'
540 silly reify ]
541 timing reifyNode:node_modules/lightningcss-win32-x64-msvc Completed in 41ms
542 timing reifyNode:node_modules/lightningcss-win32-arm64-msvc Completed in 41ms
543 timing reifyNode:node_modules/lightningcss-linux-arm64-musl Completed in 41ms
544 timing reifyNode:node_modules/lightningcss-linux-arm64-gnu Completed in 42ms
545 timing reifyNode:node_modules/lightningcss-linux-arm-gnueabihf Completed in 42ms
546 timing reifyNode:node_modules/lightningcss-freebsd-x64 Completed in 42ms
547 timing reifyNode:node_modules/lightningcss-darwin-x64 Completed in 42ms
548 timing reifyNode:node_modules/lightningcss-darwin-arm64 Completed in 42ms
549 timing reifyNode:node_modules/lightningcss-android-arm64 Completed in 42ms
550 timing reifyNode:node_modules/fsevents Completed in 42ms
551 timing reifyNode:node_modules/@rolldown/binding-win32-x64-msvc Completed in 42ms
552 timing reifyNode:node_modules/@rolldown/binding-win32-arm64-msvc Completed in 41ms
553 timing reifyNode:node_modules/@rolldown/binding-wasm32-wasi Completed in 42ms
554 timing reifyNode:node_modules/@rolldown/binding-openharmony-arm64 Completed in 42ms
555 timing reifyNode:node_modules/@rolldown/binding-linux-x64-musl Completed in 42ms
556 timing reifyNode:node_modules/@rolldown/binding-linux-x64-gnu Completed in 42ms
557 timing reifyNode:node_modules/@rolldown/binding-linux-s390x-gnu Completed in 42ms
558 timing reifyNode:node_modules/@rolldown/binding-linux-ppc64-gnu Completed in 42ms
559 timing reifyNode:node_modules/@rolldown/binding-linux-arm64-musl Completed in 42ms
560 timing reifyNode:node_modules/@rolldown/binding-linux-arm64-gnu Completed in 42ms
561 timing reifyNode:node_modules/@rolldown/binding-linux-arm-gnueabihf Completed in 43ms
562 timing reifyNode:node_modules/@rolldown/binding-freebsd-x64 Completed in 43ms
563 timing reifyNode:node_modules/@rolldown/binding-darwin-x64 Completed in 43ms
564 timing reifyNode:node_modules/@rolldown/binding-darwin-arm64 Completed in 43ms
565 timing reifyNode:node_modules/@rolldown/binding-android-arm64 Completed in 43ms
566 silly tarball no local data for @jridgewell/remapping@https://registry.npmjs.org/@jridgewell/remapping/-/remapping-2.3.5.tgz. Extracting by manifest.
567 silly tarball no local data for webpack-virtual-modules@https://registry.npmjs.org/webpack-virtual-modules/-/webpack-virtual-modules-0.6.2.tgz. Extracting by manifest.
568 silly tarball no local data for exsolve@https://registry.npmjs.org/exsolve/-/exsolve-1.0.8.tgz. Extracting by manifest.
569 silly tarball no local data for confbox@https://registry.npmjs.org/confbox/-/confbox-0.2.4.tgz. Extracting by manifest.
570 silly tarball no local data for acorn@https://registry.npmjs.org/acorn/-/acorn-8.16.0.tgz. Extracting by manifest.
571 silly tarball no local data for quansync@https://registry.npmjs.org/quansync/-/quansync-0.2.11.tgz. Extracting by manifest.
572 silly tarball no local data for pkg-types@https://registry.npmjs.org/pkg-types/-/pkg-types-2.3.1.tgz. Extracting by manifest.
573 silly tarball no local data for readdirp@https://registry.npmjs.org/readdirp/-/readdirp-5.0.0.tgz. Extracting by manifest.
574 silly tarball no local data for ufo@https://registry.npmjs.org/ufo/-/ufo-1.6.4.tgz. Extracting by manifest.
575 silly tarball no local data for magic-string-ast@https://registry.npmjs.org/magic-string-ast/-/magic-string-ast-1.0.2.tgz. Extracting by manifest.
576 silly tarball no local data for ast-kit@https://registry.npmjs.org/ast-kit/-/ast-kit-2.2.0.tgz. Extracting by manifest.
577 silly tarball no local data for jsesc@https://registry.npmjs.org/jsesc/-/jsesc-3.1.0.tgz. Extracting by manifest.
578 silly tarball no local data for @jridgewell/resolve-uri@https://registry.npmjs.org/@jridgewell/resolve-uri/-/resolve-uri-3.1.2.tgz. Extracting by manifest.
579 silly tarball no local data for @types/jsesc@https://registry.npmjs.org/@types/jsesc/-/jsesc-2.5.1.tgz. Extracting by manifest.
580 silly tarball no local data for @jridgewell/trace-mapping@https://registry.npmjs.org/@jridgewell/trace-mapping/-/trace-mapping-0.3.31.tgz. Extracting by manifest.
581 silly tarball no local data for yaml@https://registry.npmjs.org/yaml/-/yaml-2.9.0.tgz. Extracting by manifest.
582 silly tarball no local data for unplugin-utils@https://registry.npmjs.org/unplugin-utils/-/unplugin-utils-0.3.1.tgz. Extracting by manifest.
583 silly tarball no local data for @jridgewell/gen-mapping@https://registry.npmjs.org/@jridgewell/gen-mapping/-/gen-mapping-0.3.13.tgz. Extracting by manifest.
584 silly tarball no local data for unplugin@https://registry.npmjs.org/unplugin/-/unplugin-3.0.0.tgz. Extracting by manifest.
585 silly tarball no local data for muggle-string@https://registry.npmjs.org/muggle-string/-/muggle-string-0.4.1.tgz. Extracting by manifest.
586 silly tarball no local data for scule@https://registry.npmjs.org/scule/-/scule-1.3.0.tgz. Extracting by manifest.
587 silly tarball no local data for pathe@https://registry.npmjs.org/pathe/-/pathe-2.0.3.tgz. Extracting by manifest.
588 silly tarball no local data for mlly@https://registry.npmjs.org/mlly/-/mlly-1.8.2.tgz. Extracting by manifest.
589 silly tarball no local data for local-pkg@https://registry.npmjs.org/local-pkg/-/local-pkg-1.1.2.tgz. Extracting by manifest.
590 silly tarball no local data for chokidar@https://registry.npmjs.org/chokidar/-/chokidar-5.0.0.tgz. Extracting by manifest.
591 silly tarball no local data for ast-walker-scope@https://registry.npmjs.org/ast-walker-scope/-/ast-walker-scope-0.8.3.tgz. Extracting by manifest.
592 silly tarball no local data for json5@https://registry.npmjs.org/json5/-/json5-2.2.3.tgz. Extracting by manifest.
593 silly tarball no local data for @vue-macros/common@https://registry.npmjs.org/@vue-macros/common/-/common-3.1.2.tgz. Extracting by manifest.
594 silly tarball no local data for @babel/generator@https://registry.npmjs.org/@babel/generator/-/generator-8.0.0-rc.5.tgz. Extracting by manifest.
595 silly tarball no local data for is-what@https://registry.npmjs.org/is-what/-/is-what-5.5.0.tgz. Extracting by manifest.
596 silly tarball no local data for copy-anything@https://registry.npmjs.org/copy-anything/-/copy-anything-4.0.5.tgz. Extracting by manifest.
597 silly tarball no local data for rfdc@https://registry.npmjs.org/rfdc/-/rfdc-1.4.1.tgz. Extracting by manifest.
598 silly tarball no local data for speakingurl@https://registry.npmjs.org/speakingurl/-/speakingurl-14.0.1.tgz. Extracting by manifest.
599 silly tarball no local data for perfect-debounce@https://registry.npmjs.org/perfect-debounce/-/perfect-debounce-1.0.0.tgz. Extracting by manifest.
600 silly tarball no local data for superjson@https://registry.npmjs.org/superjson/-/superjson-2.2.6.tgz. Extracting by manifest.
601 silly tarball no local data for mitt@https://registry.npmjs.org/mitt/-/mitt-3.0.1.tgz. Extracting by manifest.
602 silly tarball no local data for hookable@https://registry.npmjs.org/hookable/-/hookable-5.5.3.tgz. Extracting by manifest.
603 silly tarball no local data for birpc@https://registry.npmjs.org/birpc/-/birpc-2.9.0.tgz. Extracting by manifest.
604 silly tarball no local data for @vue/devtools-shared@https://registry.npmjs.org/@vue/devtools-shared/-/devtools-shared-7.7.9.tgz. Extracting by manifest.
605 silly tarball no local data for @vue/devtools-kit@https://registry.npmjs.org/@vue/devtools-kit/-/devtools-kit-7.7.9.tgz. Extracting by manifest.
606 silly tarball no local data for mime-db@https://registry.npmjs.org/mime-db/-/mime-db-1.52.0.tgz. Extracting by manifest.
607 silly tarball no local data for ms@https://registry.npmjs.org/ms/-/ms-2.1.3.tgz. Extracting by manifest.
608 silly tarball no local data for @vue/devtools-api@https://registry.npmjs.org/@vue/devtools-api/-/devtools-api-7.7.9.tgz. Extracting by manifest.
609 silly tarball no local data for debug@https://registry.npmjs.org/debug/-/debug-4.4.3.tgz. Extracting by manifest.
610 silly tarball no local data for dunder-proto@https://registry.npmjs.org/dunder-proto/-/dunder-proto-1.0.1.tgz. Extracting by manifest.
611 silly tarball no local data for agent-base@https://registry.npmjs.org/agent-base/-/agent-base-6.0.2.tgz. Extracting by manifest.
612 silly tarball no local data for math-intrinsics@https://registry.npmjs.org/math-intrinsics/-/math-intrinsics-1.1.0.tgz. Extracting by manifest.
613 silly tarball no local data for has-symbols@https://registry.npmjs.org/has-symbols/-/has-symbols-1.1.0.tgz. Extracting by manifest.
614 silly tarball no local data for get-proto@https://registry.npmjs.org/get-proto/-/get-proto-1.0.1.tgz. Extracting by manifest.
615 silly tarball no local data for function-bind@https://registry.npmjs.org/function-bind/-/function-bind-1.1.2.tgz. Extracting by manifest.
616 silly tarball no local data for gopd@https://registry.npmjs.org/gopd/-/gopd-1.2.0.tgz. Extracting by manifest.
617 silly tarball no local data for es-object-atoms@https://registry.npmjs.org/es-object-atoms/-/es-object-atoms-1.1.1.tgz. Extracting by manifest.
618 silly tarball no local data for es-define-property@https://registry.npmjs.org/es-define-property/-/es-define-property-1.0.1.tgz. Extracting by manifest.
619 silly tarball no local data for has-tostringtag@https://registry.npmjs.org/has-tostringtag/-/has-tostringtag-1.0.2.tgz. Extracting by manifest.
620 silly tarball no local data for get-intrinsic@https://registry.npmjs.org/get-intrinsic/-/get-intrinsic-1.3.0.tgz. Extracting by manifest.
621 silly tarball no local data for call-bind-apply-helpers@https://registry.npmjs.org/call-bind-apply-helpers/-/call-bind-apply-helpers-1.0.2.tgz. Extracting by manifest.
622 silly tarball no local data for es-errors@https://registry.npmjs.org/es-errors/-/es-errors-1.3.0.tgz. Extracting by manifest.
623 silly tarball no local data for delayed-stream@https://registry.npmjs.org/delayed-stream/-/delayed-stream-1.0.0.tgz. Extracting by manifest.
624 silly tarball no local data for hasown@https://registry.npmjs.org/hasown/-/hasown-2.0.3.tgz. Extracting by manifest.
625 silly tarball no local data for es-set-tostringtag@https://registry.npmjs.org/es-set-tostringtag/-/es-set-tostringtag-2.1.0.tgz. Extracting by manifest.
626 silly tarball no local data for mime-types@https://registry.npmjs.org/mime-types/-/mime-types-2.1.35.tgz. Extracting by manifest.
627 silly tarball no local data for combined-stream@https://registry.npmjs.org/combined-stream/-/combined-stream-1.0.8.tgz. Extracting by manifest.
628 silly tarball no local data for asynckit@https://registry.npmjs.org/asynckit/-/asynckit-0.4.0.tgz. Extracting by manifest.
629 silly tarball no local data for @vueuse/metadata@https://registry.npmjs.org/@vueuse/metadata/-/metadata-14.3.0.tgz. Extracting by manifest.
630 silly tarball no local data for @types/web-bluetooth@https://registry.npmjs.org/@types/web-bluetooth/-/web-bluetooth-0.0.21.tgz. Extracting by manifest.
631 silly tarball no local data for @vueuse/shared@https://registry.npmjs.org/@vueuse/shared/-/shared-14.3.0.tgz. Extracting by manifest.
632 silly tarball no local data for @floating-ui/core@https://registry.npmjs.org/@floating-ui/core/-/core-1.7.5.tgz. Extracting by manifest.
633 silly tarball no local data for @floating-ui/utils@https://registry.npmjs.org/@floating-ui/utils/-/utils-0.2.11.tgz. Extracting by manifest.
634 silly tarball no local data for normalize-wheel-es@https://registry.npmjs.org/normalize-wheel-es/-/normalize-wheel-es-1.2.0.tgz. Extracting by manifest.
635 silly tarball no local data for memoize-one@https://registry.npmjs.org/memoize-one/-/memoize-one-6.0.0.tgz. Extracting by manifest.
636 silly tarball no local data for lodash-unified@https://registry.npmjs.org/lodash-unified/-/lodash-unified-1.0.3.tgz. Extracting by manifest.
637 silly tarball no local data for lodash-es@https://registry.npmjs.org/lodash-es/-/lodash-es-4.18.1.tgz. Extracting by manifest.
638 silly tarball no local data for lodash@https://registry.npmjs.org/lodash/-/lodash-4.18.1.tgz. Extracting by manifest.
639 silly tarball no local data for vue-component-type-helpers@https://registry.npmjs.org/vue-component-type-helpers/-/vue-component-type-helpers-3.2.9.tgz. Extracting by manifest.
640 silly tarball no local data for dayjs@https://registry.npmjs.org/dayjs/-/dayjs-1.11.20.tgz. Extracting by manifest.
641 silly tarball no local data for async-validator@https://registry.npmjs.org/async-validator/-/async-validator-4.2.5.tgz. Extracting by manifest.
642 silly tarball no local data for @vueuse/core@https://registry.npmjs.org/@vueuse/core/-/core-14.3.0.tgz. Extracting by manifest.
643 silly tarball no local data for @types/lodash-es@https://registry.npmjs.org/@types/lodash-es/-/lodash-es-4.17.12.tgz. Extracting by manifest.
644 silly tarball no local data for @popperjs/core@https://registry.npmjs.org/@sxzz/popperjs-es/-/popperjs-es-2.11.8.tgz. Extracting by manifest.
645 silly tarball no local data for @types/lodash@https://registry.npmjs.org/@types/lodash/-/lodash-4.17.24.tgz. Extracting by manifest.
646 silly tarball no local data for @floating-ui/dom@https://registry.npmjs.org/@floating-ui/dom/-/dom-1.7.6.tgz. Extracting by manifest.
647 silly tarball no local data for @ctrl/tinycolor@https://registry.npmjs.org/@ctrl/tinycolor/-/tinycolor-4.2.0.tgz. Extracting by manifest.
648 silly tarball no local data for form-data@https://registry.npmjs.org/form-data/-/form-data-4.0.5.tgz. Extracting by manifest.
649 silly tarball no local data for https-proxy-agent@https://registry.npmjs.org/https-proxy-agent/-/https-proxy-agent-5.0.1.tgz. Extracting by manifest.
650 silly tarball no local data for proxy-from-env@https://registry.npmjs.org/proxy-from-env/-/proxy-from-env-2.1.0.tgz. Extracting by manifest.
651 silly tarball no local data for follow-redirects@https://registry.npmjs.org/follow-redirects/-/follow-redirects-1.16.0.tgz. Extracting by manifest.
652 silly tarball no local data for vue-router@https://registry.npmjs.org/vue-router/-/vue-router-5.0.7.tgz. Extracting by manifest.
653 silly tarball no local data for element-plus@https://registry.npmjs.org/element-plus/-/element-plus-2.14.0.tgz. Extracting by manifest.
654 silly tarball no local data for pinia@https://registry.npmjs.org/pinia/-/pinia-3.0.4.tgz. Extracting by manifest.
655 silly tarball no local data for axios@https://registry.npmjs.org/axios/-/axios-1.16.1.tgz. Extracting by manifest.
656 silly tarball no local data for @element-plus/icons-vue@https://registry.npmjs.org/@element-plus/icons-vue/-/icons-vue-2.3.2.tgz. Extracting by manifest.
657 silly tarball no local data for confbox@https://registry.npmjs.org/confbox/-/confbox-0.1.8.tgz. Extracting by manifest.
658 silly tarball no local data for pkg-types@https://registry.npmjs.org/pkg-types/-/pkg-types-1.3.1.tgz. Extracting by manifest.
659 silly tarball no local data for @babel/helper-validator-identifier@https://registry.npmjs.org/@babel/helper-validator-identifier/-/helper-validator-identifier-8.0.0-rc.5.tgz. Extracting by manifest.
660 silly tarball no local data for @babel/helper-string-parser@https://registry.npmjs.org/@babel/helper-string-parser/-/helper-string-parser-8.0.0-rc.5.tgz. Extracting by manifest.
661 silly tarball no local data for @babel/parser@https://registry.npmjs.org/@babel/parser/-/parser-8.0.0-rc.5.tgz. Extracting by manifest.
662 silly tarball no local data for @babel/types@https://registry.npmjs.org/@babel/types/-/types-8.0.0-rc.5.tgz. Extracting by manifest.
663 silly tarball no local data for perfect-debounce@https://registry.npmjs.org/perfect-debounce/-/perfect-debounce-2.1.0.tgz. Extracting by manifest.
664 silly tarball no local data for @vue/devtools-shared@https://registry.npmjs.org/@vue/devtools-shared/-/devtools-shared-8.1.2.tgz. Extracting by manifest.
665 silly tarball no local data for @vue/devtools-api@https://registry.npmjs.org/@vue/devtools-api/-/devtools-api-8.1.2.tgz. Extracting by manifest.
666 silly tarball no local data for @vue/devtools-kit@https://registry.npmjs.org/@vue/devtools-kit/-/devtools-kit-8.1.2.tgz. Extracting by manifest.
667 http fetch POST 200 https://registry.npmjs.org/-/npm/v1/security/advisories/bulk 445ms
668 timing auditReport:getReport Completed in 448ms
669 silly audit report {}
670 timing auditReport:init Completed in 0ms
671 timing reify:audit Completed in 450ms
672 http fetch GET 200 https://registry.npmjs.org/readdirp/-/readdirp-5.0.0.tgz 760ms (cache miss)
673 timing reifyNode:node_modules/readdirp Completed in 869ms
674 http fetch GET 200 https://registry.npmjs.org/ast-kit/-/ast-kit-2.2.0.tgz 759ms (cache miss)
675 http fetch GET 200 https://registry.npmjs.org/webpack-virtual-modules/-/webpack-virtual-modules-0.6.2.tgz 870ms (cache miss)
676 timing reifyNode:node_modules/ast-kit Completed in 973ms
677 http fetch GET 200 https://registry.npmjs.org/@types/jsesc/-/jsesc-2.5.1.tgz 858ms (cache miss)
678 timing reifyNode:node_modules/@types/jsesc Completed in 975ms
679 http fetch GET 200 https://registry.npmjs.org/pkg-types/-/pkg-types-2.3.1.tgz 932ms (cache miss)
680 http fetch GET 200 https://registry.npmjs.org/scule/-/scule-1.3.0.tgz 919ms (cache miss)
681 http fetch GET 200 https://registry.npmjs.org/ast-walker-scope/-/ast-walker-scope-0.8.3.tgz 913ms (cache miss)
682 timing reifyNode:node_modules/ast-walker-scope Completed in 1045ms
683 http fetch GET 200 https://registry.npmjs.org/jsesc/-/jsesc-3.1.0.tgz 986ms (cache miss)
684 timing reifyNode:node_modules/pkg-types Completed in 1102ms
685 http fetch GET 200 https://registry.npmjs.org/unplugin-utils/-/unplugin-utils-0.3.1.tgz 982ms (cache miss)
686 timing reifyNode:node_modules/unplugin-utils Completed in 1103ms
687 http fetch GET 200 https://registry.npmjs.org/ms/-/ms-2.1.3.tgz 945ms (cache miss)
688 timing reifyNode:node_modules/ms Completed in 1107ms
689 timing reifyNode:node_modules/jsesc Completed in 1143ms
690 http fetch GET 200 https://registry.npmjs.org/exsolve/-/exsolve-1.0.8.tgz 1041ms (cache miss)
691 timing reifyNode:node_modules/exsolve Completed in 1145ms
692 http fetch GET 200 https://registry.npmjs.org/magic-string-ast/-/magic-string-ast-1.0.2.tgz 1032ms (cache miss)
693 timing reifyNode:node_modules/magic-string-ast Completed in 1144ms
694 timing reifyNode:node_modules/scule Completed in 1148ms
695 http fetch GET 200 https://registry.npmjs.org/copy-anything/-/copy-anything-4.0.5.tgz 1006ms (cache miss)
696 timing reifyNode:node_modules/copy-anything Completed in 1148ms
697 http fetch GET 200 https://registry.npmjs.org/perfect-debounce/-/perfect-debounce-1.0.0.tgz 1004ms (cache miss)
698 timing reifyNode:node_modules/perfect-debounce Completed in 1150ms
699 http fetch GET 200 https://registry.npmjs.org/@vue/devtools-shared/-/devtools-shared-7.7.9.tgz 993ms (cache miss)
700 http fetch GET 200 https://registry.npmjs.org/@jridgewell/resolve-uri/-/resolve-uri-3.1.2.tgz 1071ms (cache miss)
701 http fetch GET 200 https://registry.npmjs.org/local-pkg/-/local-pkg-1.1.2.tgz 1059ms (cache miss)
702 timing reifyNode:node_modules/local-pkg Completed in 1188ms
703 http fetch GET 200 https://registry.npmjs.org/rfdc/-/rfdc-1.4.1.tgz 1069ms (cache miss)
704 timing reifyNode:node_modules/@vue/devtools-shared Completed in 1213ms
705 http fetch GET 200 https://registry.npmjs.org/get-proto/-/get-proto-1.0.1.tgz 1042ms (cache miss)
706 http fetch GET 200 https://registry.npmjs.org/debug/-/debug-4.4.3.tgz 1072ms (cache miss)
707 http fetch GET 200 https://registry.npmjs.org/has-tostringtag/-/has-tostringtag-1.0.2.tgz 1060ms (cache miss)
708 http fetch GET 200 https://registry.npmjs.org/@vue-macros/common/-/common-3.1.2.tgz 1107ms (cache miss)
709 timing reifyNode:node_modules/@vue-macros/common Completed in 1243ms
710 http fetch GET 200 https://registry.npmjs.org/@types/web-bluetooth/-/web-bluetooth-0.0.21.tgz 1045ms (cache miss)
711 timing reifyNode:node_modules/@types/web-bluetooth Completed in 1242ms
712 timing reifyNode:node_modules/@jridgewell/resolve-uri Completed in 1259ms
713 http fetch GET 200 https://registry.npmjs.org/birpc/-/birpc-2.9.0.tgz 1105ms (cache miss)
714 http fetch GET 200 https://registry.npmjs.org/has-symbols/-/has-symbols-1.1.0.tgz 1092ms (cache miss)
715 http fetch GET 200 https://registry.npmjs.org/es-define-property/-/es-define-property-1.0.1.tgz 1087ms (cache miss)
716 http fetch GET 200 https://registry.npmjs.org/hasown/-/hasown-2.0.3.tgz 1081ms (cache miss)
717 http fetch GET 200 https://registry.npmjs.org/es-set-tostringtag/-/es-set-tostringtag-2.1.0.tgz 1081ms (cache miss)
718 http fetch GET 200 https://registry.npmjs.org/delayed-stream/-/delayed-stream-1.0.0.tgz 1084ms (cache miss)
719 timing reifyNode:node_modules/delayed-stream Completed in 1266ms
720 http fetch GET 200 https://registry.npmjs.org/combined-stream/-/combined-stream-1.0.8.tgz 1079ms (cache miss)
721 timing reifyNode:node_modules/combined-stream Completed in 1267ms
722 timing reifyNode:node_modules/rfdc Completed in 1282ms
723 http fetch GET 200 https://registry.npmjs.org/mitt/-/mitt-3.0.1.tgz 1133ms (cache miss)
724 http fetch GET 200 https://registry.npmjs.org/hookable/-/hookable-5.5.3.tgz 1132ms (cache miss)
725 timing reifyNode:node_modules/debug Completed in 1283ms
726 http fetch GET 200 https://registry.npmjs.org/mime-types/-/mime-types-2.1.35.tgz 1098ms (cache miss)
727 timing reifyNode:node_modules/mime-types Completed in 1284ms
728 http fetch GET 200 https://registry.npmjs.org/quansync/-/quansync-0.2.11.tgz 1196ms (cache miss)
729 http fetch GET 200 https://registry.npmjs.org/dunder-proto/-/dunder-proto-1.0.1.tgz 1136ms (cache miss)
730 http fetch GET 200 https://registry.npmjs.org/agent-base/-/agent-base-6.0.2.tgz 1134ms (cache miss)
731 timing reifyNode:node_modules/hasown Completed in 1304ms
732 http fetch GET 200 https://registry.npmjs.org/normalize-wheel-es/-/normalize-wheel-es-1.2.0.tgz 1104ms (cache miss)
733 http fetch GET 200 https://registry.npmjs.org/lodash-unified/-/lodash-unified-1.0.3.tgz 1102ms (cache miss)
734 timing reifyNode:node_modules/lodash-unified Completed in 1305ms
735 http fetch GET 200 https://registry.npmjs.org/vue-component-type-helpers/-/vue-component-type-helpers-3.2.9.tgz 1095ms (cache miss)
736 timing reifyNode:node_modules/vue-component-type-helpers Completed in 1306ms
737 http fetch GET 200 https://registry.npmjs.org/@vue/devtools-api/-/devtools-api-7.7.9.tgz 1144ms (cache miss)
738 timing reifyNode:node_modules/@vue/devtools-api Completed in 1308ms
739 http fetch GET 200 https://registry.npmjs.org/pkg-types/-/pkg-types-1.3.1.tgz 1072ms (cache miss)
740 timing reifyNode:node_modules/webpack-virtual-modules Completed in 1319ms
741 timing reifyNode:node_modules/hookable Completed in 1319ms
742 timing reifyNode:node_modules/birpc Completed in 1320ms
743 http fetch GET 200 https://registry.npmjs.org/gopd/-/gopd-1.2.0.tgz 1146ms (cache miss)
744 timing reifyNode:node_modules/es-define-property Completed in 1320ms
745 http fetch GET 200 https://registry.npmjs.org/perfect-debounce/-/perfect-debounce-2.1.0.tgz 1077ms (cache miss)
746 timing reifyNode:node_modules/vue-router/node_modules/perfect-debounce Completed in 1324ms
747 http fetch GET 200 https://registry.npmjs.org/ufo/-/ufo-1.6.4.tgz 1221ms (cache miss)
748 timing reifyNode:node_modules/ufo Completed in 1333ms
749 http fetch GET 200 https://registry.npmjs.org/chokidar/-/chokidar-5.0.0.tgz 1204ms (cache miss)
750 timing reifyNode:node_modules/chokidar Completed in 1335ms
751 timing reifyNode:node_modules/mitt Completed in 1335ms
752 http fetch GET 200 https://registry.npmjs.org/get-intrinsic/-/get-intrinsic-1.3.0.tgz 1156ms (cache miss)
753 timing reifyNode:node_modules/es-set-tostringtag Completed in 1335ms
754 http fetch GET 200 https://registry.npmjs.org/proxy-from-env/-/proxy-from-env-2.1.0.tgz 1115ms (cache miss)
755 timing reifyNode:node_modules/proxy-from-env Completed in 1341ms
756 http fetch GET 200 https://registry.npmjs.org/follow-redirects/-/follow-redirects-1.16.0.tgz 1114ms (cache miss)
757 timing reifyNode:node_modules/follow-redirects Completed in 1340ms
758 timing reifyNode:node_modules/quansync Completed in 1350ms
759 timing reifyNode:node_modules/dunder-proto Completed in 1350ms
760 timing reifyNode:node_modules/agent-base Completed in 1350ms
761 http fetch GET 200 https://registry.npmjs.org/mime-db/-/mime-db-1.52.0.tgz 1189ms (cache miss)
762 http fetch GET 200 https://registry.npmjs.org/es-object-atoms/-/es-object-atoms-1.1.1.tgz 1176ms (cache miss)
763 http fetch GET 200 https://registry.npmjs.org/@vueuse/metadata/-/metadata-14.3.0.tgz 1157ms (cache miss)
764 http fetch GET 200 https://registry.npmjs.org/function-bind/-/function-bind-1.1.2.tgz 1196ms (cache miss)
765 timing reifyNode:node_modules/gopd Completed in 1369ms
766 http fetch GET 200 https://registry.npmjs.org/@babel/helper-validator-identifier/-/helper-validator-identifier-8.0.0-rc.5.tgz 1134ms (cache miss)
767 timing reifyNode:node_modules/get-intrinsic Completed in 1389ms
768 http fetch GET 200 https://registry.npmjs.org/memoize-one/-/memoize-one-6.0.0.tgz 1190ms (cache miss)
769 http fetch GET 200 https://registry.npmjs.org/https-proxy-agent/-/https-proxy-agent-5.0.1.tgz 1168ms (cache miss)
770 http fetch GET 200 https://registry.npmjs.org/@vue/devtools-shared/-/devtools-shared-8.1.2.tgz 1148ms (cache miss)
771 timing reifyNode:node_modules/tslib Completed in 1396ms
772 timing reifyNode:node_modules/mime-db Completed in 1405ms
773 timing reifyNode:node_modules/get-proto Completed in 1405ms
774 timing reifyNode:node_modules/es-object-atoms Completed in 1406ms
775 timing reifyNode:node_modules/@vueuse/metadata Completed in 1406ms
776 http fetch GET 200 https://registry.npmjs.org/form-data/-/form-data-4.0.5.tgz 1184ms (cache miss)
777 http fetch GET 200 https://registry.npmjs.org/@babel/helper-string-parser/-/helper-string-parser-8.0.0-rc.5.tgz 1174ms (cache miss)
778 timing reifyNode:node_modules/@babel/generator/node_modules/@babel/helper-string-parser Completed in 1418ms
779 timing reifyNode:node_modules/vue-router/node_modules/@vue/devtools-shared Completed in 1413ms
780 http fetch GET 200 https://registry.npmjs.org/unplugin/-/unplugin-3.0.0.tgz 1298ms (cache miss)
781 timing reifyNode:node_modules/function-bind Completed in 1421ms
782 timing reifyNode:node_modules/@babel/generator/node_modules/@babel/helper-validator-identifier Completed in 1429ms
783 http fetch GET 200 https://registry.npmjs.org/pathe/-/pathe-2.0.3.tgz 1307ms (cache miss)
784 timing reifyNode:node_modules/normalize-wheel-es Completed in 1433ms
785 timing reifyNode:node_modules/memoize-one Completed in 1434ms
786 timing reifyNode:node_modules/https-proxy-agent Completed in 1433ms
787 http fetch GET 200 https://registry.npmjs.org/mlly/-/mlly-1.8.2.tgz 1318ms (cache miss)
788 timing reifyNode:node_modules/has-tostringtag Completed in 1444ms
789 timing reifyNode:node_modules/form-data Completed in 1445ms
790 timing reifyNode:node_modules/mlly/node_modules/pkg-types Completed in 1452ms
791 timing reifyNode:node_modules/unplugin Completed in 1457ms
792 timing reifyNode:node_modules/has-symbols Completed in 1457ms
793 http fetch GET 200 https://registry.npmjs.org/@vueuse/shared/-/shared-14.3.0.tgz 1261ms (cache miss)
794 timing reifyNode:node_modules/pathe Completed in 1470ms
795 timing reifyNode:node_modules/mlly Completed in 1470ms
796 http fetch GET 200 https://registry.npmjs.org/call-bind-apply-helpers/-/call-bind-apply-helpers-1.0.2.tgz 1290ms (cache miss)
797 http fetch GET 200 https://registry.npmjs.org/es-errors/-/es-errors-1.3.0.tgz 1298ms (cache miss)
798 timing reifyNode:node_modules/@vueuse/shared Completed in 1491ms
799 timing reifyNode:node_modules/call-bind-apply-helpers Completed in 1497ms
800 http fetch GET 200 https://registry.npmjs.org/asynckit/-/asynckit-0.4.0.tgz 1304ms (cache miss)
801 timing reifyNode:node_modules/es-errors Completed in 1505ms
802 http fetch GET 200 https://registry.npmjs.org/@floating-ui/dom/-/dom-1.7.6.tgz 1286ms (cache miss)
803 http fetch GET 200 https://registry.npmjs.org/muggle-string/-/muggle-string-0.4.1.tgz 1390ms (cache miss)
804 timing reifyNode:node_modules/@emnapi/wasi-threads Completed in 1515ms
805 http fetch GET 200 https://registry.npmjs.org/@floating-ui/utils/-/utils-0.2.11.tgz 1322ms (cache miss)
806 timing reifyNode:node_modules/asynckit Completed in 1527ms
807 timing reifyNode:node_modules/@floating-ui/dom Completed in 1527ms
808 timing reifyNode:node_modules/muggle-string Completed in 1537ms
809 http fetch GET 200 https://registry.npmjs.org/@vue/devtools-api/-/devtools-api-8.1.2.tgz 1287ms (cache miss)
810 http fetch GET 200 https://registry.npmjs.org/confbox/-/confbox-0.2.4.tgz 1442ms (cache miss)
811 timing reifyNode:node_modules/@floating-ui/utils Completed in 1545ms
812 http fetch GET 200 https://registry.npmjs.org/@jridgewell/gen-mapping/-/gen-mapping-0.3.13.tgz 1433ms (cache miss)
813 http fetch GET 200 https://registry.npmjs.org/@jridgewell/remapping/-/remapping-2.3.5.tgz 1463ms (cache miss)
814 timing reifyNode:node_modules/vue-router/node_modules/@vue/devtools-api Completed in 1561ms
815 timing reifyNode:node_modules/confbox Completed in 1569ms
816 http fetch GET 200 https://registry.npmjs.org/json5/-/json5-2.2.3.tgz 1435ms (cache miss)
817 timing reifyNode:node_modules/@jridgewell/gen-mapping Completed in 1575ms
818 timing reifyNode:node_modules/@jridgewell/remapping Completed in 1582ms
819 timing reifyNode:node_modules/json5 Completed in 1587ms
820 http fetch GET 200 https://registry.npmjs.org/math-intrinsics/-/math-intrinsics-1.1.0.tgz 1423ms (cache miss)
821 http fetch GET 200 https://registry.npmjs.org/@floating-ui/core/-/core-1.7.5.tgz 1393ms (cache miss)
822 timing reifyNode:node_modules/@floating-ui/core Completed in 1592ms
823 timing reifyNode:node_modules/math-intrinsics Completed in 1608ms
824 timing reifyNode:node_modules/@emnapi/runtime Completed in 1615ms
825 http fetch GET 200 https://registry.npmjs.org/pinia/-/pinia-3.0.4.tgz 1391ms (cache miss)
826 http fetch GET 200 https://registry.npmjs.org/@babel/generator/-/generator-8.0.0-rc.5.tgz 1489ms (cache miss)
827 http fetch GET 200 https://registry.npmjs.org/superjson/-/superjson-2.2.6.tgz 1487ms (cache miss)
828 http fetch GET 200 https://registry.npmjs.org/@vue/devtools-kit/-/devtools-kit-7.7.9.tgz 1474ms (cache miss)
829 timing reifyNode:node_modules/@babel/generator Completed in 1645ms
830 timing reifyNode:node_modules/pinia Completed in 1643ms
831 http fetch GET 200 https://registry.npmjs.org/@vue/devtools-kit/-/devtools-kit-8.1.2.tgz 1395ms (cache miss)
832 timing reifyNode:node_modules/superjson Completed in 1655ms
833 timing reifyNode:node_modules/@vue/devtools-kit Completed in 1654ms
834 timing reifyNode:node_modules/vue-router/node_modules/@vue/devtools-kit Completed in 1660ms
835 http fetch GET 200 https://registry.npmjs.org/speakingurl/-/speakingurl-14.0.1.tgz 1575ms (cache miss)
836 http fetch GET 200 https://registry.npmjs.org/acorn/-/acorn-8.16.0.tgz 1620ms (cache miss)
837 timing reifyNode:node_modules/acorn Completed in 1727ms
838 timing reifyNode:node_modules/speakingurl Completed in 1738ms
839 http fetch GET 200 https://registry.npmjs.org/@jridgewell/trace-mapping/-/trace-mapping-0.3.31.tgz 1639ms (cache miss)
840 http fetch GET 200 https://registry.npmjs.org/confbox/-/confbox-0.1.8.tgz 1520ms (cache miss)
841 http fetch GET 200 https://registry.npmjs.org/@ctrl/tinycolor/-/tinycolor-4.2.0.tgz 1543ms (cache miss)
842 timing reifyNode:node_modules/@jridgewell/trace-mapping Completed in 1777ms
843 timing reifyNode:node_modules/mlly/node_modules/confbox Completed in 1780ms
844 timing reifyNode:node_modules/@ctrl/tinycolor Completed in 1780ms
845 http fetch GET 200 https://registry.npmjs.org/async-validator/-/async-validator-4.2.5.tgz 1571ms (cache miss)
846 timing reifyNode:node_modules/async-validator Completed in 1795ms
847 http fetch GET 200 https://registry.npmjs.org/@vueuse/core/-/core-14.3.0.tgz 1581ms (cache miss)
848 timing reifyNode:node_modules/@vueuse/core Completed in 1802ms
849 http fetch GET 200 https://registry.npmjs.org/is-what/-/is-what-5.5.0.tgz 1701ms (cache miss)
850 timing reifyNode:node_modules/is-what Completed in 1855ms
851 http fetch GET 200 https://registry.npmjs.org/@sxzz/popperjs-es/-/popperjs-es-2.11.8.tgz 1638ms (cache miss)
852 timing reifyNode:node_modules/@popperjs/core Completed in 1866ms
853 timing reifyNode:node_modules/@tybys/wasm-util Completed in 1903ms
854 timing reifyNode:node_modules/@emnapi/core Completed in 1975ms
855 http fetch GET 200 https://registry.npmjs.org/@babel/parser/-/parser-8.0.0-rc.5.tgz 1789ms (cache miss)
856 timing reifyNode:node_modules/@babel/generator/node_modules/@babel/parser Completed in 2042ms
857 http fetch GET 200 https://registry.npmjs.org/@babel/types/-/types-8.0.0-rc.5.tgz 1823ms (cache miss)
858 http fetch GET 200 https://registry.npmjs.org/vue-router/-/vue-router-5.0.7.tgz 1844ms (cache miss)
859 timing reifyNode:node_modules/@babel/generator/node_modules/@babel/types Completed in 2076ms
860 timing reifyNode:node_modules/vue-router Completed in 2079ms
861 http fetch GET 200 https://registry.npmjs.org/axios/-/axios-1.16.1.tgz 2171ms (cache miss)
862 timing reifyNode:node_modules/axios Completed in 2407ms
863 http fetch GET 200 https://registry.npmjs.org/@types/lodash-es/-/lodash-es-4.17.12.tgz 2192ms (cache miss)
864 timing reifyNode:node_modules/@types/lodash-es Completed in 2415ms
865 http fetch GET 200 https://registry.npmjs.org/yaml/-/yaml-2.9.0.tgz 2360ms (cache miss)
866 timing reifyNode:node_modules/yaml Completed in 2483ms
867 timing reifyNode:node_modules/@napi-rs/wasm-runtime Completed in 2496ms
868 http fetch GET 200 https://registry.npmjs.org/@element-plus/icons-vue/-/icons-vue-2.3.2.tgz 2466ms (cache miss)
869 timing reifyNode:node_modules/@element-plus/icons-vue Completed in 2701ms
870 http fetch GET 200 https://registry.npmjs.org/dayjs/-/dayjs-1.11.20.tgz 2573ms (cache miss)
871 timing reifyNode:node_modules/dayjs Completed in 2789ms
872 http fetch GET 200 https://registry.npmjs.org/lodash-es/-/lodash-es-4.18.1.tgz 2644ms (cache miss)
873 timing reifyNode:node_modules/lodash-es Completed in 2850ms
874 http fetch GET 200 https://registry.npmjs.org/@types/lodash/-/lodash-4.17.24.tgz 2665ms (cache miss)
875 timing reifyNode:node_modules/@types/lodash Completed in 2886ms
876 http fetch GET 200 https://registry.npmjs.org/lodash/-/lodash-4.18.1.tgz 2798ms (cache miss)
877 timing reifyNode:node_modules/lodash Completed in 3010ms
878 http fetch GET 200 https://registry.npmjs.org/element-plus/-/element-plus-2.14.0.tgz 7557ms (cache miss)
879 timing reifyNode:node_modules/element-plus Completed in 7787ms
880 timing reify:unpack Completed in 7795ms
881 timing reify:unretire Completed in 0ms
882 timing build:queue Completed in 12ms
883 timing build:link:node_modules/acorn Completed in 5ms
884 timing build:link:node_modules/json5 Completed in 4ms
885 timing build:link:node_modules/jsesc Completed in 4ms
886 timing build:link:node_modules/yaml Completed in 5ms
887 timing build:link:node_modules/@babel/generator/node_modules/@babel/parser Completed in 4ms
888 timing build:link Completed in 6ms
889 timing build:deps Completed in 18ms
890 timing build Completed in 18ms
891 timing reify:build Completed in 19ms
892 timing reify:trash Completed in 14ms
893 timing reify:save Completed in 69ms
894 timing reify Completed in 10914ms
895 silly ADD node_modules/webpack-virtual-modules
896 silly ADD node_modules/@jridgewell/remapping
897 silly ADD node_modules/exsolve
898 silly ADD node_modules/confbox
899 silly ADD node_modules/ufo
900 silly ADD node_modules/acorn
901 silly ADD node_modules/quansync
902 silly ADD node_modules/pkg-types
903 silly ADD node_modules/readdirp
904 silly ADD node_modules/magic-string-ast
905 silly ADD node_modules/ast-kit
906 silly ADD node_modules/@jridgewell/resolve-uri
907 silly ADD node_modules/jsesc
908 silly ADD node_modules/@types/jsesc
909 silly ADD node_modules/@jridgewell/trace-mapping
910 silly ADD node_modules/@jridgewell/gen-mapping
911 silly ADD node_modules/yaml
912 silly ADD node_modules/unplugin-utils
913 silly ADD node_modules/unplugin
914 silly ADD node_modules/scule
915 silly ADD node_modules/pathe
916 silly ADD node_modules/muggle-string
917 silly ADD node_modules/mlly
918 silly ADD node_modules/mlly/node_modules/confbox
919 silly ADD node_modules/mlly/node_modules/pkg-types
920 silly ADD node_modules/local-pkg
921 silly ADD node_modules/json5
922 silly ADD node_modules/chokidar
923 silly ADD node_modules/ast-walker-scope
924 silly ADD node_modules/@vue-macros/common
925 silly ADD node_modules/@babel/generator
926 silly ADD node_modules/@babel/generator/node_modules/@babel/helper-validator-identifier
927 silly ADD node_modules/@babel/generator/node_modules/@babel/helper-string-parser
928 silly ADD node_modules/@babel/generator/node_modules/@babel/types
929 silly ADD node_modules/@babel/generator/node_modules/@babel/parser
930 silly ADD node_modules/is-what
931 silly ADD node_modules/copy-anything
932 silly ADD node_modules/rfdc
933 silly ADD node_modules/superjson
934 silly ADD node_modules/speakingurl
935 silly ADD node_modules/perfect-debounce
936 silly ADD node_modules/mitt
937 silly ADD node_modules/hookable
938 silly ADD node_modules/birpc
939 silly ADD node_modules/@vue/devtools-shared
940 silly ADD node_modules/@vue/devtools-kit
941 silly ADD node_modules/@vue/devtools-api
942 silly ADD node_modules/mime-db
943 silly ADD node_modules/ms
944 silly ADD node_modules/debug
945 silly ADD node_modules/agent-base
946 silly ADD node_modules/dunder-proto
947 silly ADD node_modules/math-intrinsics
948 silly ADD node_modules/has-symbols
949 silly ADD node_modules/gopd
950 silly ADD node_modules/get-proto
951 silly ADD node_modules/function-bind
952 silly ADD node_modules/es-object-atoms
953 silly ADD node_modules/es-define-property
954 silly ADD node_modules/call-bind-apply-helpers
955 silly ADD node_modules/has-tostringtag
956 silly ADD node_modules/get-intrinsic
957 silly ADD node_modules/es-errors
958 silly ADD node_modules/delayed-stream
959 silly ADD node_modules/mime-types
960 silly ADD node_modules/hasown
961 silly ADD node_modules/es-set-tostringtag
962 silly ADD node_modules/combined-stream
963 silly ADD node_modules/asynckit
964 silly ADD node_modules/@vueuse/shared
965 silly ADD node_modules/@vueuse/metadata
966 silly ADD node_modules/@types/web-bluetooth
967 silly ADD node_modules/@floating-ui/utils
968 silly ADD node_modules/@floating-ui/core
969 silly ADD node_modules/vue-component-type-helpers
970 silly ADD node_modules/normalize-wheel-es
971 silly ADD node_modules/memoize-one
972 silly ADD node_modules/lodash-unified
973 silly ADD node_modules/lodash-es
974 silly ADD node_modules/lodash
975 silly ADD node_modules/dayjs
976 silly ADD node_modules/async-validator
977 silly ADD node_modules/@vueuse/core
978 silly ADD node_modules/@types/lodash-es
979 silly ADD node_modules/@types/lodash
980 silly ADD node_modules/@popperjs/core
981 silly ADD node_modules/@floating-ui/dom
982 silly ADD node_modules/@ctrl/tinycolor
983 silly ADD node_modules/proxy-from-env
984 silly ADD node_modules/https-proxy-agent
985 silly ADD node_modules/form-data
986 silly ADD node_modules/follow-redirects
987 silly ADD node_modules/vue-router
988 silly ADD node_modules/vue-router/node_modules/perfect-debounce
989 silly ADD node_modules/vue-router/node_modules/@vue/devtools-shared
990 silly ADD node_modules/vue-router/node_modules/@vue/devtools-kit
991 silly ADD node_modules/vue-router/node_modules/@vue/devtools-api
992 silly ADD node_modules/pinia
993 silly ADD node_modules/element-plus
994 silly ADD node_modules/axios
995 silly ADD node_modules/@element-plus/icons-vue
996 silly ADD
997 silly ADD
998 silly ADD
999 silly ADD
1000 silly ADD
1001 silly ADD
1002 silly ADD
1003 silly ADD
1004 silly ADD
1005 silly ADD
1006 silly ADD
1007 silly ADD
1008 silly ADD
1009 silly ADD
1010 silly ADD
1011 silly ADD
1012 silly ADD
1013 silly ADD
1014 silly ADD
1015 silly ADD
1016 silly ADD
1017 silly ADD
1018 silly ADD
1019 silly ADD
1020 silly ADD
1021 silly ADD
1022 silly ADD
1023 silly ADD
1024 silly ADD
1025 silly ADD
1026 silly ADD
1027 timing command:install Completed in 10930ms
1028 verbose exit 0
1029 timing npm Completed in 10983ms
1030 info ok
