0 verbose cli /root/.cursor-server/cli/servers/Stable-f736016b0aa20ba1f99b7eec1dda48579fa4c290/server/node /usr/bin/npm
1 info using npm@9.2.0
2 info using node@v20.18.2
3 timing npm:load:whichnode Completed in 0ms
4 timing config:load:defaults Completed in 2ms
5 timing config:load:file:/usr/share/nodejs/npm/npmrc Completed in 6ms
6 timing config:load:builtin Completed in 6ms
7 timing config:load:cli Completed in 3ms
8 timing config:load:env Completed in 0ms
9 timing config:load:file:/root/pemanager/.npmrc Completed in 1ms
10 timing config:load:project Completed in 6ms
11 timing config:load:file:/root/.npmrc Completed in 0ms
12 timing config:load:user Completed in 0ms
13 timing config:load:file:/etc/npmrc Completed in 1ms
14 timing config:load:global Completed in 1ms
15 timing config:load:setEnvs Completed in 1ms
16 timing config:load Completed in 19ms
17 timing npm:load:configload Completed in 19ms
18 timing npm:load:mkdirpcache Completed in 1ms
19 timing npm:load:mkdirplogs Completed in 0ms
20 verbose title npm create vite@latest frontend --template vue
21 verbose argv "create" "vite@latest" "frontend" "--" "--template" "vue"
22 timing npm:load:setTitle Completed in 1ms
23 timing config:load:flatten Completed in 3ms
24 timing npm:load:display Completed in 5ms
25 verbose logfile logs-max:10 dir:/root/.npm/_logs/2026-05-16T07_17_34_086Z-
26 verbose logfile /root/.npm/_logs/2026-05-16T07_17_34_086Z-debug-0.log
27 timing npm:load:logFile Completed in 9ms
28 timing npm:load:timers Completed in 0ms
29 timing npm:load:configScope Completed in 1ms
30 timing npm:load Completed in 37ms
31 silly logfile done cleaning log files
32 timing arborist:ctor Completed in 1ms
33 http fetch GET 200 https://registry.npmjs.org/create-vite 127ms (cache miss)
34 timing arborist:ctor Completed in 0ms
35 warn exec The following package was not found and will be installed: create-vite@9.0.7
36 timing arborist:ctor Completed in 0ms
37 timing idealTree:init Completed in 6ms
38 timing idealTree:userRequests Completed in 2ms
39 silly idealTree buildDeps
40 silly fetch manifest create-vite@9.0.7
41 http fetch GET 200 https://registry.npmjs.org/create-vite 13ms (cache hit)
42 silly placeDep ROOT create-vite@9.0.7 OK for:  want: 9.0.7
43 timing idealTree:#root Completed in 22ms
44 timing idealTree:node_modules/create-vite Completed in 1ms
45 timing idealTree:buildDeps Completed in 24ms
46 timing idealTree:fixDepFlags Completed in 0ms
47 warn EBADENGINE Unsupported engine {
47 warn EBADENGINE   package: 'create-vite@9.0.7',
47 warn EBADENGINE   required: { node: '^20.19.0 || >=22.12.0' },
47 warn EBADENGINE   current: { node: 'v20.18.2', npm: '9.2.0' }
47 warn EBADENGINE }
48 timing idealTree Completed in 37ms
49 timing reify:loadTrees Completed in 38ms
50 timing reify:diffTrees Completed in 1ms
51 silly reify moves {}
52 timing reify:retireShallow Completed in 0ms
53 timing reify:createSparse Completed in 1ms
54 timing reify:loadBundles Completed in 0ms
55 silly audit bulk request { 'create-vite': [ '9.0.7' ] }
56 silly tarball no local data for create-vite@https://registry.npmjs.org/create-vite/-/create-vite-9.0.7.tgz. Extracting by manifest.
57 http fetch POST 200 https://registry.npmjs.org/-/npm/v1/security/advisories/bulk 178ms
58 timing auditReport:getReport Completed in 179ms
59 silly audit report {}
60 timing auditReport:init Completed in 0ms
61 timing reify:audit Completed in 180ms
62 http fetch GET 200 https://registry.npmjs.org/create-vite/-/create-vite-9.0.7.tgz 192ms (cache miss)
63 timing reifyNode:node_modules/create-vite Completed in 202ms
64 timing reify:unpack Completed in 202ms
65 timing reify:unretire Completed in 0ms
66 timing build:queue Completed in 1ms
67 timing build:link:node_modules/create-vite Completed in 4ms
68 timing build:link Completed in 4ms
69 timing build:deps Completed in 5ms
70 timing build Completed in 5ms
71 timing reify:build Completed in 5ms
72 timing reify:trash Completed in 0ms
73 timing reify:save Completed in 6ms
74 timing reify Completed in 263ms
75 timing command:create Completed in 503ms
76 verbose exit 0
77 timing npm Completed in 567ms
78 info ok
