0 verbose cli /root/.cursor-server/cli/servers/Stable-0cf8b06883f54e26bb4f0fb8647c9500ccb43310/server/node /usr/bin/npm
1 info using npm@9.2.0
2 info using node@v20.18.2
3 timing npm:load:whichnode Completed in 1ms
4 timing config:load:defaults Completed in 2ms
5 timing config:load:file:/usr/share/nodejs/npm/npmrc Completed in 4ms
6 timing config:load:builtin Completed in 4ms
7 timing config:load:cli Completed in 3ms
8 timing config:load:env Completed in 0ms
9 timing config:load:file:/root/pemanager/frontend/.npmrc Completed in 0ms
10 timing config:load:project Completed in 6ms
11 timing config:load:file:/root/.npmrc Completed in 0ms
12 timing config:load:user Completed in 1ms
13 timing config:load:file:/etc/npmrc Completed in 0ms
14 timing config:load:global Completed in 0ms
15 timing config:load:setEnvs Completed in 1ms
16 timing config:load Completed in 17ms
17 timing npm:load:configload Completed in 17ms
18 timing npm:load:mkdirpcache Completed in 1ms
19 timing npm:load:mkdirplogs Completed in 0ms
20 verbose title npm run build
21 verbose argv "run" "build"
22 timing npm:load:setTitle Completed in 1ms
23 timing config:load:flatten Completed in 3ms
24 timing npm:load:display Completed in 5ms
25 verbose logfile logs-max:10 dir:/root/.npm/_logs/2026-05-21T15_49_02_205Z-
26 verbose logfile /root/.npm/_logs/2026-05-21T15_49_02_205Z-debug-0.log
27 timing npm:load:logFile Completed in 9ms
28 timing npm:load:timers Completed in 1ms
29 timing npm:load:configScope Completed in 0ms
30 timing npm:load Completed in 35ms
31 silly logfile start cleaning logs, removing 1 files
32 timing config:load:flatten Completed in 0ms
33 silly logfile done cleaning log files
34 timing command:run Completed in 23453ms
35 verbose exit 0
36 timing npm Completed in 23503ms
37 info ok
