0 verbose cli /root/.cursor-server/cli/servers/Stable-f736016b0aa20ba1f99b7eec1dda48579fa4c290/server/node /usr/bin/npm
1 info using npm@9.2.0
2 info using node@v20.18.2
3 timing npm:load:whichnode Completed in 0ms
4 timing config:load:defaults Completed in 2ms
5 timing config:load:file:/usr/share/nodejs/npm/npmrc Completed in 4ms
6 timing config:load:builtin Completed in 4ms
7 timing config:load:cli Completed in 2ms
8 timing config:load:env Completed in 0ms
9 timing config:load:file:/root/pemanager/frontend/.npmrc Completed in 0ms
10 timing config:load:project Completed in 5ms
11 timing config:load:file:/root/.npmrc Completed in 0ms
12 timing config:load:user Completed in 1ms
13 timing config:load:file:/etc/npmrc Completed in 0ms
14 timing config:load:global Completed in 0ms
15 timing config:load:setEnvs Completed in 1ms
16 timing config:load Completed in 16ms
17 timing npm:load:configload Completed in 16ms
18 timing npm:load:mkdirpcache Completed in 1ms
19 timing npm:load:mkdirplogs Completed in 0ms
20 verbose title npm install
21 verbose argv "install"
22 timing npm:load:setTitle Completed in 1ms
23 timing config:load:flatten Completed in 4ms
24 timing npm:load:display Completed in 5ms
25 verbose logfile logs-max:10 dir:/root/.npm/_logs/2026-05-16T07_17_36_676Z-
26 verbose logfile /root/.npm/_logs/2026-05-16T07_17_36_676Z-debug-0.log
27 timing npm:load:logFile Completed in 9ms
28 timing npm:load:timers Completed in 0ms
29 timing npm:load:configScope Completed in 0ms
30 timing npm:load Completed in 33ms
31 silly logfile done cleaning log files
32 timing config:load:flatten Completed in 1ms
33 timing arborist:ctor Completed in 1ms
34 timing arborist:ctor Completed in 0ms
35 timing idealTree:init Completed in 17ms
36 timing idealTree:userRequests Completed in 0ms
37 silly idealTree buildDeps
38 silly fetch manifest vue@^3.5.34
39 http fetch GET 200 https://registry.npmjs.org/vue 168ms (cache miss)
40 silly fetch manifest typescript@*
41 http fetch GET 200 https://registry.npmjs.org/typescript 256ms (cache miss)
42 silly fetch manifest @vitejs/plugin-vue@^6.0.6
43 http fetch GET 200 https://registry.npmjs.org/@vitejs%2fplugin-vue 73ms (cache miss)
44 silly fetch manifest vite@^8.0.12
45 http fetch GET 200 https://registry.npmjs.org/vite 113ms (cache miss)
46 silly fetch manifest @types/node@^20.19.0 || >=22.12.0
47 http fetch GET 200 https://registry.npmjs.org/@types%2fnode 160ms (cache miss)
48 silly fetch manifest @vitejs/devtools@^0.1.18
49 http fetch GET 200 https://registry.npmjs.org/@vitejs%2fdevtools 347ms (cache miss)
50 silly fetch manifest esbuild@^0.27.0 || ^0.28.0
51 http fetch GET 200 https://registry.npmjs.org/esbuild 81ms (cache miss)
52 silly fetch manifest jiti@>=1.21.0
53 http fetch GET 200 https://registry.npmjs.org/jiti 39ms (cache miss)
54 silly fetch manifest less@^4.0.0
55 http fetch GET 200 https://registry.npmjs.org/less 39ms (cache miss)
56 silly fetch manifest sass@^1.70.0
57 http fetch GET 200 https://registry.npmjs.org/sass 58ms (cache miss)
58 silly fetch manifest sass-embedded@^1.70.0
59 http fetch GET 200 https://registry.npmjs.org/sass-embedded 41ms (cache miss)
60 silly fetch manifest stylus@>=0.54.8
61 http fetch GET 200 https://registry.npmjs.org/stylus 193ms (cache miss)
62 silly fetch manifest sugarss@^5.0.0
63 http fetch GET 200 https://registry.npmjs.org/sugarss 28ms (cache miss)
64 silly fetch manifest postcss@^8.3.3
65 http fetch GET 200 https://registry.npmjs.org/postcss 46ms (cache miss)
66 silly fetch manifest terser@^5.16.0
67 http fetch GET 200 https://registry.npmjs.org/terser 46ms (cache miss)
68 silly fetch manifest tsx@^4.8.1
69 http fetch GET 200 https://registry.npmjs.org/tsx 36ms (cache miss)
70 silly fetch manifest yaml@^2.4.2
71 http fetch GET 200 https://registry.npmjs.org/yaml 43ms (cache miss)
72 silly placeDep ROOT @vitejs/plugin-vue@6.0.7 OK for: frontend@0.0.0 want: ^6.0.6
73 silly placeDep ROOT vite@8.0.13 OK for: @vitejs/plugin-vue@6.0.7 want: ^5.0.0 || ^6.0.0 || ^7.0.0 || ^8.0.0
74 silly placeDep ROOT vue@3.5.34 OK for: @vitejs/plugin-vue@6.0.7 want: ^3.2.25
75 silly fetch manifest @rolldown/pluginutils@^1.0.1
76 silly fetch manifest @vue/shared@3.5.34
77 silly fetch manifest @vue/runtime-dom@3.5.34
78 silly fetch manifest @vue/compiler-dom@3.5.34
79 silly fetch manifest @vue/compiler-sfc@3.5.34
80 silly fetch manifest @vue/server-renderer@3.5.34
81 silly fetch manifest lightningcss@^1.32.0
82 silly fetch manifest picomatch@^4.0.4
83 silly fetch manifest postcss@^8.5.14
84 silly fetch manifest rolldown@1.0.1
85 silly fetch manifest tinyglobby@^0.2.16
86 silly fetch manifest fsevents@~2.3.3
87 http fetch GET 200 https://registry.npmjs.org/@rolldown%2fpluginutils 57ms (cache miss)
88 http fetch GET 200 https://registry.npmjs.org/tinyglobby 69ms (cache miss)
89 http fetch GET 200 https://registry.npmjs.org/lightningcss 80ms (cache miss)
90 http fetch GET 200 https://registry.npmjs.org/picomatch 111ms (cache miss)
91 http fetch GET 200 https://registry.npmjs.org/fsevents 116ms (cache miss)
92 http fetch GET 200 https://registry.npmjs.org/@vue%2fruntime-dom 163ms (cache miss)
93 http fetch GET 200 https://registry.npmjs.org/@vue%2fcompiler-dom 165ms (cache miss)
94 http fetch GET 200 https://registry.npmjs.org/@vue%2fserver-renderer 167ms (cache miss)
95 http fetch GET 200 https://registry.npmjs.org/@vue%2fcompiler-sfc 173ms (cache miss)
96 http fetch GET 200 https://registry.npmjs.org/rolldown 183ms (cache miss)
97 http fetch GET 200 https://registry.npmjs.org/@vue%2fshared 289ms (cache miss)
98 timing idealTree:#root Completed in 2290ms
99 silly placeDep ROOT @rolldown/pluginutils@1.0.1 OK for: @vitejs/plugin-vue@6.0.7 want: ^1.0.1
100 timing idealTree:node_modules/@vitejs/plugin-vue Completed in 3ms
101 timing idealTree:node_modules/@rolldown/pluginutils Completed in 0ms
102 silly placeDep ROOT fsevents@2.3.3 OK for: vite@8.0.13 want: ~2.3.3
103 silly placeDep ROOT lightningcss@1.32.0 OK for: vite@8.0.13 want: ^1.32.0
104 silly placeDep ROOT picomatch@4.0.4 OK for: vite@8.0.13 want: ^4.0.4
105 silly placeDep ROOT postcss@8.5.14 OK for: vite@8.0.13 want: ^8.5.14
106 silly placeDep ROOT rolldown@1.0.1 OK for: vite@8.0.13 want: 1.0.1
107 silly placeDep ROOT tinyglobby@0.2.16 OK for: vite@8.0.13 want: ^0.2.16
108 silly fetch manifest detect-libc@^2.0.3
109 silly fetch manifest lightningcss-darwin-x64@1.32.0
110 silly fetch manifest lightningcss-linux-x64-gnu@1.32.0
111 silly fetch manifest lightningcss-win32-x64-msvc@1.32.0
112 silly fetch manifest lightningcss-win32-arm64-msvc@1.32.0
113 silly fetch manifest lightningcss-darwin-arm64@1.32.0
114 silly fetch manifest lightningcss-linux-arm64-gnu@1.32.0
115 silly fetch manifest lightningcss-linux-arm-gnueabihf@1.32.0
116 silly fetch manifest lightningcss-linux-arm64-musl@1.32.0
117 silly fetch manifest lightningcss-linux-x64-musl@1.32.0
118 silly fetch manifest lightningcss-freebsd-x64@1.32.0
119 silly fetch manifest lightningcss-android-arm64@1.32.0
120 silly fetch manifest nanoid@^3.3.11
121 silly fetch manifest picocolors@^1.1.1
122 silly fetch manifest source-map-js@^1.2.1
123 silly fetch manifest @oxc-project/types@=0.130.0
124 silly fetch manifest @rolldown/binding-darwin-x64@1.0.1
125 silly fetch manifest @rolldown/binding-win32-x64-msvc@1.0.1
126 silly fetch manifest @rolldown/binding-linux-x64-gnu@1.0.1
127 silly fetch manifest @rolldown/binding-linux-x64-musl@1.0.1
128 silly fetch manifest @rolldown/binding-freebsd-x64@1.0.1
129 silly fetch manifest @rolldown/binding-linux-arm-gnueabihf@1.0.1
130 silly fetch manifest @rolldown/binding-linux-arm64-gnu@1.0.1
131 silly fetch manifest @rolldown/binding-darwin-arm64@1.0.1
132 silly fetch manifest @rolldown/binding-linux-arm64-musl@1.0.1
133 silly fetch manifest @rolldown/binding-openharmony-arm64@1.0.1
134 silly fetch manifest @rolldown/binding-win32-arm64-msvc@1.0.1
135 silly fetch manifest @rolldown/binding-android-arm64@1.0.1
136 silly fetch manifest @rolldown/binding-wasm32-wasi@1.0.1
137 silly fetch manifest @rolldown/binding-linux-s390x-gnu@1.0.1
138 silly fetch manifest @rolldown/binding-linux-ppc64-gnu@1.0.1
139 silly fetch manifest fdir@^6.5.0
140 http fetch GET 200 https://registry.npmjs.org/lightningcss-win32-arm64-msvc 118ms (cache miss)
141 http fetch GET 200 https://registry.npmjs.org/detect-libc 123ms (cache miss)
142 http fetch GET 200 https://registry.npmjs.org/lightningcss-win32-x64-msvc 129ms (cache miss)
143 http fetch GET 200 https://registry.npmjs.org/lightningcss-darwin-arm64 137ms (cache miss)
144 http fetch GET 200 https://registry.npmjs.org/lightningcss-linux-x64-gnu 146ms (cache miss)
145 http fetch GET 200 https://registry.npmjs.org/lightningcss-darwin-x64 148ms (cache miss)
146 http fetch GET 200 https://registry.npmjs.org/lightningcss-freebsd-x64 146ms (cache miss)
147 http fetch GET 200 https://registry.npmjs.org/lightningcss-linux-arm-gnueabihf 167ms (cache miss)
148 http fetch GET 200 https://registry.npmjs.org/lightningcss-linux-x64-musl 166ms (cache miss)
149 http fetch GET 200 https://registry.npmjs.org/@oxc-project%2ftypes 164ms (cache miss)
150 http fetch GET 200 https://registry.npmjs.org/lightningcss-linux-arm64-gnu 179ms (cache miss)
151 http fetch GET 200 https://registry.npmjs.org/lightningcss-linux-arm64-musl 178ms (cache miss)
152 http fetch GET 200 https://registry.npmjs.org/lightningcss-android-arm64 178ms (cache miss)
153 http fetch GET 200 https://registry.npmjs.org/picocolors 176ms (cache miss)
154 http fetch GET 200 https://registry.npmjs.org/source-map-js 176ms (cache miss)
155 http fetch GET 200 https://registry.npmjs.org/@rolldown%2fbinding-android-arm64 162ms (cache miss)
156 http fetch GET 200 https://registry.npmjs.org/fdir 179ms (cache miss)
157 http fetch GET 200 https://registry.npmjs.org/@rolldown%2fbinding-win32-x64-msvc 200ms (cache miss)
158 http fetch GET 200 https://registry.npmjs.org/nanoid 221ms (cache miss)
159 http fetch GET 200 https://registry.npmjs.org/@rolldown%2fbinding-linux-arm-gnueabihf 210ms (cache miss)
160 http fetch GET 200 https://registry.npmjs.org/@rolldown%2fbinding-freebsd-x64 215ms (cache miss)
161 http fetch GET 200 https://registry.npmjs.org/@rolldown%2fbinding-win32-arm64-msvc 214ms (cache miss)
162 http fetch GET 200 https://registry.npmjs.org/@rolldown%2fbinding-wasm32-wasi 220ms (cache miss)
163 http fetch GET 200 https://registry.npmjs.org/@rolldown%2fbinding-linux-x64-musl 282ms (cache miss)
164 http fetch GET 200 https://registry.npmjs.org/@rolldown%2fbinding-linux-ppc64-gnu 290ms (cache miss)
165 http fetch GET 200 https://registry.npmjs.org/@rolldown%2fbinding-linux-arm64-gnu 306ms (cache miss)
166 http fetch GET 200 https://registry.npmjs.org/@rolldown%2fbinding-linux-x64-gnu 317ms (cache miss)
167 http fetch GET 200 https://registry.npmjs.org/@rolldown%2fbinding-darwin-x64 332ms (cache miss)
168 http fetch GET 200 https://registry.npmjs.org/@rolldown%2fbinding-linux-arm64-musl 329ms (cache miss)
169 http fetch GET 200 https://registry.npmjs.org/@rolldown%2fbinding-openharmony-arm64 423ms (cache miss)
170 http fetch GET 200 https://registry.npmjs.org/@rolldown%2fbinding-linux-s390x-gnu 452ms (cache miss)
171 http fetch GET 200 https://registry.npmjs.org/@rolldown%2fbinding-darwin-arm64 493ms (cache miss)
172 timing idealTree:node_modules/vite Completed in 540ms
173 timing idealTree:node_modules/fsevents Completed in 0ms
174 silly placeDep ROOT detect-libc@2.1.2 OK for: lightningcss@1.32.0 want: ^2.0.3
175 silly placeDep ROOT lightningcss-android-arm64@1.32.0 OK for: lightningcss@1.32.0 want: 1.32.0
176 silly placeDep ROOT lightningcss-darwin-arm64@1.32.0 OK for: lightningcss@1.32.0 want: 1.32.0
177 silly placeDep ROOT lightningcss-darwin-x64@1.32.0 OK for: lightningcss@1.32.0 want: 1.32.0
178 silly placeDep ROOT lightningcss-freebsd-x64@1.32.0 OK for: lightningcss@1.32.0 want: 1.32.0
179 silly placeDep ROOT lightningcss-linux-arm-gnueabihf@1.32.0 OK for: lightningcss@1.32.0 want: 1.32.0
180 silly placeDep ROOT lightningcss-linux-arm64-gnu@1.32.0 OK for: lightningcss@1.32.0 want: 1.32.0
181 silly placeDep ROOT lightningcss-linux-arm64-musl@1.32.0 OK for: lightningcss@1.32.0 want: 1.32.0
182 silly placeDep ROOT lightningcss-linux-x64-gnu@1.32.0 OK for: lightningcss@1.32.0 want: 1.32.0
183 silly placeDep ROOT lightningcss-linux-x64-musl@1.32.0 OK for: lightningcss@1.32.0 want: 1.32.0
184 silly placeDep ROOT lightningcss-win32-arm64-msvc@1.32.0 OK for: lightningcss@1.32.0 want: 1.32.0
185 silly placeDep ROOT lightningcss-win32-x64-msvc@1.32.0 OK for: lightningcss@1.32.0 want: 1.32.0
186 timing idealTree:node_modules/lightningcss Completed in 29ms
187 timing idealTree:node_modules/detect-libc Completed in 0ms
188 timing idealTree:node_modules/lightningcss-android-arm64 Completed in 0ms
189 timing idealTree:node_modules/lightningcss-darwin-arm64 Completed in 0ms
190 timing idealTree:node_modules/lightningcss-darwin-x64 Completed in 0ms
191 timing idealTree:node_modules/lightningcss-freebsd-x64 Completed in 0ms
192 timing idealTree:node_modules/lightningcss-linux-arm-gnueabihf Completed in 0ms
193 timing idealTree:node_modules/lightningcss-linux-arm64-gnu Completed in 0ms
194 timing idealTree:node_modules/lightningcss-linux-arm64-musl Completed in 0ms
195 timing idealTree:node_modules/lightningcss-linux-x64-gnu Completed in 1ms
196 timing idealTree:node_modules/lightningcss-linux-x64-musl Completed in 0ms
197 timing idealTree:node_modules/lightningcss-win32-arm64-msvc Completed in 0ms
198 timing idealTree:node_modules/lightningcss-win32-x64-msvc Completed in 0ms
199 timing idealTree:node_modules/picomatch Completed in 0ms
200 silly placeDep ROOT nanoid@3.3.12 OK for: postcss@8.5.14 want: ^3.3.11
201 silly placeDep ROOT picocolors@1.1.1 OK for: postcss@8.5.14 want: ^1.1.1
202 silly placeDep ROOT source-map-js@1.2.1 OK for: postcss@8.5.14 want: ^1.2.1
203 timing idealTree:node_modules/postcss Completed in 5ms
204 timing idealTree:node_modules/nanoid Completed in 0ms
205 timing idealTree:node_modules/picocolors Completed in 0ms
206 silly placeDep ROOT @oxc-project/types@0.130.0 OK for: rolldown@1.0.1 want: =0.130.0
207 silly placeDep ROOT @rolldown/binding-android-arm64@1.0.1 OK for: rolldown@1.0.1 want: 1.0.1
208 silly placeDep ROOT @rolldown/binding-darwin-arm64@1.0.1 OK for: rolldown@1.0.1 want: 1.0.1
209 silly placeDep ROOT @rolldown/binding-darwin-x64@1.0.1 OK for: rolldown@1.0.1 want: 1.0.1
210 silly placeDep ROOT @rolldown/binding-freebsd-x64@1.0.1 OK for: rolldown@1.0.1 want: 1.0.1
211 silly placeDep ROOT @rolldown/binding-linux-arm-gnueabihf@1.0.1 OK for: rolldown@1.0.1 want: 1.0.1
212 silly placeDep ROOT @rolldown/binding-linux-arm64-gnu@1.0.1 OK for: rolldown@1.0.1 want: 1.0.1
213 silly placeDep ROOT @rolldown/binding-linux-arm64-musl@1.0.1 OK for: rolldown@1.0.1 want: 1.0.1
214 silly placeDep ROOT @rolldown/binding-linux-ppc64-gnu@1.0.1 OK for: rolldown@1.0.1 want: 1.0.1
215 silly placeDep ROOT @rolldown/binding-linux-s390x-gnu@1.0.1 OK for: rolldown@1.0.1 want: 1.0.1
216 silly placeDep ROOT @rolldown/binding-linux-x64-gnu@1.0.1 OK for: rolldown@1.0.1 want: 1.0.1
217 silly placeDep ROOT @rolldown/binding-linux-x64-musl@1.0.1 OK for: rolldown@1.0.1 want: 1.0.1
218 silly placeDep ROOT @rolldown/binding-openharmony-arm64@1.0.1 OK for: rolldown@1.0.1 want: 1.0.1
219 silly placeDep ROOT @rolldown/binding-wasm32-wasi@1.0.1 OK for: rolldown@1.0.1 want: 1.0.1
220 silly placeDep ROOT @rolldown/binding-win32-arm64-msvc@1.0.1 OK for: rolldown@1.0.1 want: 1.0.1
221 silly placeDep ROOT @rolldown/binding-win32-x64-msvc@1.0.1 OK for: rolldown@1.0.1 want: 1.0.1
222 silly fetch manifest @napi-rs/wasm-runtime@^1.1.4
223 silly fetch manifest @emnapi/core@1.10.0
224 silly fetch manifest @emnapi/runtime@1.10.0
225 http fetch GET 200 https://registry.npmjs.org/@emnapi%2fcore 46ms (cache miss)
226 http fetch GET 200 https://registry.npmjs.org/@napi-rs%2fwasm-runtime 48ms (cache miss)
227 http fetch GET 200 https://registry.npmjs.org/@emnapi%2fruntime 52ms (cache miss)
228 timing idealTree:node_modules/rolldown Completed in 78ms
229 timing idealTree:node_modules/@oxc-project/types Completed in 0ms
230 timing idealTree:node_modules/@rolldown/binding-android-arm64 Completed in 0ms
231 timing idealTree:node_modules/@rolldown/binding-darwin-arm64 Completed in 0ms
232 timing idealTree:node_modules/@rolldown/binding-darwin-x64 Completed in 0ms
233 timing idealTree:node_modules/@rolldown/binding-freebsd-x64 Completed in 0ms
234 timing idealTree:node_modules/@rolldown/binding-linux-arm-gnueabihf Completed in 0ms
235 timing idealTree:node_modules/@rolldown/binding-linux-arm64-gnu Completed in 0ms
236 timing idealTree:node_modules/@rolldown/binding-linux-arm64-musl Completed in 0ms
237 timing idealTree:node_modules/@rolldown/binding-linux-ppc64-gnu Completed in 0ms
238 timing idealTree:node_modules/@rolldown/binding-linux-s390x-gnu Completed in 0ms
239 timing idealTree:node_modules/@rolldown/binding-linux-x64-gnu Completed in 0ms
240 timing idealTree:node_modules/@rolldown/binding-linux-x64-musl Completed in 0ms
241 timing idealTree:node_modules/@rolldown/binding-openharmony-arm64 Completed in 0ms
242 silly placeDep ROOT @emnapi/core@1.10.0 OK for: @rolldown/binding-wasm32-wasi@1.0.1 want: 1.10.0
243 silly placeDep ROOT @emnapi/runtime@1.10.0 OK for: @rolldown/binding-wasm32-wasi@1.0.1 want: 1.10.0
244 silly placeDep ROOT @napi-rs/wasm-runtime@1.1.4 OK for: @rolldown/binding-wasm32-wasi@1.0.1 want: ^1.1.4
245 silly fetch manifest @emnapi/wasi-threads@1.2.1
246 silly fetch manifest tslib@^2.4.0
247 silly fetch manifest @tybys/wasm-util@^0.10.1
248 http fetch GET 200 https://registry.npmjs.org/tslib 31ms (cache miss)
249 http fetch GET 200 https://registry.npmjs.org/@emnapi%2fwasi-threads 48ms (cache miss)
250 http fetch GET 200 https://registry.npmjs.org/@tybys%2fwasm-util 47ms (cache miss)
251 timing idealTree:node_modules/@rolldown/binding-wasm32-wasi Completed in 57ms
252 silly placeDep ROOT @emnapi/wasi-threads@1.2.1 OK for: @emnapi/core@1.10.0 want: 1.2.1
253 silly placeDep ROOT tslib@2.8.1 OK for: @emnapi/core@1.10.0 want: ^2.4.0
254 timing idealTree:node_modules/@emnapi/core Completed in 3ms
255 timing idealTree:node_modules/@emnapi/runtime Completed in 0ms
256 timing idealTree:node_modules/@emnapi/wasi-threads Completed in 0ms
257 silly placeDep ROOT @tybys/wasm-util@0.10.2 OK for: @napi-rs/wasm-runtime@1.1.4 want: ^0.10.1
258 timing idealTree:node_modules/@napi-rs/wasm-runtime Completed in 2ms
259 timing idealTree:node_modules/@rolldown/binding-win32-arm64-msvc Completed in 0ms
260 timing idealTree:node_modules/@rolldown/binding-win32-x64-msvc Completed in 0ms
261 timing idealTree:node_modules/@tybys/wasm-util Completed in 0ms
262 timing idealTree:node_modules/source-map-js Completed in 0ms
263 silly placeDep ROOT fdir@6.5.0 OK for: tinyglobby@0.2.16 want: ^6.5.0
264 timing idealTree:node_modules/tinyglobby Completed in 3ms
265 timing idealTree:node_modules/fdir Completed in 0ms
266 timing idealTree:node_modules/tslib Completed in 0ms
267 silly fetch manifest vue@3.5.34
268 silly placeDep ROOT @vue/compiler-dom@3.5.34 OK for: vue@3.5.34 want: 3.5.34
269 silly placeDep ROOT @vue/compiler-sfc@3.5.34 OK for: vue@3.5.34 want: 3.5.34
270 silly placeDep ROOT @vue/runtime-dom@3.5.34 OK for: vue@3.5.34 want: 3.5.34
271 silly placeDep ROOT @vue/server-renderer@3.5.34 OK for: vue@3.5.34 want: 3.5.34
272 silly placeDep ROOT @vue/shared@3.5.34 OK for: vue@3.5.34 want: 3.5.34
273 silly fetch manifest @vue/compiler-core@3.5.34
274 silly fetch manifest magic-string@^0.30.21
275 silly fetch manifest @babel/parser@^7.29.3
276 silly fetch manifest estree-walker@^2.0.2
277 silly fetch manifest @vue/compiler-ssr@3.5.34
278 silly fetch manifest csstype@^3.2.3
279 silly fetch manifest @vue/reactivity@3.5.34
280 silly fetch manifest @vue/runtime-core@3.5.34
281 http fetch GET 200 https://registry.npmjs.org/estree-walker 30ms (cache miss)
282 http fetch GET 200 https://registry.npmjs.org/csstype 38ms (cache miss)
283 http fetch GET 200 https://registry.npmjs.org/magic-string 44ms (cache miss)
284 http fetch GET 200 https://registry.npmjs.org/@babel%2fparser 68ms (cache miss)
285 http fetch GET 200 https://registry.npmjs.org/@vue%2fcompiler-ssr 76ms (cache miss)
286 http fetch GET 200 https://registry.npmjs.org/@vue%2freactivity 202ms (cache miss)
287 http fetch GET 200 https://registry.npmjs.org/@vue%2fruntime-core 216ms (cache miss)
288 http fetch GET 200 https://registry.npmjs.org/@vue%2fcompiler-core 259ms (cache miss)
289 timing idealTree:node_modules/vue Completed in 271ms
290 silly placeDep ROOT @vue/compiler-core@3.5.34 OK for: @vue/compiler-dom@3.5.34 want: 3.5.34
291 silly fetch manifest entities@^7.0.1
292 http fetch GET 200 https://registry.npmjs.org/entities 25ms (cache miss)
293 timing idealTree:node_modules/@vue/compiler-dom Completed in 31ms
294 silly placeDep ROOT @babel/parser@7.29.3 OK for: @vue/compiler-core@3.5.34 want: ^7.29.3
295 silly placeDep ROOT entities@7.0.1 OK for: @vue/compiler-core@3.5.34 want: ^7.0.1
296 silly placeDep ROOT estree-walker@2.0.2 OK for: @vue/compiler-core@3.5.34 want: ^2.0.2
297 silly fetch manifest @babel/types@^7.29.0
298 http fetch GET 200 https://registry.npmjs.org/@babel%2ftypes 42ms (cache miss)
299 timing idealTree:node_modules/@vue/compiler-core Completed in 54ms
300 silly placeDep ROOT @babel/types@7.29.0 OK for: @babel/parser@7.29.3 want: ^7.29.0
301 silly fetch manifest @babel/helper-string-parser@^7.27.1
302 silly fetch manifest @babel/helper-validator-identifier@^7.28.5
303 http fetch GET 200 https://registry.npmjs.org/@babel%2fhelper-string-parser 39ms (cache miss)
304 http fetch GET 200 https://registry.npmjs.org/@babel%2fhelper-validator-identifier 42ms (cache miss)
305 timing idealTree:node_modules/@babel/parser Completed in 49ms
306 silly placeDep ROOT @babel/helper-string-parser@7.27.1 OK for: @babel/types@7.29.0 want: ^7.27.1
307 silly placeDep ROOT @babel/helper-validator-identifier@7.28.5 OK for: @babel/types@7.29.0 want: ^7.28.5
308 timing idealTree:node_modules/@babel/types Completed in 4ms
309 timing idealTree:node_modules/@babel/helper-string-parser Completed in 0ms
310 timing idealTree:node_modules/@babel/helper-validator-identifier Completed in 0ms
311 silly placeDep ROOT @vue/compiler-ssr@3.5.34 OK for: @vue/compiler-sfc@3.5.34 want: 3.5.34
312 silly placeDep ROOT magic-string@0.30.21 OK for: @vue/compiler-sfc@3.5.34 want: ^0.30.21
313 silly fetch manifest @jridgewell/sourcemap-codec@^1.5.5
314 http fetch GET 200 https://registry.npmjs.org/@jridgewell%2fsourcemap-codec 32ms (cache miss)
315 timing idealTree:node_modules/@vue/compiler-sfc Completed in 37ms
316 timing idealTree:node_modules/@vue/compiler-ssr Completed in 0ms
317 silly placeDep ROOT @vue/reactivity@3.5.34 OK for: @vue/runtime-dom@3.5.34 want: 3.5.34
318 silly placeDep ROOT @vue/runtime-core@3.5.34 OK for: @vue/runtime-dom@3.5.34 want: 3.5.34
319 silly placeDep ROOT csstype@3.2.3 OK for: @vue/runtime-dom@3.5.34 want: ^3.2.3
320 timing idealTree:node_modules/@vue/runtime-dom Completed in 5ms
321 timing idealTree:node_modules/@vue/reactivity Completed in 0ms
322 timing idealTree:node_modules/@vue/runtime-core Completed in 0ms
323 timing idealTree:node_modules/@vue/server-renderer Completed in 0ms
324 timing idealTree:node_modules/@vue/shared Completed in 0ms
325 timing idealTree:node_modules/csstype Completed in 0ms
326 timing idealTree:node_modules/entities Completed in 0ms
327 timing idealTree:node_modules/estree-walker Completed in 0ms
328 silly placeDep ROOT @jridgewell/sourcemap-codec@1.5.5 OK for: magic-string@0.30.21 want: ^1.5.5
329 timing idealTree:node_modules/magic-string Completed in 2ms
330 timing idealTree:node_modules/@jridgewell/sourcemap-codec Completed in 0ms
331 timing idealTree:buildDeps Completed in 3471ms
332 timing idealTree:fixDepFlags Completed in 2ms
333 warn EBADENGINE Unsupported engine {
333 warn EBADENGINE   package: '@vitejs/plugin-vue@6.0.7',
333 warn EBADENGINE   required: { node: '^20.19.0 || >=22.12.0' },
333 warn EBADENGINE   current: { node: 'v20.18.2', npm: '9.2.0' }
333 warn EBADENGINE }
334 warn EBADENGINE Unsupported engine {
334 warn EBADENGINE   package: 'vite@8.0.13',
334 warn EBADENGINE   required: { node: '^20.19.0 || >=22.12.0' },
334 warn EBADENGINE   current: { node: 'v20.18.2', npm: '9.2.0' }
334 warn EBADENGINE }
335 warn EBADENGINE Unsupported engine {
335 warn EBADENGINE   package: 'rolldown@1.0.1',
335 warn EBADENGINE   required: { node: '^20.19.0 || >=22.12.0' },
335 warn EBADENGINE   current: { node: 'v20.18.2', npm: '9.2.0' }
335 warn EBADENGINE }
336 timing idealTree Completed in 3498ms
337 timing reify:loadTrees Completed in 3500ms
338 timing reify:diffTrees Completed in 3ms
339 silly reify moves {}
340 timing reify:retireShallow Completed in 1ms
341 timing reify:createSparse Completed in 14ms
342 timing reify:loadBundles Completed in 0ms
343 silly audit bulk request {
343 silly audit   '@vitejs/plugin-vue': [ '6.0.7' ],
343 silly audit   vite: [ '8.0.13' ],
343 silly audit   vue: [ '3.5.34' ],
343 silly audit   '@rolldown/pluginutils': [ '1.0.1' ],
343 silly audit   fsevents: [ '2.3.3' ],
343 silly audit   lightningcss: [ '1.32.0' ],
343 silly audit   picomatch: [ '4.0.4' ],
343 silly audit   postcss: [ '8.5.14' ],
343 silly audit   rolldown: [ '1.0.1' ],
343 silly audit   tinyglobby: [ '0.2.16' ],
343 silly audit   'detect-libc': [ '2.1.2' ],
343 silly audit   'lightningcss-android-arm64': [ '1.32.0' ],
343 silly audit   'lightningcss-darwin-arm64': [ '1.32.0' ],
343 silly audit   'lightningcss-darwin-x64': [ '1.32.0' ],
343 silly audit   'lightningcss-freebsd-x64': [ '1.32.0' ],
343 silly audit   'lightningcss-linux-arm-gnueabihf': [ '1.32.0' ],
343 silly audit   'lightningcss-linux-arm64-gnu': [ '1.32.0' ],
343 silly audit   'lightningcss-linux-arm64-musl': [ '1.32.0' ],
343 silly audit   'lightningcss-linux-x64-gnu': [ '1.32.0' ],
343 silly audit   'lightningcss-linux-x64-musl': [ '1.32.0' ],
343 silly audit   'lightningcss-win32-arm64-msvc': [ '1.32.0' ],
343 silly audit   'lightningcss-win32-x64-msvc': [ '1.32.0' ],
343 silly audit   nanoid: [ '3.3.12' ],
343 silly audit   picocolors: [ '1.1.1' ],
343 silly audit   'source-map-js': [ '1.2.1' ],
343 silly audit   '@oxc-project/types': [ '0.130.0' ],
343 silly audit   '@rolldown/binding-android-arm64': [ '1.0.1' ],
343 silly audit   '@rolldown/binding-darwin-arm64': [ '1.0.1' ],
343 silly audit   '@rolldown/binding-darwin-x64': [ '1.0.1' ],
343 silly audit   '@rolldown/binding-freebsd-x64': [ '1.0.1' ],
343 silly audit   '@rolldown/binding-linux-arm-gnueabihf': [ '1.0.1' ],
343 silly audit   '@rolldown/binding-linux-arm64-gnu': [ '1.0.1' ],
343 silly audit   '@rolldown/binding-linux-arm64-musl': [ '1.0.1' ],
343 silly audit   '@rolldown/binding-linux-ppc64-gnu': [ '1.0.1' ],
343 silly audit   '@rolldown/binding-linux-s390x-gnu': [ '1.0.1' ],
343 silly audit   '@rolldown/binding-linux-x64-gnu': [ '1.0.1' ],
343 silly audit   '@rolldown/binding-linux-x64-musl': [ '1.0.1' ],
343 silly audit   '@rolldown/binding-openharmony-arm64': [ '1.0.1' ],
343 silly audit   '@rolldown/binding-wasm32-wasi': [ '1.0.1' ],
343 silly audit   '@rolldown/binding-win32-arm64-msvc': [ '1.0.1' ],
343 silly audit   '@rolldown/binding-win32-x64-msvc': [ '1.0.1' ],
343 silly audit   '@emnapi/core': [ '1.10.0' ],
343 silly audit   '@emnapi/runtime': [ '1.10.0' ],
343 silly audit   '@napi-rs/wasm-runtime': [ '1.1.4' ],
343 silly audit   '@emnapi/wasi-threads': [ '1.2.1' ],
343 silly audit   tslib: [ '2.8.1' ],
343 silly audit   '@tybys/wasm-util': [ '0.10.2' ],
343 silly audit   fdir: [ '6.5.0' ],
343 silly audit   '@vue/compiler-dom': [ '3.5.34' ],
343 silly audit   '@vue/compiler-sfc': [ '3.5.34' ],
343 silly audit   '@vue/runtime-dom': [ '3.5.34' ],
343 silly audit   '@vue/server-renderer': [ '3.5.34' ],
343 silly audit   '@vue/shared': [ '3.5.34' ],
343 silly audit   '@vue/compiler-core': [ '3.5.34' ],
343 silly audit   '@babel/parser': [ '7.29.3' ],
343 silly audit   entities: [ '7.0.1' ],
343 silly audit   'estree-walker': [ '2.0.2' ],
343 silly audit   '@babel/types': [ '7.29.0' ],
343 silly audit   '@babel/helper-string-parser': [ '7.27.1' ],
343 silly audit   '@babel/helper-validator-identifier': [ '7.28.5' ],
343 silly audit   '@vue/compiler-ssr': [ '3.5.34' ],
343 silly audit   'magic-string': [ '0.30.21' ],
343 silly audit   '@vue/reactivity': [ '3.5.34' ],
343 silly audit   '@vue/runtime-core': [ '3.5.34' ],
343 silly audit   csstype: [ '3.2.3' ],
343 silly audit   '@jridgewell/sourcemap-codec': [ '1.5.5' ]
343 silly audit }
344 verbose reify failed optional dependency /root/pemanager/frontend/node_modules/@rolldown/binding-win32-x64-msvc
345 silly reify mark deleted [
345 silly reify   '/root/pemanager/frontend/node_modules/@rolldown/binding-win32-x64-msvc'
345 silly reify ]
346 verbose reify failed optional dependency /root/pemanager/frontend/node_modules/@rolldown/binding-win32-arm64-msvc
347 silly reify mark deleted [
347 silly reify   '/root/pemanager/frontend/node_modules/@rolldown/binding-win32-arm64-msvc'
347 silly reify ]
348 verbose reify failed optional dependency /root/pemanager/frontend/node_modules/@rolldown/binding-wasm32-wasi
349 silly reify mark deleted [
349 silly reify   '/root/pemanager/frontend/node_modules/@rolldown/binding-wasm32-wasi'
349 silly reify ]
350 verbose reify failed optional dependency /root/pemanager/frontend/node_modules/@napi-rs/wasm-runtime
351 silly reify mark deleted [ '/root/pemanager/frontend/node_modules/@napi-rs/wasm-runtime' ]
352 verbose reify failed optional dependency /root/pemanager/frontend/node_modules/@emnapi/core
353 silly reify mark deleted [ '/root/pemanager/frontend/node_modules/@emnapi/core' ]
354 verbose reify failed optional dependency /root/pemanager/frontend/node_modules/@emnapi/runtime
355 silly reify mark deleted [ '/root/pemanager/frontend/node_modules/@emnapi/runtime' ]
356 verbose reify failed optional dependency /root/pemanager/frontend/node_modules/@tybys/wasm-util
357 silly reify mark deleted [ '/root/pemanager/frontend/node_modules/@tybys/wasm-util' ]
358 verbose reify failed optional dependency /root/pemanager/frontend/node_modules/@emnapi/wasi-threads
359 silly reify mark deleted [ '/root/pemanager/frontend/node_modules/@emnapi/wasi-threads' ]
360 verbose reify failed optional dependency /root/pemanager/frontend/node_modules/tslib
361 silly reify mark deleted [ '/root/pemanager/frontend/node_modules/tslib' ]
362 verbose reify failed optional dependency /root/pemanager/frontend/node_modules/@rolldown/binding-openharmony-arm64
363 silly reify mark deleted [
363 silly reify   '/root/pemanager/frontend/node_modules/@rolldown/binding-openharmony-arm64'
363 silly reify ]
364 verbose reify failed optional dependency /root/pemanager/frontend/node_modules/@rolldown/binding-linux-x64-musl
365 silly reify mark deleted [
365 silly reify   '/root/pemanager/frontend/node_modules/@rolldown/binding-linux-x64-musl'
365 silly reify ]
366 verbose reify failed optional dependency /root/pemanager/frontend/node_modules/@rolldown/binding-linux-x64-gnu
367 silly reify mark deleted [
367 silly reify   '/root/pemanager/frontend/node_modules/@rolldown/binding-linux-x64-gnu'
367 silly reify ]
368 verbose reify failed optional dependency /root/pemanager/frontend/node_modules/@rolldown/binding-linux-s390x-gnu
369 silly reify mark deleted [
369 silly reify   '/root/pemanager/frontend/node_modules/@rolldown/binding-linux-s390x-gnu'
369 silly reify ]
370 verbose reify failed optional dependency /root/pemanager/frontend/node_modules/@rolldown/binding-linux-ppc64-gnu
371 silly reify mark deleted [
371 silly reify   '/root/pemanager/frontend/node_modules/@rolldown/binding-linux-ppc64-gnu'
371 silly reify ]
372 verbose reify failed optional dependency /root/pemanager/frontend/node_modules/@rolldown/binding-linux-arm64-musl
373 silly reify mark deleted [
373 silly reify   '/root/pemanager/frontend/node_modules/@rolldown/binding-linux-arm64-musl'
373 silly reify ]
374 verbose reify failed optional dependency /root/pemanager/frontend/node_modules/@rolldown/binding-linux-arm64-gnu
375 silly reify mark deleted [
375 silly reify   '/root/pemanager/frontend/node_modules/@rolldown/binding-linux-arm64-gnu'
375 silly reify ]
376 verbose reify failed optional dependency /root/pemanager/frontend/node_modules/@rolldown/binding-linux-arm-gnueabihf
377 silly reify mark deleted [
377 silly reify   '/root/pemanager/frontend/node_modules/@rolldown/binding-linux-arm-gnueabihf'
377 silly reify ]
378 verbose reify failed optional dependency /root/pemanager/frontend/node_modules/@rolldown/binding-freebsd-x64
379 silly reify mark deleted [
379 silly reify   '/root/pemanager/frontend/node_modules/@rolldown/binding-freebsd-x64'
379 silly reify ]
380 verbose reify failed optional dependency /root/pemanager/frontend/node_modules/@rolldown/binding-darwin-x64
381 silly reify mark deleted [
381 silly reify   '/root/pemanager/frontend/node_modules/@rolldown/binding-darwin-x64'
381 silly reify ]
382 verbose reify failed optional dependency /root/pemanager/frontend/node_modules/@rolldown/binding-darwin-arm64
383 silly reify mark deleted [
383 silly reify   '/root/pemanager/frontend/node_modules/@rolldown/binding-darwin-arm64'
383 silly reify ]
384 verbose reify failed optional dependency /root/pemanager/frontend/node_modules/@rolldown/binding-android-arm64
385 silly reify mark deleted [
385 silly reify   '/root/pemanager/frontend/node_modules/@rolldown/binding-android-arm64'
385 silly reify ]
386 verbose reify failed optional dependency /root/pemanager/frontend/node_modules/lightningcss-win32-x64-msvc
387 silly reify mark deleted [ '/root/pemanager/frontend/node_modules/lightningcss-win32-x64-msvc' ]
388 verbose reify failed optional dependency /root/pemanager/frontend/node_modules/lightningcss-win32-arm64-msvc
389 silly reify mark deleted [
389 silly reify   '/root/pemanager/frontend/node_modules/lightningcss-win32-arm64-msvc'
389 silly reify ]
390 verbose reify failed optional dependency /root/pemanager/frontend/node_modules/lightningcss-linux-arm64-musl
391 silly reify mark deleted [
391 silly reify   '/root/pemanager/frontend/node_modules/lightningcss-linux-arm64-musl'
391 silly reify ]
392 verbose reify failed optional dependency /root/pemanager/frontend/node_modules/lightningcss-linux-arm64-gnu
393 silly reify mark deleted [
393 silly reify   '/root/pemanager/frontend/node_modules/lightningcss-linux-arm64-gnu'
393 silly reify ]
394 verbose reify failed optional dependency /root/pemanager/frontend/node_modules/lightningcss-linux-arm-gnueabihf
395 silly reify mark deleted [
395 silly reify   '/root/pemanager/frontend/node_modules/lightningcss-linux-arm-gnueabihf'
395 silly reify ]
396 verbose reify failed optional dependency /root/pemanager/frontend/node_modules/lightningcss-freebsd-x64
397 silly reify mark deleted [ '/root/pemanager/frontend/node_modules/lightningcss-freebsd-x64' ]
398 verbose reify failed optional dependency /root/pemanager/frontend/node_modules/lightningcss-darwin-x64
399 silly reify mark deleted [ '/root/pemanager/frontend/node_modules/lightningcss-darwin-x64' ]
400 verbose reify failed optional dependency /root/pemanager/frontend/node_modules/lightningcss-darwin-arm64
401 silly reify mark deleted [ '/root/pemanager/frontend/node_modules/lightningcss-darwin-arm64' ]
402 verbose reify failed optional dependency /root/pemanager/frontend/node_modules/lightningcss-android-arm64
403 silly reify mark deleted [ '/root/pemanager/frontend/node_modules/lightningcss-android-arm64' ]
404 verbose reify failed optional dependency /root/pemanager/frontend/node_modules/fsevents
405 silly reify mark deleted [ '/root/pemanager/frontend/node_modules/fsevents' ]
406 timing reifyNode:node_modules/@rolldown/binding-win32-x64-msvc Completed in 25ms
407 timing reifyNode:node_modules/@rolldown/binding-win32-arm64-msvc Completed in 25ms
408 timing reifyNode:node_modules/@rolldown/binding-wasm32-wasi Completed in 25ms
409 timing reifyNode:node_modules/@rolldown/binding-openharmony-arm64 Completed in 25ms
410 timing reifyNode:node_modules/@rolldown/binding-linux-x64-musl Completed in 25ms
411 timing reifyNode:node_modules/@rolldown/binding-linux-x64-gnu Completed in 25ms
412 timing reifyNode:node_modules/@rolldown/binding-linux-s390x-gnu Completed in 25ms
413 timing reifyNode:node_modules/@rolldown/binding-linux-ppc64-gnu Completed in 26ms
414 timing reifyNode:node_modules/@rolldown/binding-linux-arm64-musl Completed in 26ms
415 timing reifyNode:node_modules/@rolldown/binding-linux-arm64-gnu Completed in 26ms
416 timing reifyNode:node_modules/@rolldown/binding-linux-arm-gnueabihf Completed in 26ms
417 timing reifyNode:node_modules/@rolldown/binding-freebsd-x64 Completed in 26ms
418 timing reifyNode:node_modules/@rolldown/binding-darwin-x64 Completed in 26ms
419 timing reifyNode:node_modules/@rolldown/binding-darwin-arm64 Completed in 26ms
420 timing reifyNode:node_modules/@rolldown/binding-android-arm64 Completed in 26ms
421 timing reifyNode:node_modules/lightningcss-win32-x64-msvc Completed in 26ms
422 timing reifyNode:node_modules/lightningcss-win32-arm64-msvc Completed in 26ms
423 timing reifyNode:node_modules/lightningcss-linux-arm64-musl Completed in 26ms
424 timing reifyNode:node_modules/lightningcss-linux-arm64-gnu Completed in 26ms
425 timing reifyNode:node_modules/lightningcss-linux-arm-gnueabihf Completed in 26ms
426 timing reifyNode:node_modules/lightningcss-freebsd-x64 Completed in 26ms
427 timing reifyNode:node_modules/lightningcss-darwin-x64 Completed in 26ms
428 timing reifyNode:node_modules/lightningcss-darwin-arm64 Completed in 26ms
429 timing reifyNode:node_modules/lightningcss-android-arm64 Completed in 26ms
430 timing reifyNode:node_modules/fsevents Completed in 25ms
431 silly tarball no local data for @jridgewell/sourcemap-codec@https://registry.npmjs.org/@jridgewell/sourcemap-codec/-/sourcemap-codec-1.5.5.tgz. Extracting by manifest.
432 silly tarball no local data for csstype@https://registry.npmjs.org/csstype/-/csstype-3.2.3.tgz. Extracting by manifest.
433 silly tarball no local data for @vue/reactivity@https://registry.npmjs.org/@vue/reactivity/-/reactivity-3.5.34.tgz. Extracting by manifest.
434 silly tarball no local data for magic-string@https://registry.npmjs.org/magic-string/-/magic-string-0.30.21.tgz. Extracting by manifest.
435 silly tarball no local data for @vue/runtime-core@https://registry.npmjs.org/@vue/runtime-core/-/runtime-core-3.5.34.tgz. Extracting by manifest.
436 silly tarball no local data for @vue/compiler-ssr@https://registry.npmjs.org/@vue/compiler-ssr/-/compiler-ssr-3.5.34.tgz. Extracting by manifest.
437 silly tarball no local data for @babel/helper-validator-identifier@https://registry.npmjs.org/@babel/helper-validator-identifier/-/helper-validator-identifier-7.28.5.tgz. Extracting by manifest.
438 silly tarball no local data for @babel/helper-string-parser@https://registry.npmjs.org/@babel/helper-string-parser/-/helper-string-parser-7.27.1.tgz. Extracting by manifest.
439 silly tarball no local data for @babel/types@https://registry.npmjs.org/@babel/types/-/types-7.29.0.tgz. Extracting by manifest.
440 silly tarball no local data for estree-walker@https://registry.npmjs.org/estree-walker/-/estree-walker-2.0.2.tgz. Extracting by manifest.
441 silly tarball no local data for entities@https://registry.npmjs.org/entities/-/entities-7.0.1.tgz. Extracting by manifest.
442 silly tarball no local data for @vue/compiler-core@https://registry.npmjs.org/@vue/compiler-core/-/compiler-core-3.5.34.tgz. Extracting by manifest.
443 silly tarball no local data for @babel/parser@https://registry.npmjs.org/@babel/parser/-/parser-7.29.3.tgz. Extracting by manifest.
444 silly tarball no local data for @vue/shared@https://registry.npmjs.org/@vue/shared/-/shared-3.5.34.tgz. Extracting by manifest.
445 silly tarball no local data for @vue/runtime-dom@https://registry.npmjs.org/@vue/runtime-dom/-/runtime-dom-3.5.34.tgz. Extracting by manifest.
446 silly tarball no local data for @vue/server-renderer@https://registry.npmjs.org/@vue/server-renderer/-/server-renderer-3.5.34.tgz. Extracting by manifest.
447 silly tarball no local data for @vue/compiler-sfc@https://registry.npmjs.org/@vue/compiler-sfc/-/compiler-sfc-3.5.34.tgz. Extracting by manifest.
448 silly tarball no local data for @vue/compiler-dom@https://registry.npmjs.org/@vue/compiler-dom/-/compiler-dom-3.5.34.tgz. Extracting by manifest.
449 silly tarball no local data for fdir@https://registry.npmjs.org/fdir/-/fdir-6.5.0.tgz. Extracting by manifest.
450 silly tarball no local data for @tybys/wasm-util@https://registry.npmjs.org/@tybys/wasm-util/-/wasm-util-0.10.2.tgz. Extracting by manifest.
451 silly tarball no local data for tslib@https://registry.npmjs.org/tslib/-/tslib-2.8.1.tgz. Extracting by manifest.
452 silly tarball no local data for @emnapi/wasi-threads@https://registry.npmjs.org/@emnapi/wasi-threads/-/wasi-threads-1.2.1.tgz. Extracting by manifest.
453 silly tarball no local data for @napi-rs/wasm-runtime@https://registry.npmjs.org/@napi-rs/wasm-runtime/-/wasm-runtime-1.1.4.tgz. Extracting by manifest.
454 silly tarball no local data for @emnapi/runtime@https://registry.npmjs.org/@emnapi/runtime/-/runtime-1.10.0.tgz. Extracting by manifest.
455 silly tarball no local data for @emnapi/core@https://registry.npmjs.org/@emnapi/core/-/core-1.10.0.tgz. Extracting by manifest.
456 silly tarball no local data for @oxc-project/types@https://registry.npmjs.org/@oxc-project/types/-/types-0.130.0.tgz. Extracting by manifest.
457 silly tarball no local data for nanoid@https://registry.npmjs.org/nanoid/-/nanoid-3.3.12.tgz. Extracting by manifest.
458 silly tarball no local data for source-map-js@https://registry.npmjs.org/source-map-js/-/source-map-js-1.2.1.tgz. Extracting by manifest.
459 silly tarball no local data for lightningcss-linux-x64-musl@https://registry.npmjs.org/lightningcss-linux-x64-musl/-/lightningcss-linux-x64-musl-1.32.0.tgz. Extracting by manifest.
460 silly tarball no local data for lightningcss-linux-x64-gnu@https://registry.npmjs.org/lightningcss-linux-x64-gnu/-/lightningcss-linux-x64-gnu-1.32.0.tgz. Extracting by manifest.
461 silly tarball no local data for detect-libc@https://registry.npmjs.org/detect-libc/-/detect-libc-2.1.2.tgz. Extracting by manifest.
462 silly tarball no local data for rolldown@https://registry.npmjs.org/rolldown/-/rolldown-1.0.1.tgz. Extracting by manifest.
463 silly tarball no local data for tinyglobby@https://registry.npmjs.org/tinyglobby/-/tinyglobby-0.2.16.tgz. Extracting by manifest.
464 silly tarball no local data for postcss@https://registry.npmjs.org/postcss/-/postcss-8.5.14.tgz. Extracting by manifest.
465 silly tarball no local data for picomatch@https://registry.npmjs.org/picomatch/-/picomatch-4.0.4.tgz. Extracting by manifest.
466 silly tarball no local data for lightningcss@https://registry.npmjs.org/lightningcss/-/lightningcss-1.32.0.tgz. Extracting by manifest.
467 silly tarball no local data for @rolldown/pluginutils@https://registry.npmjs.org/@rolldown/pluginutils/-/pluginutils-1.0.1.tgz. Extracting by manifest.
468 silly tarball no local data for vue@https://registry.npmjs.org/vue/-/vue-3.5.34.tgz. Extracting by manifest.
469 silly tarball no local data for picocolors@https://registry.npmjs.org/picocolors/-/picocolors-1.1.1.tgz. Extracting by manifest.
470 silly tarball no local data for vite@https://registry.npmjs.org/vite/-/vite-8.0.13.tgz. Extracting by manifest.
471 silly tarball no local data for @vitejs/plugin-vue@https://registry.npmjs.org/@vitejs/plugin-vue/-/plugin-vue-6.0.7.tgz. Extracting by manifest.
472 http fetch POST 200 https://registry.npmjs.org/-/npm/v1/security/advisories/bulk 272ms
473 timing auditReport:getReport Completed in 275ms
474 silly audit report {}
475 timing auditReport:init Completed in 0ms
476 timing reify:audit Completed in 275ms
477 http fetch GET 200 https://registry.npmjs.org/@vue/compiler-ssr/-/compiler-ssr-3.5.34.tgz 428ms (cache miss)
478 timing reifyNode:node_modules/@vue/compiler-ssr Completed in 486ms
479 http fetch GET 200 https://registry.npmjs.org/@babel/helper-string-parser/-/helper-string-parser-7.27.1.tgz 446ms (cache miss)
480 timing reifyNode:node_modules/@babel/helper-string-parser Completed in 506ms
481 http fetch GET 200 https://registry.npmjs.org/detect-libc/-/detect-libc-2.1.2.tgz 415ms (cache miss)
482 http fetch GET 200 https://registry.npmjs.org/@babel/helper-validator-identifier/-/helper-validator-identifier-7.28.5.tgz 455ms (cache miss)
483 http fetch GET 200 https://registry.npmjs.org/@vitejs/plugin-vue/-/plugin-vue-6.0.7.tgz 411ms (cache miss)
484 http fetch GET 200 https://registry.npmjs.org/@vue/shared/-/shared-3.5.34.tgz 454ms (cache miss)
485 timing reifyNode:node_modules/detect-libc Completed in 522ms
486 http fetch GET 200 https://registry.npmjs.org/tinyglobby/-/tinyglobby-0.2.16.tgz 426ms (cache miss)
487 timing reifyNode:node_modules/tinyglobby Completed in 522ms
488 http fetch GET 200 https://registry.npmjs.org/picocolors/-/picocolors-1.1.1.tgz 421ms (cache miss)
489 timing reifyNode:node_modules/picocolors Completed in 525ms
490 timing reifyNode:node_modules/@babel/helper-validator-identifier Completed in 528ms
491 timing reifyNode:node_modules/@vitejs/plugin-vue Completed in 530ms
492 timing reifyNode:node_modules/@vue/shared Completed in 535ms
493 http fetch GET 200 https://registry.npmjs.org/@rolldown/pluginutils/-/pluginutils-1.0.1.tgz 435ms (cache miss)
494 timing reifyNode:node_modules/@rolldown/pluginutils Completed in 541ms
495 http fetch GET 200 https://registry.npmjs.org/@oxc-project/types/-/types-0.130.0.tgz 457ms (cache miss)
496 timing reifyNode:node_modules/@oxc-project/types Completed in 543ms
497 http fetch GET 200 https://registry.npmjs.org/fdir/-/fdir-6.5.0.tgz 480ms (cache miss)
498 http fetch GET 200 https://registry.npmjs.org/picomatch/-/picomatch-4.0.4.tgz 458ms (cache miss)
499 timing reifyNode:node_modules/fdir Completed in 570ms
500 timing reifyNode:node_modules/picomatch Completed in 569ms
501 http fetch GET 200 https://registry.npmjs.org/tslib/-/tslib-2.8.1.tgz 513ms (cache miss)
502 timing reifyNode:node_modules/tslib Completed in 590ms
503 http fetch GET 200 https://registry.npmjs.org/@emnapi/wasi-threads/-/wasi-threads-1.2.1.tgz 553ms (cache miss)
504 http fetch GET 200 https://registry.npmjs.org/source-map-js/-/source-map-js-1.2.1.tgz 542ms (cache miss)
505 timing reifyNode:node_modules/source-map-js Completed in 631ms
506 http fetch GET 200 https://registry.npmjs.org/nanoid/-/nanoid-3.3.12.tgz 547ms (cache miss)
507 timing reifyNode:node_modules/@emnapi/wasi-threads Completed in 640ms
508 http fetch GET 200 https://registry.npmjs.org/magic-string/-/magic-string-0.30.21.tgz 593ms (cache miss)
509 http fetch GET 200 https://registry.npmjs.org/@jridgewell/sourcemap-codec/-/sourcemap-codec-1.5.5.tgz 598ms (cache miss)
510 http fetch GET 200 https://registry.npmjs.org/estree-walker/-/estree-walker-2.0.2.tgz 586ms (cache miss)
511 timing reifyNode:node_modules/estree-walker Completed in 649ms
512 timing reifyNode:node_modules/nanoid Completed in 649ms
513 timing reifyNode:node_modules/magic-string Completed in 658ms
514 timing reifyNode:node_modules/@jridgewell/sourcemap-codec Completed in 659ms
515 http fetch GET 200 https://registry.npmjs.org/@vue/reactivity/-/reactivity-3.5.34.tgz 619ms (cache miss)
516 timing reifyNode:node_modules/@vue/reactivity Completed in 672ms
517 http fetch GET 200 https://registry.npmjs.org/@vue/server-renderer/-/server-renderer-3.5.34.tgz 612ms (cache miss)
518 timing reifyNode:node_modules/@vue/server-renderer Completed in 687ms
519 http fetch GET 200 https://registry.npmjs.org/@vue/compiler-core/-/compiler-core-3.5.34.tgz 624ms (cache miss)
520 http fetch GET 200 https://registry.npmjs.org/lightningcss/-/lightningcss-1.32.0.tgz 592ms (cache miss)
521 timing reifyNode:node_modules/@vue/compiler-core Completed in 700ms
522 http fetch GET 200 https://registry.npmjs.org/@emnapi/runtime/-/runtime-1.10.0.tgz 621ms (cache miss)
523 timing reifyNode:node_modules/lightningcss Completed in 701ms
524 timing reifyNode:node_modules/@emnapi/runtime Completed in 711ms
525 http fetch GET 200 https://registry.npmjs.org/@vue/compiler-dom/-/compiler-dom-3.5.34.tgz 655ms (cache miss)
526 timing reifyNode:node_modules/@vue/compiler-dom Completed in 732ms
527 http fetch GET 200 https://registry.npmjs.org/@vue/runtime-core/-/runtime-core-3.5.34.tgz 704ms (cache miss)
528 timing reifyNode:node_modules/@vue/runtime-core Completed in 763ms
529 http fetch GET 200 https://registry.npmjs.org/csstype/-/csstype-3.2.3.tgz 736ms (cache miss)
530 timing reifyNode:node_modules/csstype Completed in 793ms
531 http fetch GET 200 https://registry.npmjs.org/postcss/-/postcss-8.5.14.tgz 703ms (cache miss)
532 timing reifyNode:node_modules/postcss Completed in 806ms
533 http fetch GET 200 https://registry.npmjs.org/@vue/runtime-dom/-/runtime-dom-3.5.34.tgz 761ms (cache miss)
534 timing reifyNode:node_modules/@vue/runtime-dom Completed in 838ms
535 http fetch GET 200 https://registry.npmjs.org/rolldown/-/rolldown-1.0.1.tgz 776ms (cache miss)
536 timing reifyNode:node_modules/rolldown Completed in 878ms
537 http fetch GET 200 https://registry.npmjs.org/@tybys/wasm-util/-/wasm-util-0.10.2.tgz 821ms (cache miss)
538 timing reifyNode:node_modules/@tybys/wasm-util Completed in 899ms
539 http fetch GET 200 https://registry.npmjs.org/@emnapi/core/-/core-1.10.0.tgz 853ms (cache miss)
540 http fetch GET 200 https://registry.npmjs.org/@babel/parser/-/parser-7.29.3.tgz 874ms (cache miss)
541 timing reifyNode:node_modules/@babel/parser Completed in 942ms
542 timing reifyNode:node_modules/@emnapi/core Completed in 943ms
543 http fetch GET 200 https://registry.npmjs.org/entities/-/entities-7.0.1.tgz 906ms (cache miss)
544 timing reifyNode:node_modules/entities Completed in 975ms
545 http fetch GET 200 https://registry.npmjs.org/@vue/compiler-sfc/-/compiler-sfc-3.5.34.tgz 915ms (cache miss)
546 timing reifyNode:node_modules/@vue/compiler-sfc Completed in 989ms
547 http fetch GET 200 https://registry.npmjs.org/vite/-/vite-8.0.13.tgz 913ms (cache miss)
548 timing reifyNode:node_modules/vite Completed in 1020ms
549 http fetch GET 200 https://registry.npmjs.org/vue/-/vue-3.5.34.tgz 922ms (cache miss)
550 timing reifyNode:node_modules/vue Completed in 1026ms
551 http fetch GET 200 https://registry.npmjs.org/@napi-rs/wasm-runtime/-/wasm-runtime-1.1.4.tgz 1071ms (cache miss)
552 timing reifyNode:node_modules/@napi-rs/wasm-runtime Completed in 1152ms
553 http fetch GET 200 https://registry.npmjs.org/@babel/types/-/types-7.29.0.tgz 1104ms (cache miss)
554 timing reifyNode:node_modules/@babel/types Completed in 1167ms
555 http fetch GET 200 https://registry.npmjs.org/lightningcss-linux-x64-gnu/-/lightningcss-linux-x64-gnu-1.32.0.tgz 1225ms (cache miss)
556 timing reifyNode:node_modules/lightningcss-linux-x64-gnu Completed in 1318ms
557 http fetch GET 200 https://registry.npmjs.org/lightningcss-linux-x64-musl/-/lightningcss-linux-x64-musl-1.32.0.tgz 1229ms (cache miss)
558 timing reifyNode:node_modules/lightningcss-linux-x64-musl Completed in 1319ms
559 timing reify:unpack Completed in 1322ms
560 timing reify:unretire Completed in 1ms
561 timing build:queue Completed in 8ms
562 timing build:link:node_modules/@babel/parser Completed in 5ms
563 timing build:link:node_modules/nanoid Completed in 4ms
564 timing build:link:node_modules/rolldown Completed in 4ms
565 timing build:link:node_modules/vite Completed in 4ms
566 timing build:link Completed in 6ms
567 timing build:deps Completed in 15ms
568 timing build Completed in 15ms
569 timing reify:build Completed in 16ms
570 timing reify:trash Completed in 18ms
571 timing reify:save Completed in 40ms
572 timing reify Completed in 4942ms
573 silly ADD node_modules/@jridgewell/sourcemap-codec
574 silly ADD node_modules/csstype
575 silly ADD node_modules/@vue/runtime-core
576 silly ADD node_modules/@vue/reactivity
577 silly ADD node_modules/magic-string
578 silly ADD node_modules/@vue/compiler-ssr
579 silly ADD node_modules/@babel/helper-validator-identifier
580 silly ADD node_modules/@babel/helper-string-parser
581 silly ADD node_modules/@babel/types
582 silly ADD node_modules/estree-walker
583 silly ADD node_modules/entities
584 silly ADD node_modules/@babel/parser
585 silly ADD node_modules/@vue/compiler-core
586 silly ADD node_modules/@vue/shared
587 silly ADD node_modules/@vue/server-renderer
588 silly ADD node_modules/@vue/runtime-dom
589 silly ADD node_modules/@vue/compiler-sfc
590 silly ADD node_modules/@vue/compiler-dom
591 silly ADD node_modules/fdir
592 silly ADD
593 silly ADD
594 silly ADD
595 silly ADD
596 silly ADD
597 silly ADD
598 silly ADD
599 silly ADD
600 silly ADD
601 silly ADD
602 silly ADD
603 silly ADD
604 silly ADD
605 silly ADD
606 silly ADD
607 silly ADD
608 silly ADD
609 silly ADD
610 silly ADD
611 silly ADD
612 silly ADD
613 silly ADD node_modules/@oxc-project/types
614 silly ADD node_modules/source-map-js
615 silly ADD node_modules/picocolors
616 silly ADD node_modules/nanoid
617 silly ADD
618 silly ADD
619 silly ADD node_modules/lightningcss-linux-x64-musl
620 silly ADD node_modules/lightningcss-linux-x64-gnu
621 silly ADD
622 silly ADD
623 silly ADD
624 silly ADD
625 silly ADD
626 silly ADD
627 silly ADD
628 silly ADD node_modules/detect-libc
629 silly ADD node_modules/tinyglobby
630 silly ADD node_modules/rolldown
631 silly ADD node_modules/postcss
632 silly ADD node_modules/picomatch
633 silly ADD node_modules/lightningcss
634 silly ADD
635 silly ADD node_modules/@rolldown/pluginutils
636 silly ADD node_modules/vue
637 silly ADD node_modules/vite
638 silly ADD node_modules/@vitejs/plugin-vue
639 timing command:install Completed in 4961ms
640 verbose exit 0
641 timing npm Completed in 5011ms
642 info ok
